Log file open, 10/25/17 11:52:43
LogWindows: Failed to load 'aqProf.dll' (GetLastError=126)
LogWindows: File 'aqProf.dll' does not exist
LogWindows: Failed to load 'VSPerf140.dll' (GetLastError=126)
LogWindows: File 'VSPerf140.dll' does not exist
LogWindows: Failed to load 'VtuneApi.dll' (GetLastError=126)
LogWindows: File 'VtuneApi.dll' does not exist
LogWindows: Failed to load 'VtuneApi32e.dll' (GetLastError=126)
LogWindows: File 'VtuneApi32e.dll' does not exist
LogInit: Display: Running engine for game: InjectEm
LogPlatformFile: Not using cached read wrapper
LogInit: Display: RandInit(-86318631) SRandInit(-86318631).
LogTaskGraph: Started task graph with 5 named threads and 14 total threads with 3 sets of task threads.
LogStats: Stats thread started at 0.174306
LogD3D11RHI: Aftermath initialized
LogPluginManager: Mounting plugin Paper2D
LogPluginManager: Mounting plugin LightPropagationVolume
LogPluginManager: Mounting plugin CodeLiteSourceCodeAccess
LogPluginManager: Mounting plugin GitSourceControl
LogPluginManager: Mounting plugin KDevelopSourceCodeAccess
LogPluginManager: Mounting plugin NullSourceCodeAccess
LogPluginManager: Mounting plugin PerforceSourceControl
LogPluginManager: Mounting plugin SubversionSourceControl
LogPluginManager: Mounting plugin UObjectPlugin
LogPluginManager: Mounting plugin VisualStudioSourceCodeAccess
LogPluginManager: Mounting plugin XCodeSourceCodeAccess
LogPluginManager: Mounting plugin AssetManagerEditor
LogPluginManager: Mounting plugin AudioCapture
LogPluginManager: Mounting plugin FacialAnimation
LogPluginManager: Mounting plugin GameplayTagsEditor
LogPluginManager: Mounting plugin MobileLauncherProfileWizard
LogPluginManager: Mounting plugin PluginBrowser
LogPluginManager: Mounting plugin SpeedTreeImporter
LogPluginManager: Mounting plugin AlembicImporter
LogPluginManager: Mounting plugin CharacterAI
LogPluginManager: Mounting plugin HTML5Networking
LogPluginManager: Mounting plugin AndroidMedia
LogPluginManager: Mounting plugin AvfMedia
LogPluginManager: Mounting plugin MediaPlayerEditor
LogPluginManager: Mounting plugin WmfMedia
LogPluginManager: Mounting plugin TcpMessaging
LogPluginManager: Mounting plugin UdpMessaging
LogPluginManager: Mounting plugin LevelSequenceEditor
LogPluginManager: Mounting plugin MatineeToLevelSequence
LogPluginManager: Mounting plugin OnlineSubsystemGooglePlay
LogPluginManager: Mounting plugin OnlineSubsystemIOS
LogPluginManager: Mounting plugin OnlineSubsystem
LogPluginManager: Mounting plugin OnlineSubsystemNull
LogPluginManager: Mounting plugin OnlineSubsystemUtils
LogPluginManager: Mounting plugin AndroidDeviceProfileSelector
LogPluginManager: Mounting plugin AndroidMoviePlayer
LogPluginManager: Mounting plugin AndroidPermission
LogPluginManager: Mounting plugin AppleMoviePlayer
LogPluginManager: Mounting plugin ArchVisCharacter
LogPluginManager: Mounting plugin CableComponent
LogPluginManager: Mounting plugin CustomMeshComponent
LogPluginManager: Mounting plugin ExampleDeviceProfileSelector
LogPluginManager: Mounting plugin GoogleCloudMessaging
LogPluginManager: Mounting plugin ImmediatePhysics
LogPluginManager: Mounting plugin IOSDeviceProfileSelector
LogPluginManager: Mounting plugin LinuxDeviceProfileSelector
LogPluginManager: Mounting plugin LocationServicesBPLibrary
LogPluginManager: Mounting plugin MobilePatchingUtils
LogPluginManager: Mounting plugin OculusVR
LogPluginManager: Mounting plugin PhysXVehicles
LogPluginManager: Mounting plugin ProceduralMeshComponent
LogPluginManager: Mounting plugin RuntimePhysXCooking
LogPluginManager: Mounting plugin SteamVR
LogPluginManager: Mounting plugin WindowsMoviePlayer
LogInit: Using libcurl 7.47.1
LogInit:  - built for x86_64-pc-win32
LogInit:  - supports SSL with OpenSSL/1.0.2g
LogInit:  - supports HTTP deflate (compression) using libz 1.2.8
LogInit:  - other features:
LogInit:      CURL_VERSION_SSL
LogInit:      CURL_VERSION_LIBZ
LogInit:      CURL_VERSION_IPV6
LogInit:      CURL_VERSION_ASYNCHDNS
LogInit:      CURL_VERSION_LARGEFILE
LogInit:      CURL_VERSION_IDN
LogInit:  CurlRequestOptions (configurable via config and command line):
LogInit:  - bVerifyPeer = false  - Libcurl will NOT verify peer certificate
LogInit:  - bUseHttpProxy = false  - Libcurl will NOT use HTTP proxy
LogInit:  - bDontReuseConnections = false  - Libcurl will reuse connections
LogInit:  - CertBundlePath = nullptr  - Libcurl will use whatever was configured at build time.
LogInit: Build: ++UE4+Release-4.17-CL-3658906
LogInit: Engine Version: 4.17.2-3658906+++UE4+Release-4.17
LogInit: Compatible Engine Version: 4.17.0-3573198+++UE4+Release-4.17
LogInit: Net CL: 3573198
LogDevObjectVersion: Number of dev versions registered: 16
LogDevObjectVersion:   Dev-Blueprints (B0D832E4-1F89-4F0D-ACCF-7EB736FD4AA2): 10
LogDevObjectVersion:   Dev-Build (E1C64328-A22C-4D53-A36C-8E866417BD8C): 0
LogDevObjectVersion:   Dev-Core (375EC13C-06E4-48FB-B500-84F0262A717E): 2
LogDevObjectVersion:   Dev-Editor (E4B068ED-F494-42E9-A231-DA0B2E46BB41): 20
LogDevObjectVersion:   Dev-Framework (CFFC743F-43B0-4480-9391-14DF171D2073): 28
LogDevObjectVersion:   Dev-Mobile (B02B49B5-BB20-44E9-A304-32B752E40360): 0
LogDevObjectVersion:   Dev-Networking (A4E4105C-59A1-49B5-A7C5-40C4547EDFEE): 0
LogDevObjectVersion:   Dev-Online (39C831C9-5AE6-47DC-9A44-9C173E1C8E7C): 0
LogDevObjectVersion:   Dev-Physics (78F01B33-EBEA-4F98-B9B4-84EACCB95AA2): 0
LogDevObjectVersion:   Dev-Platform (6631380F-2D4D-43E0-8009-CF276956A95A): 0
LogDevObjectVersion:   Dev-Rendering (12F88B9F-8875-4AFC-A67C-D90C383ABD29): 19
LogDevObjectVersion:   Dev-Sequencer (7B5AE74C-D270-4C10-A958-57980B212A5A): 4
LogDevObjectVersion:   Dev-VR (D7296918-1DD6-4BDD-9DE2-64A83CC13884): 0
LogDevObjectVersion:   Dev-LoadTimes (C2A15278-BFE7-4AFE-6C17-90FF531DF755): 1
LogDevObjectVersion:   Private-Geometry (6EACA3D4-40EC-4CC1-B786-8BED09428FC5): 1
LogDevObjectVersion:   Dev-AnimPhys (29E575DD-E0A3-4627-9D10-D276232CDCEA): 7
LogInit: Compiled (64-bit): Sep 22 2017 13:47:16
LogInit: Compiled with Visual C++: 19.00.24215.01
LogInit: Build Configuration: Development
LogInit: Branch Name: ++UE4+Release-4.17
LogInit: Command line:  
LogInit: Base directory: E:/Software/UE_4.17/Engine/Binaries/Win64/
LogInit: Installed Engine Build: 1
LogInit: Presizing for max 8388607 objects, including 0 objects not considered by GC, pre-allocating 0 bytes for permanent pool.
LogInit: Object subsystem initialized
[2017.10.25-00.52.43:984][  0]LogInit: Selected Device Profile: [Windows]
[2017.10.25-00.52.43:984][  0]LogInit: Applying CVar settings loaded from the selected device profile: [Windows]
[2017.10.25-00.52.43:997][  0]LogInit: Computer: RICARDOPC
[2017.10.25-00.52.43:997][  0]LogInit: User: RicardoB
[2017.10.25-00.52.43:997][  0]LogInit: CPU Page size=4096, Cores=4
[2017.10.25-00.52.43:997][  0]LogInit: High frequency timer resolution =3.410235 MHz
[2017.10.25-00.52.43:998][  0]LogMemory: Memory total: Physical=15.9GB (16GB approx)
[2017.10.25-00.52.43:998][  0]LogMemory: Platform Memory Stats for Windows
[2017.10.25-00.52.43:998][  0]LogMemory: Process Physical Memory: 276.57 MB used, 276.57 MB peak
[2017.10.25-00.52.43:998][  0]LogMemory: Process Virtual Memory: 282.10 MB used, 282.10 MB peak
[2017.10.25-00.52.43:998][  0]LogMemory: Physical Memory: 8132.03 MB used,  8190.11 MB free, 16322.13 MB total
[2017.10.25-00.52.43:998][  0]LogMemory: Virtual Memory: 655.77 MB used,  8190.11 MB free, 134217728.00 MB total
[2017.10.25-00.52.44:132][  0]LogInit: Using OS detected language (en-GB).
[2017.10.25-00.52.44:132][  0]LogInit: Using OS detected locale (en-AU).
[2017.10.25-00.52.44:136][  0]LogTextLocalizationManager: No specific localization for 'en-GB' exists, so the 'en' localization will be used.
[2017.10.25-00.52.44:858][  0]LogD3D11RHI: D3D11 adapters:
[2017.10.25-00.52.44:881][  0]LogD3D11RHI:    0. 'NVIDIA GeForce GTX 1060 3GB' (Feature Level 11_0)
[2017.10.25-00.52.44:881][  0]LogD3D11RHI:       2939/0/8161 MB DedicatedVideo/DedicatedSystem/SharedSystem, Outputs:2, VendorId:0x10de
[2017.10.25-00.52.44:883][  0]LogD3D11RHI:    1. 'Microsoft Basic Render Driver' (Feature Level 11_0)
[2017.10.25-00.52.44:883][  0]LogD3D11RHI:       0/0/256 MB DedicatedVideo/DedicatedSystem/SharedSystem, Outputs:0, VendorId:0x1414
[2017.10.25-00.52.44:883][  0]LogD3D11RHI: Chosen D3D11 Adapter: 0
[2017.10.25-00.52.44:887][  0]LogD3D11RHI: Creating new Direct3DDevice
[2017.10.25-00.52.44:887][  0]LogD3D11RHI:     GPU DeviceId: 0x1c02 (for the marketing name, search the web for "GPU Device Id")
[2017.10.25-00.52.44:887][  0]LogWindows: EnumDisplayDevices:
[2017.10.25-00.52.44:887][  0]LogWindows:    0. 'NVIDIA GeForce GTX 1060 3GB' (P:1 D:1)
[2017.10.25-00.52.44:887][  0]LogWindows:    1. 'NVIDIA GeForce GTX 1060 3GB' (P:0 D:1)
[2017.10.25-00.52.44:888][  0]LogWindows:    2. 'NVIDIA GeForce GTX 1060 3GB' (P:0 D:0)
[2017.10.25-00.52.44:888][  0]LogWindows:    3. 'NVIDIA GeForce GTX 1060 3GB' (P:0 D:0)
[2017.10.25-00.52.44:888][  0]LogWindows: DebugString: FoundDriverCount:4 
[2017.10.25-00.52.44:888][  0]LogD3D11RHI:     Adapter Name: NVIDIA GeForce GTX 1060 3GB
[2017.10.25-00.52.44:888][  0]LogD3D11RHI:   Driver Version: 384.94 (internal:22.21.13.8494, unified:384.94)
[2017.10.25-00.52.44:888][  0]LogD3D11RHI:      Driver Date: 7-18-2017
[2017.10.25-00.52.44:888][  0]LogRHI: Texture pool is 1361 MB (70% of 1945 MB)
[2017.10.25-00.52.44:902][  0]LogD3D11RHI: Async texture creation enabled
[2017.10.25-00.52.44:921][  0]LogD3D11RHI: GPU Timing Frequency: 1000.000000 (Debug: 2 2)
[2017.10.25-00.52.45:021][  0]LogShaderCompilers: Guid format shader working directory is 21 characters bigger than the processId version (C:/UE4StudioProject/InjectEm/Intermediate/Shaders/WorkingDirectory/2080/).
[2017.10.25-00.52.45:021][  0]LogShaderCompilers: Cleaned the shader compiler working directory 'C:/Users/RicardoB/AppData/Local/Temp/UnrealShaderWorkingDir/CA506EC44428E905D63225AE53FD7983/'.
[2017.10.25-00.52.45:021][  0]LogShaderCompilers: Display: Using Local Shader Compiler.
[2017.10.25-00.52.46:058][  0]LogTemp: Display: Loaded TP AllDesktopTargetPlatform
[2017.10.25-00.52.46:101][  0]LogTemp: Display: Loaded TP MacClientTargetPlatform
[2017.10.25-00.52.46:147][  0]LogTemp: Display: Loaded TP MacNoEditorTargetPlatform
[2017.10.25-00.52.46:194][  0]LogTemp: Display: Loaded TP MacServerTargetPlatform
[2017.10.25-00.52.46:239][  0]LogTemp: Display: Loaded TP MacTargetPlatform
[2017.10.25-00.52.46:284][  0]LogTemp: Display: Loaded TP WindowsClientTargetPlatform
[2017.10.25-00.52.46:327][  0]LogTemp: Display: Loaded TP WindowsNoEditorTargetPlatform
[2017.10.25-00.52.46:370][  0]LogTemp: Display: Loaded TP WindowsServerTargetPlatform
[2017.10.25-00.52.46:405][  0]LogTemp: Display: Loaded TP WindowsTargetPlatform
[2017.10.25-00.52.46:446][  0]LogTemp: Display: Loaded TP AndroidTargetPlatform
[2017.10.25-00.52.46:490][  0]LogTemp: Display: Loaded TP Android_ASTCTargetPlatform
[2017.10.25-00.52.46:530][  0]LogTemp: Display: Loaded TP Android_ATCTargetPlatform
[2017.10.25-00.52.46:576][  0]LogTemp: Display: Loaded TP Android_DXTTargetPlatform
[2017.10.25-00.52.46:625][  0]LogTemp: Display: Loaded TP Android_ETC1TargetPlatform
[2017.10.25-00.52.46:672][  0]LogTemp: Display: Loaded TP Android_ETC2TargetPlatform
[2017.10.25-00.52.46:759][  0]LogTemp: Display: Loaded TP Android_MultiTargetPlatform
[2017.10.25-00.52.46:759][  0]LogTemp: Display: Loaded TP Android_PVRTCTargetPlatform
[2017.10.25-00.52.46:788][  0]LogTemp: Display: Loaded TP HTML5TargetPlatform
[2017.10.25-00.52.46:874][  0]LogTemp: Display: Loaded TP IOSTargetPlatform
[2017.10.25-00.52.46:906][  0]LogTemp: Display: Loaded TP TVOSTargetPlatform
[2017.10.25-00.52.46:951][  0]LogTemp: Display: Loaded TP LinuxClientTargetPlatform
[2017.10.25-00.52.46:998][  0]LogTemp: Display: Loaded TP LinuxNoEditorTargetPlatform
[2017.10.25-00.52.47:043][  0]LogTemp: Display: Loaded TP LinuxServerTargetPlatform
[2017.10.25-00.52.47:087][  0]LogTemp: Display: Loaded TP LinuxTargetPlatform
[2017.10.25-00.52.47:087][  0]LogTargetPlatformManager: Display: Building Assets For Windows
[2017.10.25-00.52.47:453][  0]LogDerivedDataCache: Display: Max Cache Size: 512 MB
[2017.10.25-00.52.47:576][  0]LogDerivedDataCache: Loaded boot cache 0.12s 93MB C:/Users/RicardoB/AppData/Local/UnrealEngine/4.17/DerivedDataCache/Boot.ddc.
[2017.10.25-00.52.47:576][  0]LogDerivedDataCache: Display: Loaded Boot cache: C:/Users/RicardoB/AppData/Local/UnrealEngine/4.17/DerivedDataCache/Boot.ddc
[2017.10.25-00.52.47:576][  0]LogDerivedDataCache: FDerivedDataBackendGraph:  Pak pak cache file C:/UE4StudioProject/InjectEm/DerivedDataCache/DDC.ddp not found, will not use a pak cache.
[2017.10.25-00.52.47:576][  0]LogDerivedDataCache: Unable to find inner node Pak for hierarchical cache Hierarchy.
[2017.10.25-00.52.47:576][  0]LogDerivedDataCache: FDerivedDataBackendGraph:  CompressedPak pak cache file C:/UE4StudioProject/InjectEm/DerivedDataCache/Compressed.ddp not found, will not use a pak cache.
[2017.10.25-00.52.47:576][  0]LogDerivedDataCache: Unable to find inner node CompressedPak for hierarchical cache Hierarchy.
[2017.10.25-00.52.47:595][  0]LogDerivedDataCache: Display: Pak cache opened for reading ../../../Engine/DerivedDataCache/Compressed.ddp.
[2017.10.25-00.52.47:608][  0]LogDerivedDataCache: Using Local data cache path C:/Users/RicardoB/AppData/Local/UnrealEngine/Common/DerivedDataCache: Writable
[2017.10.25-00.52.47:621][  0]LogMaterial: Verifying Global Shaders for PCD3D_SM5
[2017.10.25-00.52.47:621][  0]LogSlate: Using Freetype 2.6.0
[2017.10.25-00.52.47:622][  0]LogSlate: SlateFontCache - WITH_FREETYPE: 1, WITH_HARFBUZZ: 1
[2017.10.25-00.52.47:622][  0]LogSlate: SlateFontCache - WITH_FREETYPE: 1, WITH_HARFBUZZ: 1
[2017.10.25-00.52.47:955][  0]LogAssetRegistry: FAssetRegistry took 0.0267 seconds to start up
[2017.10.25-00.52.48:082][  0]LogInit: Selected Device Profile: [Windows]
[2017.10.25-00.52.48:242][  0]LogContentStreaming: Texture pool size is 0.00 MB
[2017.10.25-00.52.48:498][  0]LogSimplygon: Simplygon DLL not present - disabling.
[2017.10.25-00.52.48:530][  0]LogMeshReduction: Using SimplygonSwarm for distributed automatic mesh merging
[2017.10.25-00.52.48:530][  0]LogMeshReduction: Using QuadricMeshReduction for automatic static mesh reduction
[2017.10.25-00.52.48:530][  0]LogMeshReduction: No automatic skeletal mesh reduction module available
[2017.10.25-00.52.48:530][  0]LogMeshReduction: No automatic mesh merging module available
[2017.10.25-00.52.48:530][  0]LogMeshMerging: No automatic mesh merging module available
[2017.10.25-00.52.48:933][  0]LogNetVersion: InjectEm , NetCL: 3573198, EngineNetVer: 2, GameNetVer: 0 (Checksum: 2783763102)
[2017.10.25-00.52.49:169][  0]LogPackageLocalizationCache: Processed 5 localized package path(s) for 2 prioritized culture(s) in 0.060415 seconds
[2017.10.25-00.52.49:177][  0]LogUObjectArray: 35825 objects as part of root set at end of initial load.
[2017.10.25-00.52.49:177][  0]LogUObjectAllocator: 7529112 out of 0 bytes used by permanent object pool.
[2017.10.25-00.52.49:177][  0]LogUObjectArray: CloseDisregardForGC: 0/0 objects in disregard for GC pool
[2017.10.25-00.52.49:222][  0]LogInit: WinSock: version 1.1 (2.2), MaxSocks=32767, MaxUdp=65467
[2017.10.25-00.52.51:481][  0]LogTcpMessaging: Initializing TcpMessaging bridge
[2017.10.25-00.52.51:517][  0]LogUdpMessaging: Initializing bridge on interface 0.0.0.0:0 to multicast group 230.0.0.1:6666.
[2017.10.25-00.52.52:063][  0]LogMaterial: Uniform references updated for custom material expression Custom.
[2017.10.25-00.52.52:403][  0]SourceControl: Source control is disabled
[2017.10.25-00.52.52:403][  0]SourceControl: Source control is disabled
[2017.10.25-00.52.52:447][  0]SourceControl: Source control is disabled
[2017.10.25-00.52.52:483][  0]SourceControl: Source control is disabled
[2017.10.25-00.52.52:896][  0]LogAndroidPermission: UAndroidPermissionCallbackProxy::GetInstance
[2017.10.25-00.52.53:067][  0]LogOcInput: OculusInput pre-init called
[2017.10.25-00.52.53:273][  0]LogEngine: Initializing Engine...
[2017.10.25-00.52.53:275][  0]LogHMD: Failed to initialize OpenVR with code 110
[2017.10.25-00.52.53:556][  0]LogStats: UGameplayTagsManager::ConstructGameplayTagTree: Construct from data asset -  0.000 s
[2017.10.25-00.52.53:556][  0]LogStats: UGameplayTagsManager::ConstructGameplayTagTree: GameplayTagTreeChangedEvent.Broadcast -  0.000 s
[2017.10.25-00.52.53:663][  0]LogAIModule: Creating AISystem for world Untitled
[2017.10.25-00.52.53:681][  0]LogInit: XAudio2 using 'Speakers / Headphones (IDT High Definition Audio CODEC)' : 2 channels at 48 kHz using 32 bits per sample (channel mask 0x3)
[2017.10.25-00.52.53:694][  0]LogInit: FAudioDevice initialized.
[2017.10.25-00.52.53:833][  0]LogDerivedDataCache: Saved boot cache 0.14s 93MB C:/Users/RicardoB/AppData/Local/UnrealEngine/4.17/DerivedDataCache/Boot.ddc.
[2017.10.25-00.52.53:847][  0]LogInit: Texture streaming: Enabled
[2017.10.25-00.52.53:932][  0]LogEngineSessionManager: EngineSessionManager initialized
[2017.10.25-00.52.54:112][  0]LogInit: Transaction tracking system initialized
[2017.10.25-00.52.54:345][  0]BlueprintLog: New page: Editor Load
[2017.10.25-00.52.54:981][  0]LocalizationService: Localization service is disabled
[2017.10.25-00.52.55:492][  0]LogConsoleResponse: Display: 
[2017.10.25-00.52.55:666][  0]LogCook: Display: Max memory allowance for cook 16384mb min free memory 0mb
[2017.10.25-00.52.55:666][  0]LogCook: Display: Mobile HDR setting 1
[2017.10.25-00.52.55:666][  0]LogGameplayTags: Display: UGameplayTagsManager::DoneAddingNativeTags. DelegateIsBound: 0
[2017.10.25-00.52.55:766][  0]LogFileCache: Scanning file cache for directory 'C:/UE4StudioProject/InjectEm/Content/' took 0.01s
[2017.10.25-00.52.56:422][  0]SourceControl: Source control is disabled
[2017.10.25-00.52.56:422][  0]Cmd: MAP LOAD FILE="C:/UE4StudioProject/InjectEm/Content/TopDownBP/Maps/TopDownExampleMap.umap" TEMPLATE=0 SHOWPROGRESS=1 FEATURELEVEL=3
[2017.10.25-00.52.56:423][  0]LightingResults: New page: Lighting Build
[2017.10.25-00.52.56:451][  0]MapCheck: New page: Map Check
[2017.10.25-00.52.56:451][  0]LightingResults: New page: Lighting Build
[2017.10.25-00.52.56:994][  0]LogAIModule: Creating AISystem for world TopDownExampleMap
[2017.10.25-00.52.57:007][  0]LogEditorServer: Finished looking for orphan Actors (0.000 secs)
[2017.10.25-00.52.57:030][  0]Cmd: MAP CHECKDEP NOCLEARLOG
[2017.10.25-00.52.57:076][  0]MapCheck: Map check complete: 0 Error(s), 0 Warning(s), took 45.832ms to complete.
[2017.10.25-00.52.57:076][  0]LogFileHelpers: Loading map 'TopDownExampleMap' took 0.654
[2017.10.25-00.52.57:131][  0]LogWindowsTextInputMethodSystem: Display: IME system now deactivated.
[2017.10.25-00.52.57:227][  0]LogCollectionManager: Loaded 0 collections in 0.000791 seconds
[2017.10.25-00.52.57:299][  0]LogFileCache: Scanning file cache for directory 'C:/UE4StudioProject/InjectEm/Saved/Collections/' took 0.01s
[2017.10.25-00.52.57:299][  0]LogFileCache: Scanning file cache for directory 'C:/UE4StudioProject/InjectEm/Content/Developers/RicardoB/Collections/' took 0.01s
[2017.10.25-00.52.57:299][  0]LogFileCache: Scanning file cache for directory 'C:/UE4StudioProject/InjectEm/Content/Collections/' took 0.01s
[2017.10.25-00.52.57:299][  0]LogCollectionManager: Rebuilt the GUID cache for 0 collections in 0.000001 seconds
[2017.10.25-00.52.57:311][  0]LogContentBrowser: Native class hierarchy populated in 0.0116 seconds. Added 2386 classes and 500 folders.
[2017.10.25-00.52.57:356][  0]LogContentBrowser: Native class hierarchy updated for 'WidgetCarousel' in 0.0007 seconds. Added 0 classes and 0 folders.
[2017.10.25-00.52.57:391][  0]LogContentBrowser: Native class hierarchy updated for 'AddContentDialog' in 0.0006 seconds. Added 0 classes and 0 folders.
[2017.10.25-00.52.57:423][  0]LogContentBrowser: Native class hierarchy updated for 'SceneOutliner' in 0.0007 seconds. Added 1 classes and 2 folders.
[2017.10.25-00.52.57:507][  0]LogSlate: Took 0.000227 seconds to synchronously load lazily loaded font '../../../Engine/Content/Slate/Fonts/Roboto-Regular.ttf' (155K)
[2017.10.25-00.52.57:510][  0]LogSlate: Took 0.000218 seconds to synchronously load lazily loaded font '../../../Engine/Content/Slate/Fonts/Roboto-Bold.ttf' (160K)
[2017.10.25-00.52.57:519][  0]LogSlate: Took 0.000516 seconds to synchronously load lazily loaded font '../../../Engine/Content/Editor/Slate/Fonts/FontAwesome.ttf' (139K)
[2017.10.25-00.52.57:651][  0]LogRenderer: Reallocating scene render targets to support 1040x508 Format 10 NumSamples 1 (Frame:1).
[2017.10.25-00.52.57:875][  0]LogContentBrowser: Native class hierarchy updated for 'HierarchicalLODOutliner' in 0.0007 seconds. Added 1 classes and 2 folders.
[2017.10.25-00.52.57:876][  0]LogLoad: (Engine Initialization) Total time: 15.28 seconds
[2017.10.25-00.52.57:876][  0]LogLoad: (Engine Initialization) Total Blueprint compile time: 0.00 seconds
[2017.10.25-00.52.57:876][  0]LogExternalProfiler: No external profilers were discovered.  External profiling features will not be available.
[2017.10.25-00.52.57:909][  0]LogContentStreaming: Texture pool size now 3000 MB
[2017.10.25-00.52.57:981][  1]LogAssetRegistry: Asset discovery search completed in 10.0474 seconds
[2017.10.25-00.52.57:983][  1]LogCollectionManager: Rebuilt the object cache for 0 collections in 0.000001 seconds (found 0 objects)
[2017.10.25-00.52.57:983][  1]LogCollectionManager: Fixed up redirectors for 0 collections in 0.000062 seconds (updated 0 objects)
[2017.10.25-00.53.00:069][188]LogTemp: Repeating last play command: Selected Viewport
[2017.10.25-00.53.00:098][188]LogBlueprintUserMessages: Early PlayInEditor Detection: Level '/Game/TopDownBP/Maps/TopDownExampleMap.TopDownExampleMap:PersistentLevel' has LevelScriptBlueprint '/Game/TopDownBP/Maps/TopDownExampleMap.TopDownExampleMap:PersistentLevel.TopDownExampleMap' with GeneratedClass '/Game/TopDownBP/Maps/TopDownExampleMap.TopDownExampleMap_C' with ClassGeneratedBy '/Game/TopDownBP/Maps/TopDownExampleMap.TopDownExampleMap:PersistentLevel.TopDownExampleMap'
[2017.10.25-00.53.00:098][188]LogPlayLevel: PlayLevel: No blueprints needed recompiling
[2017.10.25-00.53.00:099][188]PIE: New page: PIE session: TopDownExampleMap (25 Oct 2017 10:53:00 pm)
[2017.10.25-00.53.00:099][188]LogPlayLevel: Creating play world package: /Game/TopDownBP/Maps/UEDPIE_0_TopDownExampleMap
[2017.10.25-00.53.00:132][188]LogPlayLevel: PIE: StaticDuplicateObject took: (0.032879s)
[2017.10.25-00.53.00:133][188]LogAIModule: Creating AISystem for world TopDownExampleMap
[2017.10.25-00.53.00:133][188]LogPlayLevel: PIE: World Init took: (0.001267s)
[2017.10.25-00.53.00:134][188]LogPlayLevel: PIE: Created PIE world by copying editor world from /Game/TopDownBP/Maps/TopDownExampleMap.TopDownExampleMap to /Game/TopDownBP/Maps/UEDPIE_0_TopDownExampleMap.TopDownExampleMap (0.034747s)
[2017.10.25-00.53.00:162][188]LogInit: XAudio2 using 'Speakers / Headphones (IDT High Definition Audio CODEC)' : 2 channels at 48 kHz using 32 bits per sample (channel mask 0x3)
[2017.10.25-00.53.00:176][188]LogInit: FAudioDevice initialized.
[2017.10.25-00.53.00:226][188]LogLoad: Game class is 'TopDownGameMode_C'
[2017.10.25-00.53.00:232][188]LogWorld: Bringing World /Game/TopDownBP/Maps/UEDPIE_0_TopDownExampleMap.TopDownExampleMap up for play (max tick rate 0) at 2017.10.25-11.53.00
[2017.10.25-00.53.00:233][188]LogWorld: Bringing up level for play took: 0.005079
[2017.10.25-00.53.00:280][188]LogContentBrowser: Native class hierarchy updated for 'MovieSceneCapture' in 0.0008 seconds. Added 11 classes and 0 folders.
[2017.10.25-00.53.00:281][188]PIE: Play in editor start time for /Game/TopDownBP/Maps/UEDPIE_0_TopDownExampleMap 0.653
[2017.10.25-00.53.00:281][188]LogBlueprintUserMessages: Late PlayInEditor Detection: Level '/Game/TopDownBP/Maps/TopDownExampleMap.TopDownExampleMap:PersistentLevel' has LevelScriptBlueprint '/Game/TopDownBP/Maps/TopDownExampleMap.TopDownExampleMap:PersistentLevel.TopDownExampleMap' with GeneratedClass '/Game/TopDownBP/Maps/TopDownExampleMap.TopDownExampleMap_C' with ClassGeneratedBy '/Game/TopDownBP/Maps/TopDownExampleMap.TopDownExampleMap:PersistentLevel.TopDownExampleMap'
[2017.10.25-00.53.01:964][362]LogSlate: Took 0.000160 seconds to synchronously load lazily loaded font '../../../Engine/Content/Slate/Fonts/Roboto-Light.ttf' (159K)
[2017.10.25-00.53.02:053][369]LogBlueprintUserMessages: Early EndPlayMap Detection: Level '/Game/TopDownBP/Maps/TopDownExampleMap.TopDownExampleMap:PersistentLevel' has LevelScriptBlueprint '/Game/TopDownBP/Maps/TopDownExampleMap.TopDownExampleMap:PersistentLevel.TopDownExampleMap' with GeneratedClass '/Game/TopDownBP/Maps/TopDownExampleMap.TopDownExampleMap_C' with ClassGeneratedBy '/Game/TopDownBP/Maps/TopDownExampleMap.TopDownExampleMap:PersistentLevel.TopDownExampleMap'
[2017.10.25-00.53.02:093][369]LogBlueprintUserMessages: Late EndPlayMap Detection: Level '/Game/TopDownBP/Maps/TopDownExampleMap.TopDownExampleMap:PersistentLevel' has LevelScriptBlueprint '/Game/TopDownBP/Maps/TopDownExampleMap.TopDownExampleMap:PersistentLevel.TopDownExampleMap' with GeneratedClass '/Game/TopDownBP/Maps/TopDownExampleMap.TopDownExampleMap_C' with ClassGeneratedBy '/Game/TopDownBP/Maps/TopDownExampleMap.TopDownExampleMap:PersistentLevel.TopDownExampleMap'
[2017.10.25-00.53.03:490][509]LogSlate: Took 0.000150 seconds to synchronously load lazily loaded font '../../../Engine/Content/Slate/Fonts/Roboto-Light.ttf' (159K)
[2017.10.25-00.53.03:598][509]LogAIModule: Creating AISystem for world Ricardo_TopDownExampleMap
[2017.10.25-00.53.03:623][509]Cmd: MAP LOAD FILE="C:/UE4StudioProject/InjectEm/Content/RicardoFiles/Ricardo_TopDownExampleMap.umap" TEMPLATE=0 SHOWPROGRESS=1 FEATURELEVEL=3
[2017.10.25-00.53.03:623][509]LightingResults: New page: Lighting Build
[2017.10.25-00.53.03:624][509]LoadErrors: New page: Loading map: Ricardo_TopDownExampleMap.umap
[2017.10.25-00.53.03:625][509]MapCheck: New page: Map Check
[2017.10.25-00.53.03:625][509]LightingResults: New page: Lighting Build
[2017.10.25-00.53.03:725][509]LogEditorServer: Finished looking for orphan Actors (0.000 secs)
[2017.10.25-00.53.03:818][509]Cmd: MAP CHECKDEP NOCLEARLOG
[2017.10.25-00.53.03:872][509]MapCheck: Map check complete: 0 Error(s), 0 Warning(s), took 54.416ms to complete.
[2017.10.25-00.53.03:872][509]LogFileHelpers: Loading map 'Ricardo_TopDownExampleMap' took 0.250
[2017.10.25-00.53.04:418][537]LogTemp: Repeating last play command: Selected Viewport
[2017.10.25-00.53.04:433][537]LogBlueprintUserMessages: Early PlayInEditor Detection: Level '/Game/RicardoFiles/Ricardo_TopDownExampleMap.Ricardo_TopDownExampleMap:PersistentLevel' has LevelScriptBlueprint '/Game/RicardoFiles/Ricardo_TopDownExampleMap.Ricardo_TopDownExampleMap:PersistentLevel.Ricardo_TopDownExampleMap' with GeneratedClass '/Game/RicardoFiles/Ricardo_TopDownExampleMap.Ricardo_TopDownExampleMap_C' with ClassGeneratedBy '/Game/RicardoFiles/Ricardo_TopDownExampleMap.Ricardo_TopDownExampleMap:PersistentLevel.Ricardo_TopDownExampleMap'
[2017.10.25-00.53.04:433][537]LogPlayLevel: PlayLevel: No blueprints needed recompiling
[2017.10.25-00.53.04:433][537]PIE: New page: PIE session: Ricardo_TopDownExampleMap (25 Oct 2017 10:53:04 pm)
[2017.10.25-00.53.04:433][537]LogPlayLevel: Creating play world package: /Game/RicardoFiles/UEDPIE_0_Ricardo_TopDownExampleMap
[2017.10.25-00.53.04:466][537]LogPlayLevel: PIE: StaticDuplicateObject took: (0.032612s)
[2017.10.25-00.53.04:467][537]LogAIModule: Creating AISystem for world Ricardo_TopDownExampleMap
[2017.10.25-00.53.04:467][537]LogPlayLevel: PIE: World Init took: (0.001103s)
[2017.10.25-00.53.04:468][537]LogPlayLevel: PIE: Created PIE world by copying editor world from /Game/RicardoFiles/Ricardo_TopDownExampleMap.Ricardo_TopDownExampleMap to /Game/RicardoFiles/UEDPIE_0_Ricardo_TopDownExampleMap.Ricardo_TopDownExampleMap (0.034333s)
[2017.10.25-00.53.04:493][537]LogInit: XAudio2 using 'Speakers / Headphones (IDT High Definition Audio CODEC)' : 2 channels at 48 kHz using 32 bits per sample (channel mask 0x3)
[2017.10.25-00.53.04:506][537]LogInit: FAudioDevice initialized.
[2017.10.25-00.53.04:541][537]LogLoad: Game class is 'TopDownGameMode_C'
[2017.10.25-00.53.04:545][537]LogWorld: Bringing World /Game/RicardoFiles/UEDPIE_0_Ricardo_TopDownExampleMap.Ricardo_TopDownExampleMap up for play (max tick rate 0) at 2017.10.25-11.53.04
[2017.10.25-00.53.04:545][537]LogWorld: Bringing up level for play took: 0.003387
[2017.10.25-00.53.04:548][537]PIE: Play in editor start time for /Game/RicardoFiles/UEDPIE_0_Ricardo_TopDownExampleMap 0.919
[2017.10.25-00.53.04:548][537]LogBlueprintUserMessages: Late PlayInEditor Detection: Level '/Game/RicardoFiles/Ricardo_TopDownExampleMap.Ricardo_TopDownExampleMap:PersistentLevel' has LevelScriptBlueprint '/Game/RicardoFiles/Ricardo_TopDownExampleMap.Ricardo_TopDownExampleMap:PersistentLevel.Ricardo_TopDownExampleMap' with GeneratedClass '/Game/RicardoFiles/Ricardo_TopDownExampleMap.Ricardo_TopDownExampleMap_C' with ClassGeneratedBy '/Game/RicardoFiles/Ricardo_TopDownExampleMap.Ricardo_TopDownExampleMap:PersistentLevel.Ricardo_TopDownExampleMap'
[2017.10.25-00.53.07:238][833]LogBlueprintUserMessages: Early EndPlayMap Detection: Level '/Game/RicardoFiles/Ricardo_TopDownExampleMap.Ricardo_TopDownExampleMap:PersistentLevel' has LevelScriptBlueprint '/Game/RicardoFiles/Ricardo_TopDownExampleMap.Ricardo_TopDownExampleMap:PersistentLevel.Ricardo_TopDownExampleMap' with GeneratedClass '/Game/RicardoFiles/Ricardo_TopDownExampleMap.Ricardo_TopDownExampleMap_C' with ClassGeneratedBy '/Game/RicardoFiles/Ricardo_TopDownExampleMap.Ricardo_TopDownExampleMap:PersistentLevel.Ricardo_TopDownExampleMap'
[2017.10.25-00.53.07:275][833]LogBlueprintUserMessages: Late EndPlayMap Detection: Level '/Game/RicardoFiles/Ricardo_TopDownExampleMap.Ricardo_TopDownExampleMap:PersistentLevel' has LevelScriptBlueprint '/Game/RicardoFiles/Ricardo_TopDownExampleMap.Ricardo_TopDownExampleMap:PersistentLevel.Ricardo_TopDownExampleMap' with GeneratedClass '/Game/RicardoFiles/Ricardo_TopDownExampleMap.Ricardo_TopDownExampleMap_C' with ClassGeneratedBy '/Game/RicardoFiles/Ricardo_TopDownExampleMap.Ricardo_TopDownExampleMap:PersistentLevel.Ricardo_TopDownExampleMap'
[2017.10.25-00.53.19:693][173]LogEditorViewport: Clicking on Actor (LMB): PlayerStart (NetworkPlayerStart)
[2017.10.25-00.53.22:216][408]LogSlate: Took 0.000182 seconds to synchronously load lazily loaded font '../../../Engine/Content/Editor/Slate/Fonts/Roboto-Italic.ttf' (157K)
[2017.10.25-00.53.32:343][353]LogTemp: Repeating last play command: Selected Viewport
[2017.10.25-00.53.32:359][353]LogBlueprintUserMessages: Early PlayInEditor Detection: Level '/Game/RicardoFiles/Ricardo_TopDownExampleMap.Ricardo_TopDownExampleMap:PersistentLevel' has LevelScriptBlueprint '/Game/RicardoFiles/Ricardo_TopDownExampleMap.Ricardo_TopDownExampleMap:PersistentLevel.Ricardo_TopDownExampleMap' with GeneratedClass '/Game/RicardoFiles/Ricardo_TopDownExampleMap.Ricardo_TopDownExampleMap_C' with ClassGeneratedBy '/Game/RicardoFiles/Ricardo_TopDownExampleMap.Ricardo_TopDownExampleMap:PersistentLevel.Ricardo_TopDownExampleMap'
[2017.10.25-00.53.32:359][353]LogPlayLevel: PlayLevel: No blueprints needed recompiling
[2017.10.25-00.53.32:359][353]PIE: New page: PIE session: Ricardo_TopDownExampleMap (25 Oct 2017 10:53:32 pm)
[2017.10.25-00.53.32:359][353]LogPlayLevel: Creating play world package: /Game/RicardoFiles/UEDPIE_0_Ricardo_TopDownExampleMap
[2017.10.25-00.53.32:381][353]LogPlayLevel: PIE: StaticDuplicateObject took: (0.022265s)
[2017.10.25-00.53.32:382][353]LogAIModule: Creating AISystem for world Ricardo_TopDownExampleMap
[2017.10.25-00.53.32:383][353]LogPlayLevel: PIE: World Init took: (0.001368s)
[2017.10.25-00.53.32:383][353]LogPlayLevel: PIE: Created PIE world by copying editor world from /Game/RicardoFiles/Ricardo_TopDownExampleMap.Ricardo_TopDownExampleMap to /Game/RicardoFiles/UEDPIE_0_Ricardo_TopDownExampleMap.Ricardo_TopDownExampleMap (0.024033s)
[2017.10.25-00.53.32:410][353]LogInit: XAudio2 using 'Speakers / Headphones (IDT High Definition Audio CODEC)' : 2 channels at 48 kHz using 32 bits per sample (channel mask 0x3)
[2017.10.25-00.53.32:422][353]LogInit: FAudioDevice initialized.
[2017.10.25-00.53.32:461][353]LogLoad: Game class is 'TopDownGameMode_C'
[2017.10.25-00.53.32:464][353]LogWorld: Bringing World /Game/RicardoFiles/UEDPIE_0_Ricardo_TopDownExampleMap.Ricardo_TopDownExampleMap up for play (max tick rate 0) at 2017.10.25-11.53.32
[2017.10.25-00.53.32:465][353]LogWorld: Bringing up level for play took: 0.003175
[2017.10.25-00.53.32:470][353]PIE: Play in editor start time for /Game/RicardoFiles/UEDPIE_0_Ricardo_TopDownExampleMap 0.842
[2017.10.25-00.53.32:470][353]LogBlueprintUserMessages: Late PlayInEditor Detection: Level '/Game/RicardoFiles/Ricardo_TopDownExampleMap.Ricardo_TopDownExampleMap:PersistentLevel' has LevelScriptBlueprint '/Game/RicardoFiles/Ricardo_TopDownExampleMap.Ricardo_TopDownExampleMap:PersistentLevel.Ricardo_TopDownExampleMap' with GeneratedClass '/Game/RicardoFiles/Ricardo_TopDownExampleMap.Ricardo_TopDownExampleMap_C' with ClassGeneratedBy '/Game/RicardoFiles/Ricardo_TopDownExampleMap.Ricardo_TopDownExampleMap:PersistentLevel.Ricardo_TopDownExampleMap'
[2017.10.25-00.53.38:231][995]LogBlueprintUserMessages: Early EndPlayMap Detection: Level '/Game/RicardoFiles/Ricardo_TopDownExampleMap.Ricardo_TopDownExampleMap:PersistentLevel' has LevelScriptBlueprint '/Game/RicardoFiles/Ricardo_TopDownExampleMap.Ricardo_TopDownExampleMap:PersistentLevel.Ricardo_TopDownExampleMap' with GeneratedClass '/Game/RicardoFiles/Ricardo_TopDownExampleMap.Ricardo_TopDownExampleMap_C' with ClassGeneratedBy '/Game/RicardoFiles/Ricardo_TopDownExampleMap.Ricardo_TopDownExampleMap:PersistentLevel.Ricardo_TopDownExampleMap'
[2017.10.25-00.53.38:277][995]LogBlueprintUserMessages: Late EndPlayMap Detection: Level '/Game/RicardoFiles/Ricardo_TopDownExampleMap.Ricardo_TopDownExampleMap:PersistentLevel' has LevelScriptBlueprint '/Game/RicardoFiles/Ricardo_TopDownExampleMap.Ricardo_TopDownExampleMap:PersistentLevel.Ricardo_TopDownExampleMap' with GeneratedClass '/Game/RicardoFiles/Ricardo_TopDownExampleMap.Ricardo_TopDownExampleMap_C' with ClassGeneratedBy '/Game/RicardoFiles/Ricardo_TopDownExampleMap.Ricardo_TopDownExampleMap:PersistentLevel.Ricardo_TopDownExampleMap'
[2017.10.25-00.53.39:996][148]LogEditorViewport: Clicking on Actor (LMB): Ricardo_TopDownCharacter_C (Ricardo_TopDownCharacter)
[2017.10.25-00.53.50:512][980]Cmd: TRANSACTION UNDO
[2017.10.25-00.53.50:513][980]LogEditorTransaction: Undo Move Actors
[2017.10.25-00.53.50:541][980]LogSlate: Took 0.000193 seconds to synchronously load lazily loaded font '../../../Engine/Content/Slate/Fonts/Roboto-Light.ttf' (159K)
[2017.10.25-00.54.05:117][943]LightingResults: New page: Lighting Build
[2017.10.25-00.54.05:122][943]MapCheck: New page: Map Check
[2017.10.25-00.54.05:122][943]LightingResults: New page: Lighting Build
[2017.10.25-00.54.05:154][943]LogAIModule: Creating AISystem for world Untitled
[2017.10.25-00.54.05:226][943]LoadErrors: New page: New Map
[2017.10.25-00.54.05:263][943]LogAIModule: Creating AISystem for world Ricardo_TopDownExampleMap
[2017.10.25-00.54.14:395][876]LogAIModule: Creating AISystem for world TopDownExampleMap
[2017.10.25-00.54.14:425][876]Cmd: MAP LOAD FILE="C:/UE4StudioProject/InjectEm/Content/TopDownBP/Maps/TopDownExampleMap.umap" TEMPLATE=0 SHOWPROGRESS=1 FEATURELEVEL=3
[2017.10.25-00.54.14:425][876]LightingResults: New page: Lighting Build
[2017.10.25-00.54.14:426][876]LoadErrors: New page: Loading map: TopDownExampleMap.umap
[2017.10.25-00.54.14:426][876]MapCheck: New page: Map Check
[2017.10.25-00.54.14:426][876]LightingResults: New page: Lighting Build
[2017.10.25-00.54.14:576][876]LogEditorServer: Finished looking for orphan Actors (0.000 secs)
[2017.10.25-00.54.14:618][876]Cmd: MAP CHECKDEP NOCLEARLOG
[2017.10.25-00.54.14:670][876]MapCheck: Map check complete: 0 Error(s), 0 Warning(s), took 51.079ms to complete.
[2017.10.25-00.54.14:670][876]LogFileHelpers: Loading map 'TopDownExampleMap' took 0.246
[2017.10.25-00.54.15:515][938]LogTemp: Repeating last play command: Selected Viewport
[2017.10.25-00.54.15:529][938]LogBlueprintUserMessages: Early PlayInEditor Detection: Level '/Game/TopDownBP/Maps/TopDownExampleMap.TopDownExampleMap:PersistentLevel' has LevelScriptBlueprint '/Game/TopDownBP/Maps/TopDownExampleMap.TopDownExampleMap:PersistentLevel.TopDownExampleMap' with GeneratedClass '/Game/TopDownBP/Maps/TopDownExampleMap.TopDownExampleMap_C' with ClassGeneratedBy '/Game/TopDownBP/Maps/TopDownExampleMap.TopDownExampleMap:PersistentLevel.TopDownExampleMap'
[2017.10.25-00.54.15:529][938]LogPlayLevel: PlayLevel: No blueprints needed recompiling
[2017.10.25-00.54.15:529][938]PIE: New page: PIE session: TopDownExampleMap (25 Oct 2017 10:54:15 pm)
[2017.10.25-00.54.15:529][938]LogPlayLevel: Creating play world package: /Game/TopDownBP/Maps/UEDPIE_0_TopDownExampleMap
[2017.10.25-00.54.15:553][938]LogPlayLevel: PIE: StaticDuplicateObject took: (0.024070s)
[2017.10.25-00.54.15:555][938]LogAIModule: Creating AISystem for world TopDownExampleMap
[2017.10.25-00.54.15:555][938]LogPlayLevel: PIE: World Init took: (0.001938s)
[2017.10.25-00.54.15:555][938]LogPlayLevel: PIE: Created PIE world by copying editor world from /Game/TopDownBP/Maps/TopDownExampleMap.TopDownExampleMap to /Game/TopDownBP/Maps/UEDPIE_0_TopDownExampleMap.TopDownExampleMap (0.026553s)
[2017.10.25-00.54.15:578][938]LogInit: XAudio2 using 'Speakers / Headphones (IDT High Definition Audio CODEC)' : 2 channels at 48 kHz using 32 bits per sample (channel mask 0x3)
[2017.10.25-00.54.15:590][938]LogInit: FAudioDevice initialized.
[2017.10.25-00.54.15:625][938]LogLoad: Game class is 'TopDownGameMode_C'
[2017.10.25-00.54.15:628][938]LogWorld: Bringing World /Game/TopDownBP/Maps/UEDPIE_0_TopDownExampleMap.TopDownExampleMap up for play (max tick rate 0) at 2017.10.25-11.54.15
[2017.10.25-00.54.15:628][938]LogWorld: Bringing up level for play took: 0.002990
[2017.10.25-00.54.15:630][938]PIE: Play in editor start time for /Game/TopDownBP/Maps/UEDPIE_0_TopDownExampleMap 0.001
[2017.10.25-00.54.15:630][938]LogBlueprintUserMessages: Late PlayInEditor Detection: Level '/Game/TopDownBP/Maps/TopDownExampleMap.TopDownExampleMap:PersistentLevel' has LevelScriptBlueprint '/Game/TopDownBP/Maps/TopDownExampleMap.TopDownExampleMap:PersistentLevel.TopDownExampleMap' with GeneratedClass '/Game/TopDownBP/Maps/TopDownExampleMap.TopDownExampleMap_C' with ClassGeneratedBy '/Game/TopDownBP/Maps/TopDownExampleMap.TopDownExampleMap:PersistentLevel.TopDownExampleMap'
[2017.10.25-00.54.16:588][ 43]LogBlueprintUserMessages: Early EndPlayMap Detection: Level '/Game/TopDownBP/Maps/TopDownExampleMap.TopDownExampleMap:PersistentLevel' has LevelScriptBlueprint '/Game/TopDownBP/Maps/TopDownExampleMap.TopDownExampleMap:PersistentLevel.TopDownExampleMap' with GeneratedClass '/Game/TopDownBP/Maps/TopDownExampleMap.TopDownExampleMap_C' with ClassGeneratedBy '/Game/TopDownBP/Maps/TopDownExampleMap.TopDownExampleMap:PersistentLevel.TopDownExampleMap'
[2017.10.25-00.54.16:623][ 43]LogBlueprintUserMessages: Late EndPlayMap Detection: Level '/Game/TopDownBP/Maps/TopDownExampleMap.TopDownExampleMap:PersistentLevel' has LevelScriptBlueprint '/Game/TopDownBP/Maps/TopDownExampleMap.TopDownExampleMap:PersistentLevel.TopDownExampleMap' with GeneratedClass '/Game/TopDownBP/Maps/TopDownExampleMap.TopDownExampleMap_C' with ClassGeneratedBy '/Game/TopDownBP/Maps/TopDownExampleMap.TopDownExampleMap:PersistentLevel.TopDownExampleMap'
[2017.10.25-00.54.17:149][ 94]Cmd: OBJ SAVEPACKAGE PACKAGE="/Game/TopDownBP/Maps/TopDownExampleMap" FILE="C:/UE4StudioProject/InjectEm/Content/TopDownBP/Maps/TopDownExampleMap.umap" SILENT=true AUTOSAVING=false KEEPDIRTY=false
[2017.10.25-00.54.17:268][ 94]LogSavePackage: Save=95.46ms
[2017.10.25-00.54.17:268][ 94]LogSavePackage: Moving 'C:/UE4StudioProject/InjectEm/Saved/TopDownExampleMap30AB86B5481FEF141B5051BE4F1F4F80.tmp' to 'C:/UE4StudioProject/InjectEm/Content/TopDownBP/Maps/TopDownExampleMap.umap'
[2017.10.25-00.54.17:270][ 94]LogSavePackage: Display: Finished SavePackage C:/UE4StudioProject/InjectEm/Content/TopDownBP/Maps/TopDownExampleMap.umap
[2017.10.25-00.54.17:296][ 94]Cmd: OBJ SAVEPACKAGE PACKAGE="/Game/TopDownBP/Maps/TopDownExampleMap_BuiltData" FILE="C:/UE4StudioProject/InjectEm/Content/TopDownBP/Maps/TopDownExampleMap_BuiltData.uasset" SILENT=true
[2017.10.25-00.54.17:472][ 94]LogSavePackage: Save=166.48ms
[2017.10.25-00.54.17:472][ 94]LogSavePackage: Moving 'C:/UE4StudioProject/InjectEm/Saved/TopDownExampleMap_BuiltData6FB13D1549D946C1F607DDA3B1C8581B.tmp' to 'C:/UE4StudioProject/InjectEm/Content/TopDownBP/Maps/TopDownExampleMap_BuiltData.uasset'
[2017.10.25-00.54.17:473][ 94]LogSavePackage: Display: Finished SavePackage C:/UE4StudioProject/InjectEm/Content/TopDownBP/Maps/TopDownExampleMap_BuiltData.uasset
[2017.10.25-00.54.18:208][169]LogWindowsTextInputMethodSystem: Display: IME system now deactivated.
[2017.10.25-00.54.18:422][170]Cmd: QUIT_EDITOR
[2017.10.25-00.54.19:185][170]LogExit: Preparing to exit.
[2017.10.25-00.54.19:708][170]LogExit: Editor shut down
[2017.10.25-00.54.19:710][170]LogExit: Transaction tracking system shut down
[2017.10.25-00.54.19:855][170]LogDirectoryWatcher: A directory notification for '../../../Engine/Content/' was aborted.
[2017.10.25-00.54.19:855][170]LogDirectoryWatcher: A directory notification for 'C:/UE4StudioProject/InjectEm/Content/' was aborted.
[2017.10.25-00.54.19:855][170]LogDirectoryWatcher: A directory notification for '../../../Engine/Plugins/2D/Paper2D/Content/' was aborted.
[2017.10.25-00.54.19:855][170]LogDirectoryWatcher: A directory notification for '../../../Engine/Plugins/Runtime/Oculus/OculusVR/Content/' was aborted.
[2017.10.25-00.54.19:856][170]LogDirectoryWatcher: A directory notification for '../../../Engine/Plugins/Runtime/Steam/SteamVR/Content/' was aborted.
[2017.10.25-00.54.19:913][170]LogExit: Object subsystem successfully closed.
[2017.10.25-00.54.19:948][170]LogD3D11RHI: Shutdown
[2017.10.25-00.54.19:948][170]LogD3D11RHI: CleanupD3DDevice
[2017.10.25-00.54.20:056][170]LogD3D11RHI: ~FD3D11DynamicRHI
[2017.10.25-00.54.20:063][170]LogModuleManager: Shutting down and abandoning module MovieSceneCapture (532)
[2017.10.25-00.54.20:063][170]LogModuleManager: Shutting down and abandoning module HierarchicalLODOutliner (530)
[2017.10.25-00.54.20:063][170]LogModuleManager: Shutting down and abandoning module SceneOutliner (528)
[2017.10.25-00.54.20:063][170]LogModuleManager: Shutting down and abandoning module AddContentDialog (526)
[2017.10.25-00.54.20:063][170]LogDirectoryWatcher: A directory notification for 'E:/Software/UE_4.17/FeaturePacks/' was aborted.
[2017.10.25-00.54.20:064][170]LogModuleManager: Shutting down and abandoning module WidgetCarousel (525)
[2017.10.25-00.54.20:064][170]LogModuleManager: Shutting down and abandoning module EditorWidgets (522)
[2017.10.25-00.54.20:065][170]LogModuleManager: Shutting down and abandoning module CollectionManager (520)
[2017.10.25-00.54.20:065][170]LogDirectoryWatcher: A directory notification for 'C:/UE4StudioProject/InjectEm/Content/Collections/' was aborted.
[2017.10.25-00.54.20:065][170]LogDirectoryWatcher: A directory notification for 'C:/UE4StudioProject/InjectEm/Content/Developers/RicardoB/Collections/' was aborted.
[2017.10.25-00.54.20:065][170]LogDirectoryWatcher: A directory notification for 'C:/UE4StudioProject/InjectEm/Saved/Collections/' was aborted.
[2017.10.25-00.54.20:065][170]LogModuleManager: Shutting down and abandoning module StatsViewer (518)
[2017.10.25-00.54.20:065][170]LogModuleManager: Shutting down and abandoning module FoliageEdit (516)
[2017.10.25-00.54.20:065][170]LogModuleManager: Shutting down and abandoning module LandscapeEditor (514)
[2017.10.25-00.54.20:065][170]LogModuleManager: Shutting down and abandoning module MeshPaintMode (512)
[2017.10.25-00.54.20:065][170]LogModuleManager: Shutting down and abandoning module SceneDepthPickerMode (510)
[2017.10.25-00.54.20:065][170]LogModuleManager: Shutting down and abandoning module ActorPickerMode (508)
[2017.10.25-00.54.20:065][170]LogModuleManager: Shutting down and abandoning module GeometryMode (506)
[2017.10.25-00.54.20:065][170]LogModuleManager: Shutting down and abandoning module TextureAlignMode (504)
[2017.10.25-00.54.20:065][170]LogModuleManager: Shutting down and abandoning module BspMode (502)
[2017.10.25-00.54.20:065][170]LogModuleManager: Shutting down and abandoning module PIEPreviewDeviceProfileSelector (500)
[2017.10.25-00.54.20:065][170]LogModuleManager: Shutting down and abandoning module HardwareSurvey (498)
[2017.10.25-00.54.20:065][170]LogModuleManager: Shutting down and abandoning module SequenceRecorderSections (496)
[2017.10.25-00.54.20:065][170]LogModuleManager: Shutting down and abandoning module AutomationWorker (494)
[2017.10.25-00.54.20:065][170]LogModuleManager: Shutting down and abandoning module MatineeToLevelSequence (492)
[2017.10.25-00.54.20:066][170]LogModuleManager: Shutting down and abandoning module LevelSequenceEditor (490)
[2017.10.25-00.54.20:066][170]LogModuleManager: Shutting down and abandoning module PlacementMode (489)
[2017.10.25-00.54.20:066][170]LogModuleManager: Shutting down and abandoning module WmfMediaFactory (486)
[2017.10.25-00.54.20:066][170]LogModuleManager: Shutting down and abandoning module WmfMediaEditor (484)
[2017.10.25-00.54.20:066][170]LogModuleManager: Shutting down and abandoning module AvfMediaFactory (482)
[2017.10.25-00.54.20:066][170]LogModuleManager: Shutting down and abandoning module AvfMediaEditor (480)
[2017.10.25-00.54.20:066][170]LogModuleManager: Shutting down and abandoning module AndroidMediaFactory (478)
[2017.10.25-00.54.20:066][170]LogModuleManager: Shutting down and abandoning module Media (477)
[2017.10.25-00.54.20:066][170]LogModuleManager: Shutting down and abandoning module AndroidMediaEditor (474)
[2017.10.25-00.54.20:066][170]LogModuleManager: Shutting down and abandoning module CharacterAI (472)
[2017.10.25-00.54.20:066][170]LogModuleManager: Shutting down and abandoning module AudioCapture (470)
[2017.10.25-00.54.20:066][170]LogModuleManager: Shutting down and abandoning module SequenceRecorder (469)
[2017.10.25-00.54.20:066][170]LogModuleManager: Shutting down and abandoning module SmartSnapping (466)
[2017.10.25-00.54.20:066][170]LogModuleManager: Shutting down and abandoning module SessionServices (464)
[2017.10.25-00.54.20:066][170]LogModuleManager: Shutting down and abandoning module ViewportSnapping (462)
[2017.10.25-00.54.20:066][170]LogModuleManager: Shutting down and abandoning module ViewportInteraction (460)
[2017.10.25-00.54.20:066][170]LogModuleManager: Shutting down and abandoning module ClothPainter (458)
[2017.10.25-00.54.20:066][170]LogModuleManager: Shutting down and abandoning module LogVisualizer (456)
[2017.10.25-00.54.20:066][170]LogModuleManager: Shutting down and abandoning module IntroTutorials (454)
[2017.10.25-00.54.20:066][170]LogModuleManager: Shutting down and abandoning module GameProjectGeneration (453)
[2017.10.25-00.54.20:066][170]LogModuleManager: Shutting down and abandoning module IOSPlatformEditor (450)
[2017.10.25-00.54.20:066][170]LogModuleManager: Shutting down and abandoning module HTML5PlatformEditor (448)
[2017.10.25-00.54.20:066][170]LogModuleManager: Shutting down and abandoning module AndroidPlatformEditor (446)
[2017.10.25-00.54.20:066][170]LogModuleManager: Shutting down and abandoning module AndroidDeviceDetection (445)
[2017.10.25-00.54.20:313][170]LogModuleManager: Shutting down and abandoning module WindowsPlatformEditor (442)
[2017.10.25-00.54.20:313][170]LogModuleManager: Shutting down and abandoning module IOSRuntimeSettings (440)
[2017.10.25-00.54.20:313][170]LogModuleManager: Shutting down and abandoning module AndroidRuntimeSettings (438)
[2017.10.25-00.54.20:313][170]LogModuleManager: Shutting down and abandoning module InputBindingEditor (436)
[2017.10.25-00.54.20:313][170]LogModuleManager: Shutting down and abandoning module MergeActors (434)
[2017.10.25-00.54.20:313][170]LogModuleManager: Shutting down and abandoning module SizeMap (432)
[2017.10.25-00.54.20:314][170]LogModuleManager: Shutting down and abandoning module TreeMap (430)
[2017.10.25-00.54.20:314][170]LogModuleManager: Shutting down and abandoning module ReferenceViewer (428)
[2017.10.25-00.54.20:314][170]LogModuleManager: Shutting down and abandoning module LocalizationDashboard (426)
[2017.10.25-00.54.20:314][170]LogModuleManager: Shutting down and abandoning module LocalizationService (425)
[2017.10.25-00.54.20:314][170]LogModuleManager: Shutting down and abandoning module HardwareTargeting (422)
[2017.10.25-00.54.20:314][170]LogModuleManager: Shutting down and abandoning module DeviceProfileEditor (420)
[2017.10.25-00.54.20:314][170]LogModuleManager: Shutting down and abandoning module UndoHistory (418)
[2017.10.25-00.54.20:314][170]LogModuleManager: Shutting down and abandoning module XmlParser (416)
[2017.10.25-00.54.20:314][170]LogModuleManager: Shutting down and abandoning module Blutility (414)
[2017.10.25-00.54.20:314][170]LogModuleManager: Shutting down and abandoning module ProjectSettingsViewer (412)
[2017.10.25-00.54.20:314][170]LogModuleManager: Shutting down and abandoning module ProjectTargetPlatformEditor (411)
[2017.10.25-00.54.20:314][170]LogModuleManager: Shutting down and abandoning module EditorSettingsViewer (408)
[2017.10.25-00.54.20:314][170]LogModuleManager: Shutting down and abandoning module SettingsEditor (406)
[2017.10.25-00.54.20:314][170]LogModuleManager: Shutting down and abandoning module ProjectLauncher (404)
[2017.10.25-00.54.20:314][170]LogModuleManager: Shutting down and abandoning module SessionFrontend (402)
[2017.10.25-00.54.20:314][170]LogModuleManager: Shutting down and abandoning module ProfilerClient (400)
[2017.10.25-00.54.20:314][170]LogModuleManager: Shutting down and abandoning module DeviceManager (398)
[2017.10.25-00.54.20:314][170]LogModuleManager: Shutting down and abandoning module TargetDeviceServices (397)
[2017.10.25-00.54.20:357][170]LogModuleManager: Shutting down and abandoning module AutomationController (394)
[2017.10.25-00.54.20:357][170]LogModuleManager: Shutting down and abandoning module AutomationWindow (392)
[2017.10.25-00.54.20:357][170]LogModuleManager: Shutting down and abandoning module Layers (390)
[2017.10.25-00.54.20:357][170]LogModuleManager: Shutting down and abandoning module ComponentVisualizers (388)
[2017.10.25-00.54.20:357][170]LogModuleManager: Shutting down and abandoning module DetailCustomizations (386)
[2017.10.25-00.54.20:357][170]LogModuleManager: Shutting down and abandoning module PackagesDialog (384)
[2017.10.25-00.54.20:357][170]LogModuleManager: Shutting down and abandoning module Persona (382)
[2017.10.25-00.54.20:357][170]LogModuleManager: Shutting down and abandoning module AdvancedPreviewScene (381)
[2017.10.25-00.54.20:357][170]LogModuleManager: Shutting down and abandoning module AnimGraph (379)
[2017.10.25-00.54.20:357][170]LogModuleManager: Shutting down and abandoning module Kismet (376)
[2017.10.25-00.54.20:358][170]LogModuleManager: Shutting down and abandoning module ClassViewer (374)
[2017.10.25-00.54.20:358][170]LogModuleManager: Shutting down and abandoning module Toolbox (372)
[2017.10.25-00.54.20:358][170]LogModuleManager: Shutting down and abandoning module ModuleUI (370)
[2017.10.25-00.54.20:358][170]LogModuleManager: Shutting down and abandoning module MovieSceneTools (368)
[2017.10.25-00.54.20:358][170]LogModuleManager: Shutting down and abandoning module OutputLog (366)
[2017.10.25-00.54.20:358][170]LogModuleManager: Shutting down and abandoning module GammaUI (364)
[2017.10.25-00.54.20:358][170]LogModuleManager: Shutting down and abandoning module Documentation (362)
[2017.10.25-00.54.20:358][170]LogModuleManager: Shutting down and abandoning module MovieSceneTracks (360)
[2017.10.25-00.54.20:358][170]LogModuleManager: Shutting down and abandoning module MovieScene (358)
[2017.10.25-00.54.20:358][170]LogModuleManager: Shutting down and abandoning module Niagara (356)
[2017.10.25-00.54.20:358][170]LogModuleManager: Shutting down and abandoning module NiagaraEditor (355)
[2017.10.25-00.54.20:358][170]LogModuleManager: Shutting down and abandoning module StreamingPauseRendering (352)
[2017.10.25-00.54.20:358][170]LogModuleManager: Shutting down and abandoning module LauncherPlatform (350)
[2017.10.25-00.54.20:359][170]LogModuleManager: Shutting down and abandoning module AnalyticsET (348)
[2017.10.25-00.54.20:359][170]LogModuleManager: Shutting down and abandoning module PortalServices (346)
[2017.10.25-00.54.20:359][170]LogModuleManager: Shutting down and abandoning module PortalRpc (344)
[2017.10.25-00.54.20:359][170]LogModuleManager: Shutting down and abandoning module MessagingRpc (342)
[2017.10.25-00.54.20:359][170]LogModuleManager: Shutting down and abandoning module AIModule (340)
[2017.10.25-00.54.20:359][170]LogModuleManager: Shutting down and abandoning module GameplayDebugger (339)
[2017.10.25-00.54.20:359][170]LogModuleManager: Shutting down and abandoning module AITestSuite (337)
[2017.10.25-00.54.20:359][170]LogModuleManager: Shutting down and abandoning module ProfilerService (334)
[2017.10.25-00.54.20:570][170]LogModuleManager: Shutting down and abandoning module TaskGraph (332)
[2017.10.25-00.54.20:570][170]LogModuleManager: Shutting down and abandoning module SteamVRController (330)
[2017.10.25-00.54.20:570][170]LogModuleManager: Shutting down and abandoning module ProceduralMeshComponentEditor (328)
[2017.10.25-00.54.20:570][170]LogModuleManager: Shutting down and abandoning module ProceduralMeshComponent (326)
[2017.10.25-00.54.20:570][170]LogModuleManager: Shutting down and abandoning module OculusInput (324)
[2017.10.25-00.54.20:570][170]LogModuleManager: Shutting down and abandoning module MobilePatchingUtils (322)
[2017.10.25-00.54.20:570][170]LogModuleManager: Shutting down and abandoning module CustomMeshComponent (320)
[2017.10.25-00.54.20:570][170]LogModuleManager: Shutting down and abandoning module CableComponent (318)
[2017.10.25-00.54.20:570][170]LogModuleManager: Shutting down and abandoning module ArchVisCharacter (316)
[2017.10.25-00.54.20:570][170]LogModuleManager: Shutting down and abandoning module AndroidPermission (314)
[2017.10.25-00.54.20:570][170]LogModuleManager: Shutting down and abandoning module MediaPlayerEditor (310)
[2017.10.25-00.54.20:571][170]LogModuleManager: Shutting down and abandoning module HTML5Networking (308)
[2017.10.25-00.54.20:571][170]LogModuleManager: Shutting down and abandoning module AlembicImporter (306)
[2017.10.25-00.54.20:571][170]LogModuleManager: Shutting down and abandoning module AlembicLibrary (305)
[2017.10.25-00.54.20:571][170]LogModuleManager: Shutting down and abandoning module GeometryCache (304)
[2017.10.25-00.54.20:571][170]LogModuleManager: Shutting down and abandoning module GeometryCacheEd (303)
[2017.10.25-00.54.20:571][170]LogModuleManager: Shutting down and abandoning module SpeedTreeImporter (298)
[2017.10.25-00.54.20:571][170]LogModuleManager: Shutting down and abandoning module PluginBrowser (296)
[2017.10.25-00.54.20:571][170]LogModuleManager: Shutting down and abandoning module MobileLauncherProfileWizard (294)
[2017.10.25-00.54.20:571][170]LogModuleManager: Shutting down and abandoning module VisualStudioSourceCodeAccess (292)
[2017.10.25-00.54.20:571][170]LogModuleManager: Shutting down and abandoning module DesktopPlatform (291)
[2017.10.25-00.54.20:571][170]LogModuleManager: Shutting down and abandoning module UObjectPlugin (288)
[2017.10.25-00.54.20:571][170]LogModuleManager: Shutting down and abandoning module SubversionSourceControl (286)
[2017.10.25-00.54.20:571][170]LogModuleManager: Shutting down and abandoning module PerforceSourceControl (284)
[2017.10.25-00.54.20:571][170]LogModuleManager: Shutting down and abandoning module GitSourceControl (282)
[2017.10.25-00.54.20:571][170]LogModuleManager: Shutting down and abandoning module SourceControl (281)
[2017.10.25-00.54.20:571][170]LogModuleManager: Shutting down and abandoning module LightPropagationVolumeEditor (278)
[2017.10.25-00.54.20:571][170]LogModuleManager: Shutting down and abandoning module PaperTiledImporter (276)
[2017.10.25-00.54.20:571][170]LogModuleManager: Shutting down and abandoning module PaperSpriteSheetImporter (274)
[2017.10.25-00.54.20:571][170]LogModuleManager: Shutting down and abandoning module Paper2DEditor (272)
[2017.10.25-00.54.20:571][170]LogModuleManager: Shutting down and abandoning module MeshPaint (271)
[2017.10.25-00.54.20:571][170]LogModuleManager: Shutting down and abandoning module LevelEditor (269)
[2017.10.25-00.54.20:572][170]LogModuleManager: Shutting down and abandoning module PixelInspectorModule (268)
[2017.10.25-00.54.20:572][170]LogModuleManager: Shutting down and abandoning module MainFrame (266)
[2017.10.25-00.54.20:572][170]LogModuleManager: Shutting down and abandoning module HotReload (265)
[2017.10.25-00.54.20:572][170]LogModuleManager: Shutting down and abandoning module RuntimePhysXCooking (260)
[2017.10.25-00.54.20:572][170]LogModuleManager: Shutting down and abandoning module PhysXVehiclesEditor (258)
[2017.10.25-00.54.20:572][170]LogModuleManager: Shutting down and abandoning module PhysXVehicles (256)
[2017.10.25-00.54.20:572][170]LogModuleManager: Shutting down and abandoning module OculusEditor (254)
[2017.10.25-00.54.20:572][170]LogModuleManager: Shutting down and abandoning module LocationServicesBPLibrary (252)
[2017.10.25-00.54.20:572][170]LogModuleManager: Shutting down and abandoning module ImmediatePhysicsEditor (250)
[2017.10.25-00.54.20:572][170]LogModuleManager: Shutting down and abandoning module ImmediatePhysics (248)
[2017.10.25-00.54.20:572][170]LogModuleManager: Shutting down and abandoning module UdpMessaging (246)
[2017.10.25-00.54.20:673][170]LogModuleManager: Shutting down and abandoning module TcpMessaging (244)
[2017.10.25-00.54.20:774][170]LogModuleManager: Shutting down and abandoning module GameplayTagsEditor (242)
[2017.10.25-00.54.20:774][170]LogModuleManager: Shutting down and abandoning module FacialAnimationEditor (240)
[2017.10.25-00.54.20:774][170]LogModuleManager: Shutting down and abandoning module FacialAnimation (238)
[2017.10.25-00.54.20:774][170]LogModuleManager: Shutting down and abandoning module AssetManagerEditor (236)
[2017.10.25-00.54.20:774][170]LogModuleManager: Shutting down and abandoning module GraphEditor (235)
[2017.10.25-00.54.20:774][170]LogModuleManager: Shutting down and abandoning module ContentBrowser (233)
[2017.10.25-00.54.20:775][170]LogModuleManager: Shutting down and abandoning module LightPropagationVolumeRuntime (230)
[2017.10.25-00.54.20:775][170]LogModuleManager: Shutting down and abandoning module Paper2D (228)
[2017.10.25-00.54.20:775][170]LogModuleManager: Shutting down and abandoning module WindowsMoviePlayer (226)
[2017.10.25-00.54.20:775][170]LogModuleManager: Shutting down and abandoning module WmfMedia (224)
[2017.10.25-00.54.20:775][170]LogModuleManager: Shutting down and abandoning module PacketHandler (222)
[2017.10.25-00.54.20:775][170]LogModuleManager: Shutting down and abandoning module ClothingSystemEditor (220)
[2017.10.25-00.54.20:775][170]LogModuleManager: Shutting down and abandoning module ClothingSystemRuntime (218)
[2017.10.25-00.54.20:775][170]LogModuleManager: Shutting down and abandoning module Overlay (216)
[2017.10.25-00.54.20:775][170]LogModuleManager: Shutting down and abandoning module OverlayEditor (215)
[2017.10.25-00.54.20:775][170]LogModuleManager: Shutting down and abandoning module MediaAssets (212)
[2017.10.25-00.54.20:775][170]LogModuleManager: Shutting down and abandoning module VREditor (210)
[2017.10.25-00.54.20:775][170]LogModuleManager: Shutting down and abandoning module StringTableEditor (208)
[2017.10.25-00.54.20:775][170]LogModuleManager: Shutting down and abandoning module GameplayTasksEditor (206)
[2017.10.25-00.54.20:775][170]LogModuleManager: Shutting down and abandoning module BehaviorTreeEditor (204)
[2017.10.25-00.54.20:775][170]LogModuleManager: Shutting down and abandoning module FunctionalTesting (202)
[2017.10.25-00.54.20:775][170]LogModuleManager: Shutting down and abandoning module CollisionAnalyzer (200)
[2017.10.25-00.54.20:775][170]LogModuleManager: Shutting down and abandoning module WorkspaceMenuStructure (199)
[2017.10.25-00.54.20:775][170]LogModuleManager: Shutting down and abandoning module UMG (196)
[2017.10.25-00.54.20:775][170]LogModuleManager: Shutting down and abandoning module UMGEditor (195)
[2017.10.25-00.54.20:775][170]LogModuleManager: Shutting down and abandoning module Sequencer (194)
[2017.10.25-00.54.20:775][170]LogModuleManager: Shutting down and abandoning module MessageLog (191)
[2017.10.25-00.54.20:775][170]LogModuleManager: Shutting down and abandoning module SlateReflector (186)
[2017.10.25-00.54.20:775][170]LogModuleManager: Shutting down and abandoning module Slate (184)
[2017.10.25-00.54.20:775][170]LogModuleManager: Shutting down and abandoning module EditorStyle (182)
[2017.10.25-00.54.20:777][170]LogModuleManager: Shutting down and abandoning module MRMesh (180)
[2017.10.25-00.54.20:777][170]LogModuleManager: Shutting down and abandoning module SourceCodeAccess (178)
[2017.10.25-00.54.20:777][170]LogModuleManager: Shutting down and abandoning module HeadMountedDisplay (176)
[2017.10.25-00.54.20:777][170]LogModuleManager: Shutting down and abandoning module XAudio2 (174)
[2017.10.25-00.54.20:777][170]LogModuleManager: Shutting down and abandoning module Networking (172)
[2017.10.25-00.54.20:777][170]LogModuleManager: Shutting down and abandoning module Core (168)
[2017.10.25-00.54.20:777][170]LogModuleManager: Shutting down and abandoning module KismetCompiler (164)
[2017.10.25-00.54.20:777][170]LogModuleManager: Shutting down and abandoning module LevelSequence (162)
[2017.10.25-00.54.20:777][170]LogModuleManager: Shutting down and abandoning module MeshUtilities (160)
[2017.10.25-00.54.20:777][170]LogModuleManager: Shutting down and abandoning module MeshMergeUtilities (159)
[2017.10.25-00.54.20:777][170]LogModuleManager: Shutting down and abandoning module MeshReductionInterface (158)
[2017.10.25-00.54.20:777][170]LogModuleManager: Shutting down and abandoning module SimplygonSwarm (157)
[2017.10.25-00.54.20:777][170]LogModuleManager: Shutting down and abandoning module SimplygonMeshReduction (155)
[2017.10.25-00.54.20:778][170]LogModuleManager: Shutting down and abandoning module QuadricMeshReduction (153)
[2017.10.25-00.54.20:778][170]LogModuleManager: Shutting down and abandoning module MaterialBaking (149)
[2017.10.25-00.54.20:778][170]LogModuleManager: Shutting down and abandoning module DirectoryWatcher (146)
[2017.10.25-00.54.20:778][170]LogModuleManager: Shutting down and abandoning module DerivedDataCache (144)
[2017.10.25-00.54.21:186][170]LogDerivedDataCache: Shutdown
[2017.10.25-00.54.21:186][170]LogModuleManager: Shutting down and abandoning module TargetPlatform (142)
[2017.10.25-00.54.21:186][170]LogModuleManager: Shutting down and abandoning module VulkanShaderFormat (141)
[2017.10.25-00.54.21:186][170]LogModuleManager: Shutting down and abandoning module ShaderFormatVectorVM (139)
[2017.10.25-00.54.21:186][170]LogModuleManager: Shutting down and abandoning module ShaderFormatOpenGL (137)
[2017.10.25-00.54.21:186][170]LogModuleManager: Shutting down and abandoning module ShaderFormatD3D (135)
[2017.10.25-00.54.21:186][170]LogModuleManager: Shutting down and abandoning module MetalShaderFormat (133)
[2017.10.25-00.54.21:186][170]LogModuleManager: Shutting down and abandoning module TextureFormatUncompressed (131)
[2017.10.25-00.54.21:186][170]LogModuleManager: Shutting down and abandoning module TextureFormatPVR (129)
[2017.10.25-00.54.21:186][170]LogModuleManager: Shutting down and abandoning module TextureFormatDXT (127)
[2017.10.25-00.54.21:186][170]LogModuleManager: Shutting down and abandoning module TextureFormatIntelISPCTexComp (125)
[2017.10.25-00.54.21:186][170]LogModuleManager: Shutting down and abandoning module TextureFormatASTC (123)
[2017.10.25-00.54.21:186][170]LogModuleManager: Shutting down and abandoning module ImageWrapper (122)
[2017.10.25-00.54.21:186][170]LogModuleManager: Shutting down and abandoning module TextureFormatAndroid (119)
[2017.10.25-00.54.21:186][170]LogModuleManager: Shutting down and abandoning module AudioFormatOpus (117)
[2017.10.25-00.54.21:186][170]LogModuleManager: Shutting down and abandoning module AudioFormatOgg (115)
[2017.10.25-00.54.21:186][170]LogModuleManager: Shutting down and abandoning module AudioFormatADPCM (113)
[2017.10.25-00.54.21:186][170]LogModuleManager: Shutting down and abandoning module LinuxTargetPlatform (111)
[2017.10.25-00.54.21:186][170]LogModuleManager: Shutting down and abandoning module LinuxServerTargetPlatform (109)
[2017.10.25-00.54.21:186][170]LogModuleManager: Shutting down and abandoning module LinuxNoEditorTargetPlatform (107)
[2017.10.25-00.54.21:186][170]LogModuleManager: Shutting down and abandoning module LinuxClientTargetPlatform (105)
[2017.10.25-00.54.21:186][170]LogModuleManager: Shutting down and abandoning module TVOSTargetPlatform (103)
[2017.10.25-00.54.21:186][170]LogModuleManager: Shutting down and abandoning module Messaging (101)
[2017.10.25-00.54.21:186][170]LogModuleManager: Shutting down and abandoning module IOSTargetPlatform (99)
[2017.10.25-00.54.21:186][170]LogModuleManager: Shutting down and abandoning module HTML5TargetPlatform (97)
[2017.10.25-00.54.21:186][170]LogModuleManager: Shutting down and abandoning module Android_PVRTCTargetPlatform (95)
[2017.10.25-00.54.21:186][170]LogModuleManager: Shutting down and abandoning module Android_MultiTargetPlatform (93)
[2017.10.25-00.54.21:186][170]LogModuleManager: Shutting down and abandoning module Android_ETC2TargetPlatform (91)
[2017.10.25-00.54.21:186][170]LogModuleManager: Shutting down and abandoning module Android_ETC1TargetPlatform (89)
[2017.10.25-00.54.21:187][170]LogModuleManager: Shutting down and abandoning module Android_DXTTargetPlatform (87)
[2017.10.25-00.54.21:187][170]LogModuleManager: Shutting down and abandoning module Android_ATCTargetPlatform (85)
[2017.10.25-00.54.21:187][170]LogModuleManager: Shutting down and abandoning module Android_ASTCTargetPlatform (83)
[2017.10.25-00.54.21:187][170]LogModuleManager: Shutting down and abandoning module AndroidTargetPlatform (81)
[2017.10.25-00.54.21:187][170]LogModuleManager: Shutting down and abandoning module WindowsTargetPlatform (79)
[2017.10.25-00.54.21:187][170]LogModuleManager: Shutting down and abandoning module WindowsServerTargetPlatform (77)
[2017.10.25-00.54.21:187][170]LogModuleManager: Shutting down and abandoning module WindowsNoEditorTargetPlatform (75)
[2017.10.25-00.54.21:187][170]LogModuleManager: Shutting down and abandoning module WindowsClientTargetPlatform (73)
[2017.10.25-00.54.21:187][170]LogModuleManager: Shutting down and abandoning module MacTargetPlatform (71)
[2017.10.25-00.54.21:187][170]LogModuleManager: Shutting down and abandoning module MacServerTargetPlatform (69)
[2017.10.25-00.54.21:187][170]LogModuleManager: Shutting down and abandoning module MacNoEditorTargetPlatform (67)
[2017.10.25-00.54.21:187][170]LogModuleManager: Shutting down and abandoning module MacClientTargetPlatform (65)
[2017.10.25-00.54.21:187][170]LogModuleManager: Shutting down and abandoning module AllDesktopTargetPlatform (63)
[2017.10.25-00.54.21:187][170]LogModuleManager: Shutting down and abandoning module InputCore (60)
[2017.10.25-00.54.21:187][170]LogModuleManager: Shutting down and abandoning module Settings (58)
[2017.10.25-00.54.21:187][170]LogModuleManager: Shutting down and abandoning module PhysXCooking (56)
[2017.10.25-00.54.21:187][170]LogModuleManager: Shutting down and abandoning module SteamVR (54)
[2017.10.25-00.54.21:187][170]LogModuleManager: Shutting down and abandoning module OculusHMD (52)
[2017.10.25-00.54.21:187][170]LogModuleManager: Shutting down and abandoning module ExampleDeviceProfileSelector (50)
[2017.10.25-00.54.21:187][170]LogModuleManager: Shutting down and abandoning module OnlineBlueprintSupport (48)
[2017.10.25-00.54.21:187][170]LogModuleManager: Shutting down and abandoning module OnlineSubsystem (44)
[2017.10.25-00.54.21:187][170]LogOnline: Display: Unloading online subsystem: NULL
[2017.10.25-00.54.21:187][170]LogModuleManager: Shutting down and abandoning module XMPP (43)
[2017.10.25-00.54.21:187][170]LogModuleManager: Shutting down and abandoning module HTTP (41)
[2017.10.25-00.54.21:187][170]LogHttp: Display: Http module shutting down, but needs to wait on 1 outstanding Http requests:
[2017.10.25-00.54.21:187][170]LogHttp: Display: 	verb=[POST] url=[https://datarouter.ol.epicgames.com/datarouter/api/v1/public/data?SessionID=%7BF14B75AC-47AD-F230-2FBB-648718D4DDF6%7D&AppID=UEEditor.Rocket.Release&AppVersion=4.17.2-3658906%2B%2B%2BUE4%2BRelease-4.17&UserID=0f1b06f744dd524406daf9942190c72d%7Cc1937645ac6944d5afa1a9bcaa1303b1%7C6923ac25-2993-4f60-9935-a5fef3bbb200&AppEnvironment=datacollector-binary&UploadType=eteventstream] status=Processing
[2017.10.25-00.54.21:218][170]LogModuleManager: Shutting down and abandoning module SSL (40)
[2017.10.25-00.54.21:220][170]LogModuleManager: Shutting down and abandoning module AnimationModifiers (36)
[2017.10.25-00.54.21:220][170]LogModuleManager: Shutting down and abandoning module PropertyEditor (35)
[2017.10.25-00.54.21:220][170]LogModuleManager: Shutting down and abandoning module AudioEditor (32)
[2017.10.25-00.54.21:220][170]LogModuleManager: Shutting down and abandoning module TextureCompressor (30)
[2017.10.25-00.54.21:220][170]LogModuleManager: Shutting down and abandoning module ShaderCore (28)
[2017.10.25-00.54.21:220][170]LogModuleManager: Shutting down and abandoning module Landscape (26)
[2017.10.25-00.54.21:220][170]LogModuleManager: Shutting down and abandoning module SlateRHIRenderer (24)
[2017.10.25-00.54.21:221][170]LogModuleManager: Shutting down and abandoning module OpenGLDrv (22)
[2017.10.25-00.54.21:221][170]LogModuleManager: Shutting down and abandoning module D3D11RHI (20)
[2017.10.25-00.54.21:221][170]LogModuleManager: Shutting down and abandoning module AnimGraphRuntime (18)
[2017.10.25-00.54.21:221][170]LogModuleManager: Shutting down and abandoning module Renderer (16)
[2017.10.25-00.54.21:221][170]LogModuleManager: Shutting down and abandoning module Engine (14)
[2017.10.25-00.54.21:221][170]LogModuleManager: Shutting down and abandoning module CoreUObject (12)
[2017.10.25-00.54.21:221][170]LogModuleManager: Shutting down and abandoning module NetworkFile (10)
[2017.10.25-00.54.21:221][170]LogModuleManager: Shutting down and abandoning module CookedIterativeFile (8)
[2017.10.25-00.54.21:221][170]LogModuleManager: Shutting down and abandoning module StreamingFile (6)
[2017.10.25-00.54.21:221][170]LogModuleManager: Shutting down and abandoning module SandboxFile (4)
[2017.10.25-00.54.21:221][170]LogModuleManager: Shutting down and abandoning module PakFile (2)
[2017.10.25-00.54.21:223][170]LogExit: Exiting.
[2017.10.25-00.54.21:237][170]Log file closed, 10/25/17 11:54:21
