Log file open, 10/25/17 11:48:14
LogWindows: Failed to load 'aqProf.dll' (GetLastError=126)
LogWindows: File 'aqProf.dll' does not exist
LogWindows: Failed to load 'VSPerf140.dll' (GetLastError=126)
LogWindows: File 'VSPerf140.dll' does not exist
LogWindows: Failed to load 'VtuneApi.dll' (GetLastError=126)
LogWindows: File 'VtuneApi.dll' does not exist
LogWindows: Failed to load 'VtuneApi32e.dll' (GetLastError=126)
LogWindows: File 'VtuneApi32e.dll' does not exist
LogInit: Display: Running engine for game: InjectEm
LogPlatformFile: Not using cached read wrapper
LogInit: Display: RandInit(-1004839528) SRandInit(-1004839528).
LogTaskGraph: Started task graph with 5 named threads and 14 total threads with 3 sets of task threads.
LogStats: Stats thread started at 0.163011
LogD3D11RHI: Aftermath initialized
LogPluginManager: Mounting plugin Paper2D
LogPluginManager: Mounting plugin LightPropagationVolume
LogPluginManager: Mounting plugin CodeLiteSourceCodeAccess
LogPluginManager: Mounting plugin GitSourceControl
LogPluginManager: Mounting plugin KDevelopSourceCodeAccess
LogPluginManager: Mounting plugin NullSourceCodeAccess
LogPluginManager: Mounting plugin PerforceSourceControl
LogPluginManager: Mounting plugin SubversionSourceControl
LogPluginManager: Mounting plugin UObjectPlugin
LogPluginManager: Mounting plugin VisualStudioSourceCodeAccess
LogPluginManager: Mounting plugin XCodeSourceCodeAccess
LogPluginManager: Mounting plugin AssetManagerEditor
LogPluginManager: Mounting plugin AudioCapture
LogPluginManager: Mounting plugin FacialAnimation
LogPluginManager: Mounting plugin GameplayTagsEditor
LogPluginManager: Mounting plugin MobileLauncherProfileWizard
LogPluginManager: Mounting plugin PluginBrowser
LogPluginManager: Mounting plugin SpeedTreeImporter
LogPluginManager: Mounting plugin AlembicImporter
LogPluginManager: Mounting plugin CharacterAI
LogPluginManager: Mounting plugin HTML5Networking
LogPluginManager: Mounting plugin AndroidMedia
LogPluginManager: Mounting plugin AvfMedia
LogPluginManager: Mounting plugin MediaPlayerEditor
LogPluginManager: Mounting plugin WmfMedia
LogPluginManager: Mounting plugin TcpMessaging
LogPluginManager: Mounting plugin UdpMessaging
LogPluginManager: Mounting plugin LevelSequenceEditor
LogPluginManager: Mounting plugin MatineeToLevelSequence
LogPluginManager: Mounting plugin OnlineSubsystemGooglePlay
LogPluginManager: Mounting plugin OnlineSubsystemIOS
LogPluginManager: Mounting plugin OnlineSubsystem
LogPluginManager: Mounting plugin OnlineSubsystemNull
LogPluginManager: Mounting plugin OnlineSubsystemUtils
LogPluginManager: Mounting plugin AndroidDeviceProfileSelector
LogPluginManager: Mounting plugin AndroidMoviePlayer
LogPluginManager: Mounting plugin AndroidPermission
LogPluginManager: Mounting plugin AppleMoviePlayer
LogPluginManager: Mounting plugin ArchVisCharacter
LogPluginManager: Mounting plugin CableComponent
LogPluginManager: Mounting plugin CustomMeshComponent
LogPluginManager: Mounting plugin ExampleDeviceProfileSelector
LogPluginManager: Mounting plugin GoogleCloudMessaging
LogPluginManager: Mounting plugin ImmediatePhysics
LogPluginManager: Mounting plugin IOSDeviceProfileSelector
LogPluginManager: Mounting plugin LinuxDeviceProfileSelector
LogPluginManager: Mounting plugin LocationServicesBPLibrary
LogPluginManager: Mounting plugin MobilePatchingUtils
LogPluginManager: Mounting plugin OculusVR
LogPluginManager: Mounting plugin PhysXVehicles
LogPluginManager: Mounting plugin ProceduralMeshComponent
LogPluginManager: Mounting plugin RuntimePhysXCooking
LogPluginManager: Mounting plugin SteamVR
LogPluginManager: Mounting plugin WindowsMoviePlayer
LogInit: Using libcurl 7.47.1
LogInit:  - built for x86_64-pc-win32
LogInit:  - supports SSL with OpenSSL/1.0.2g
LogInit:  - supports HTTP deflate (compression) using libz 1.2.8
LogInit:  - other features:
LogInit:      CURL_VERSION_SSL
LogInit:      CURL_VERSION_LIBZ
LogInit:      CURL_VERSION_IPV6
LogInit:      CURL_VERSION_ASYNCHDNS
LogInit:      CURL_VERSION_LARGEFILE
LogInit:      CURL_VERSION_IDN
LogInit:  CurlRequestOptions (configurable via config and command line):
LogInit:  - bVerifyPeer = false  - Libcurl will NOT verify peer certificate
LogInit:  - bUseHttpProxy = false  - Libcurl will NOT use HTTP proxy
LogInit:  - bDontReuseConnections = false  - Libcurl will reuse connections
LogInit:  - CertBundlePath = nullptr  - Libcurl will use whatever was configured at build time.
LogInit: Build: ++UE4+Release-4.17-CL-3658906
LogInit: Engine Version: 4.17.2-3658906+++UE4+Release-4.17
LogInit: Compatible Engine Version: 4.17.0-3573198+++UE4+Release-4.17
LogInit: Net CL: 3573198
LogDevObjectVersion: Number of dev versions registered: 16
LogDevObjectVersion:   Dev-Blueprints (B0D832E4-1F89-4F0D-ACCF-7EB736FD4AA2): 10
LogDevObjectVersion:   Dev-Build (E1C64328-A22C-4D53-A36C-8E866417BD8C): 0
LogDevObjectVersion:   Dev-Core (375EC13C-06E4-48FB-B500-84F0262A717E): 2
LogDevObjectVersion:   Dev-Editor (E4B068ED-F494-42E9-A231-DA0B2E46BB41): 20
LogDevObjectVersion:   Dev-Framework (CFFC743F-43B0-4480-9391-14DF171D2073): 28
LogDevObjectVersion:   Dev-Mobile (B02B49B5-BB20-44E9-A304-32B752E40360): 0
LogDevObjectVersion:   Dev-Networking (A4E4105C-59A1-49B5-A7C5-40C4547EDFEE): 0
LogDevObjectVersion:   Dev-Online (39C831C9-5AE6-47DC-9A44-9C173E1C8E7C): 0
LogDevObjectVersion:   Dev-Physics (78F01B33-EBEA-4F98-B9B4-84EACCB95AA2): 0
LogDevObjectVersion:   Dev-Platform (6631380F-2D4D-43E0-8009-CF276956A95A): 0
LogDevObjectVersion:   Dev-Rendering (12F88B9F-8875-4AFC-A67C-D90C383ABD29): 19
LogDevObjectVersion:   Dev-Sequencer (7B5AE74C-D270-4C10-A958-57980B212A5A): 4
LogDevObjectVersion:   Dev-VR (D7296918-1DD6-4BDD-9DE2-64A83CC13884): 0
LogDevObjectVersion:   Dev-LoadTimes (C2A15278-BFE7-4AFE-6C17-90FF531DF755): 1
LogDevObjectVersion:   Private-Geometry (6EACA3D4-40EC-4CC1-B786-8BED09428FC5): 1
LogDevObjectVersion:   Dev-AnimPhys (29E575DD-E0A3-4627-9D10-D276232CDCEA): 7
LogInit: Compiled (64-bit): Sep 22 2017 13:47:16
LogInit: Compiled with Visual C++: 19.00.24215.01
LogInit: Build Configuration: Development
LogInit: Branch Name: ++UE4+Release-4.17
LogInit: Command line:  
LogInit: Base directory: E:/Software/UE_4.17/Engine/Binaries/Win64/
LogInit: Installed Engine Build: 1
LogInit: Presizing for max 8388607 objects, including 0 objects not considered by GC, pre-allocating 0 bytes for permanent pool.
LogInit: Object subsystem initialized
[2017.10.25-00.48.14:471][  0]LogInit: Selected Device Profile: [Windows]
[2017.10.25-00.48.14:471][  0]LogInit: Applying CVar settings loaded from the selected device profile: [Windows]
[2017.10.25-00.48.14:483][  0]LogInit: Computer: RICARDOPC
[2017.10.25-00.48.14:483][  0]LogInit: User: RicardoB
[2017.10.25-00.48.14:483][  0]LogInit: CPU Page size=4096, Cores=4
[2017.10.25-00.48.14:483][  0]LogInit: High frequency timer resolution =3.410235 MHz
[2017.10.25-00.48.14:483][  0]LogMemory: Memory total: Physical=15.9GB (16GB approx)
[2017.10.25-00.48.14:483][  0]LogMemory: Platform Memory Stats for Windows
[2017.10.25-00.48.14:483][  0]LogMemory: Process Physical Memory: 276.41 MB used, 276.41 MB peak
[2017.10.25-00.48.14:483][  0]LogMemory: Process Virtual Memory: 282.09 MB used, 282.09 MB peak
[2017.10.25-00.48.14:483][  0]LogMemory: Physical Memory: 7213.16 MB used,  9108.97 MB free, 16322.13 MB total
[2017.10.25-00.48.14:483][  0]LogMemory: Virtual Memory: 655.77 MB used,  9108.97 MB free, 134217728.00 MB total
[2017.10.25-00.48.14:598][  0]LogInit: Using OS detected language (en-GB).
[2017.10.25-00.48.14:598][  0]LogInit: Using OS detected locale (en-AU).
[2017.10.25-00.48.14:602][  0]LogTextLocalizationManager: No specific localization for 'en-GB' exists, so the 'en' localization will be used.
[2017.10.25-00.48.15:254][  0]LogD3D11RHI: D3D11 adapters:
[2017.10.25-00.48.15:277][  0]LogD3D11RHI:    0. 'NVIDIA GeForce GTX 1060 3GB' (Feature Level 11_0)
[2017.10.25-00.48.15:277][  0]LogD3D11RHI:       2939/0/8161 MB DedicatedVideo/DedicatedSystem/SharedSystem, Outputs:2, VendorId:0x10de
[2017.10.25-00.48.15:278][  0]LogD3D11RHI:    1. 'Microsoft Basic Render Driver' (Feature Level 11_0)
[2017.10.25-00.48.15:278][  0]LogD3D11RHI:       0/0/256 MB DedicatedVideo/DedicatedSystem/SharedSystem, Outputs:0, VendorId:0x1414
[2017.10.25-00.48.15:278][  0]LogD3D11RHI: Chosen D3D11 Adapter: 0
[2017.10.25-00.48.15:282][  0]LogD3D11RHI: Creating new Direct3DDevice
[2017.10.25-00.48.15:282][  0]LogD3D11RHI:     GPU DeviceId: 0x1c02 (for the marketing name, search the web for "GPU Device Id")
[2017.10.25-00.48.15:282][  0]LogWindows: EnumDisplayDevices:
[2017.10.25-00.48.15:282][  0]LogWindows:    0. 'NVIDIA GeForce GTX 1060 3GB' (P:1 D:1)
[2017.10.25-00.48.15:282][  0]LogWindows:    1. 'NVIDIA GeForce GTX 1060 3GB' (P:0 D:1)
[2017.10.25-00.48.15:282][  0]LogWindows:    2. 'NVIDIA GeForce GTX 1060 3GB' (P:0 D:0)
[2017.10.25-00.48.15:283][  0]LogWindows:    3. 'NVIDIA GeForce GTX 1060 3GB' (P:0 D:0)
[2017.10.25-00.48.15:283][  0]LogWindows: DebugString: FoundDriverCount:4 
[2017.10.25-00.48.15:283][  0]LogD3D11RHI:     Adapter Name: NVIDIA GeForce GTX 1060 3GB
[2017.10.25-00.48.15:283][  0]LogD3D11RHI:   Driver Version: 384.94 (internal:22.21.13.8494, unified:384.94)
[2017.10.25-00.48.15:283][  0]LogD3D11RHI:      Driver Date: 7-18-2017
[2017.10.25-00.48.15:283][  0]LogRHI: Texture pool is 1361 MB (70% of 1945 MB)
[2017.10.25-00.48.15:300][  0]LogD3D11RHI: Async texture creation enabled
[2017.10.25-00.48.15:319][  0]LogD3D11RHI: GPU Timing Frequency: 1000.000000 (Debug: 2 2)
[2017.10.25-00.48.15:416][  0]LogShaderCompilers: Guid format shader working directory is 21 characters bigger than the processId version (C:/UE4StudioProject/InjectEm/Intermediate/Shaders/WorkingDirectory/6484/).
[2017.10.25-00.48.15:416][  0]LogShaderCompilers: Cleaned the shader compiler working directory 'C:/Users/RicardoB/AppData/Local/Temp/UnrealShaderWorkingDir/E1BBE5A94E53800F1DDEC4A7C45E926C/'.
[2017.10.25-00.48.15:417][  0]LogShaderCompilers: Display: Using Local Shader Compiler.
[2017.10.25-00.48.16:290][  0]LogTemp: Display: Loaded TP AllDesktopTargetPlatform
[2017.10.25-00.48.16:328][  0]LogTemp: Display: Loaded TP MacClientTargetPlatform
[2017.10.25-00.48.16:366][  0]LogTemp: Display: Loaded TP MacNoEditorTargetPlatform
[2017.10.25-00.48.16:404][  0]LogTemp: Display: Loaded TP MacServerTargetPlatform
[2017.10.25-00.48.16:442][  0]LogTemp: Display: Loaded TP MacTargetPlatform
[2017.10.25-00.48.16:480][  0]LogTemp: Display: Loaded TP WindowsClientTargetPlatform
[2017.10.25-00.48.16:519][  0]LogTemp: Display: Loaded TP WindowsNoEditorTargetPlatform
[2017.10.25-00.48.16:558][  0]LogTemp: Display: Loaded TP WindowsServerTargetPlatform
[2017.10.25-00.48.16:589][  0]LogTemp: Display: Loaded TP WindowsTargetPlatform
[2017.10.25-00.48.16:626][  0]LogTemp: Display: Loaded TP AndroidTargetPlatform
[2017.10.25-00.48.16:667][  0]LogTemp: Display: Loaded TP Android_ASTCTargetPlatform
[2017.10.25-00.48.16:705][  0]LogTemp: Display: Loaded TP Android_ATCTargetPlatform
[2017.10.25-00.48.16:743][  0]LogTemp: Display: Loaded TP Android_DXTTargetPlatform
[2017.10.25-00.48.16:782][  0]LogTemp: Display: Loaded TP Android_ETC1TargetPlatform
[2017.10.25-00.48.16:819][  0]LogTemp: Display: Loaded TP Android_ETC2TargetPlatform
[2017.10.25-00.48.16:901][  0]LogTemp: Display: Loaded TP Android_MultiTargetPlatform
[2017.10.25-00.48.16:901][  0]LogTemp: Display: Loaded TP Android_PVRTCTargetPlatform
[2017.10.25-00.48.16:927][  0]LogTemp: Display: Loaded TP HTML5TargetPlatform
[2017.10.25-00.48.17:000][  0]LogTemp: Display: Loaded TP IOSTargetPlatform
[2017.10.25-00.48.17:024][  0]LogTemp: Display: Loaded TP TVOSTargetPlatform
[2017.10.25-00.48.17:062][  0]LogTemp: Display: Loaded TP LinuxClientTargetPlatform
[2017.10.25-00.48.17:100][  0]LogTemp: Display: Loaded TP LinuxNoEditorTargetPlatform
[2017.10.25-00.48.17:137][  0]LogTemp: Display: Loaded TP LinuxServerTargetPlatform
[2017.10.25-00.48.17:175][  0]LogTemp: Display: Loaded TP LinuxTargetPlatform
[2017.10.25-00.48.17:175][  0]LogTargetPlatformManager: Display: Building Assets For Windows
[2017.10.25-00.48.17:489][  0]LogDerivedDataCache: Display: Max Cache Size: 512 MB
[2017.10.25-00.48.17:585][  0]LogDerivedDataCache: Loaded boot cache 0.10s 93MB C:/Users/RicardoB/AppData/Local/UnrealEngine/4.17/DerivedDataCache/Boot.ddc.
[2017.10.25-00.48.17:585][  0]LogDerivedDataCache: Display: Loaded Boot cache: C:/Users/RicardoB/AppData/Local/UnrealEngine/4.17/DerivedDataCache/Boot.ddc
[2017.10.25-00.48.17:585][  0]LogDerivedDataCache: FDerivedDataBackendGraph:  Pak pak cache file C:/UE4StudioProject/InjectEm/DerivedDataCache/DDC.ddp not found, will not use a pak cache.
[2017.10.25-00.48.17:585][  0]LogDerivedDataCache: Unable to find inner node Pak for hierarchical cache Hierarchy.
[2017.10.25-00.48.17:585][  0]LogDerivedDataCache: FDerivedDataBackendGraph:  CompressedPak pak cache file C:/UE4StudioProject/InjectEm/DerivedDataCache/Compressed.ddp not found, will not use a pak cache.
[2017.10.25-00.48.17:585][  0]LogDerivedDataCache: Unable to find inner node CompressedPak for hierarchical cache Hierarchy.
[2017.10.25-00.48.17:603][  0]LogDerivedDataCache: Display: Pak cache opened for reading ../../../Engine/DerivedDataCache/Compressed.ddp.
[2017.10.25-00.48.17:615][  0]LogDerivedDataCache: Using Local data cache path C:/Users/RicardoB/AppData/Local/UnrealEngine/Common/DerivedDataCache: Writable
[2017.10.25-00.48.17:627][  0]LogMaterial: Verifying Global Shaders for PCD3D_SM5
[2017.10.25-00.48.17:628][  0]LogSlate: Using Freetype 2.6.0
[2017.10.25-00.48.17:628][  0]LogSlate: SlateFontCache - WITH_FREETYPE: 1, WITH_HARFBUZZ: 1
[2017.10.25-00.48.17:628][  0]LogSlate: SlateFontCache - WITH_FREETYPE: 1, WITH_HARFBUZZ: 1
[2017.10.25-00.48.17:942][  0]LogAssetRegistry: FAssetRegistry took 0.0276 seconds to start up
[2017.10.25-00.48.18:058][  0]LogInit: Selected Device Profile: [Windows]
[2017.10.25-00.48.18:340][  0]LogSimplygon: Simplygon DLL not present - disabling.
[2017.10.25-00.48.18:366][  0]LogMeshReduction: Using SimplygonSwarm for distributed automatic mesh merging
[2017.10.25-00.48.18:366][  0]LogMeshReduction: Using QuadricMeshReduction for automatic static mesh reduction
[2017.10.25-00.48.18:366][  0]LogMeshReduction: No automatic skeletal mesh reduction module available
[2017.10.25-00.48.18:366][  0]LogMeshReduction: No automatic mesh merging module available
[2017.10.25-00.48.18:366][  0]LogMeshMerging: No automatic mesh merging module available
[2017.10.25-00.48.18:368][  0]LogContentStreaming: Texture pool size is 0.00 MB
[2017.10.25-00.48.18:806][  0]LogNetVersion: InjectEm , NetCL: 3573198, EngineNetVer: 2, GameNetVer: 0 (Checksum: 2783763102)
[2017.10.25-00.48.19:008][  0]LogPackageLocalizationCache: Processed 5 localized package path(s) for 2 prioritized culture(s) in 0.042704 seconds
[2017.10.25-00.48.19:014][  0]LogUObjectArray: 35825 objects as part of root set at end of initial load.
[2017.10.25-00.48.19:014][  0]LogUObjectAllocator: 7529104 out of 0 bytes used by permanent object pool.
[2017.10.25-00.48.19:014][  0]LogUObjectArray: CloseDisregardForGC: 0/0 objects in disregard for GC pool
[2017.10.25-00.48.19:056][  0]LogInit: WinSock: version 1.1 (2.2), MaxSocks=32767, MaxUdp=65467
[2017.10.25-00.48.21:077][  0]LogTcpMessaging: Initializing TcpMessaging bridge
[2017.10.25-00.48.21:105][  0]LogUdpMessaging: Initializing bridge on interface 0.0.0.0:0 to multicast group 230.0.0.1:6666.
[2017.10.25-00.48.21:565][  0]LogMaterial: Uniform references updated for custom material expression Custom.
[2017.10.25-00.48.21:852][  0]SourceControl: Source control is disabled
[2017.10.25-00.48.21:852][  0]SourceControl: Source control is disabled
[2017.10.25-00.48.21:884][  0]SourceControl: Source control is disabled
[2017.10.25-00.48.21:918][  0]SourceControl: Source control is disabled
[2017.10.25-00.48.22:282][  0]LogAndroidPermission: UAndroidPermissionCallbackProxy::GetInstance
[2017.10.25-00.48.22:439][  0]LogOcInput: OculusInput pre-init called
[2017.10.25-00.48.22:625][  0]LogEngine: Initializing Engine...
[2017.10.25-00.48.22:626][  0]LogHMD: Failed to initialize OpenVR with code 110
[2017.10.25-00.48.22:891][  0]LogStats: UGameplayTagsManager::ConstructGameplayTagTree: Construct from data asset -  0.000 s
[2017.10.25-00.48.22:891][  0]LogStats: UGameplayTagsManager::ConstructGameplayTagTree: GameplayTagTreeChangedEvent.Broadcast -  0.000 s
[2017.10.25-00.48.22:969][  0]LogAIModule: Creating AISystem for world Untitled
[2017.10.25-00.48.22:982][  0]LogInit: XAudio2 using 'Speakers / Headphones (IDT High Definition Audio CODEC)' : 2 channels at 48 kHz using 32 bits per sample (channel mask 0x3)
[2017.10.25-00.48.22:993][  0]LogInit: FAudioDevice initialized.
[2017.10.25-00.48.23:122][  0]LogDerivedDataCache: Saved boot cache 0.13s 93MB C:/Users/RicardoB/AppData/Local/UnrealEngine/4.17/DerivedDataCache/Boot.ddc.
[2017.10.25-00.48.23:134][  0]LogInit: Texture streaming: Enabled
[2017.10.25-00.48.23:206][  0]LogEngineSessionManager: EngineSessionManager initialized
[2017.10.25-00.48.23:348][  0]LogInit: Transaction tracking system initialized
[2017.10.25-00.48.23:543][  0]BlueprintLog: New page: Editor Load
[2017.10.25-00.48.24:118][  0]LocalizationService: Localization service is disabled
[2017.10.25-00.48.24:583][  0]LogConsoleResponse: Display: 
[2017.10.25-00.48.24:743][  0]LogCook: Display: Max memory allowance for cook 16384mb min free memory 0mb
[2017.10.25-00.48.24:743][  0]LogCook: Display: Mobile HDR setting 1
[2017.10.25-00.48.24:743][  0]LogGameplayTags: Display: UGameplayTagsManager::DoneAddingNativeTags. DelegateIsBound: 0
[2017.10.25-00.48.25:085][  0]LogFileCache: Scanning file cache for directory 'C:/UE4StudioProject/InjectEm/Content/' took 0.01s
[2017.10.25-00.48.25:431][  0]SourceControl: Source control is disabled
[2017.10.25-00.48.25:431][  0]Cmd: MAP LOAD FILE="C:/UE4StudioProject/InjectEm/Content/TopDownBP/Maps/TopDownExampleMap.umap" TEMPLATE=0 SHOWPROGRESS=1 FEATURELEVEL=3
[2017.10.25-00.48.25:431][  0]LightingResults: New page: Lighting Build
[2017.10.25-00.48.25:458][  0]MapCheck: New page: Map Check
[2017.10.25-00.48.25:458][  0]LightingResults: New page: Lighting Build
[2017.10.25-00.48.25:970][  0]LogAIModule: Creating AISystem for world TopDownExampleMap
[2017.10.25-00.48.25:979][  0]LogEditorServer: Finished looking for orphan Actors (0.000 secs)
[2017.10.25-00.48.26:004][  0]Cmd: MAP CHECKDEP NOCLEARLOG
[2017.10.25-00.48.26:046][  0]MapCheck: Map check complete: 0 Error(s), 0 Warning(s), took 41.625ms to complete.
[2017.10.25-00.48.26:046][  0]LogFileHelpers: Loading map 'TopDownExampleMap' took 0.616
[2017.10.25-00.48.26:238][  0]LogCollectionManager: Loaded 0 collections in 0.000785 seconds
[2017.10.25-00.48.26:305][  0]LogFileCache: Scanning file cache for directory 'C:/UE4StudioProject/InjectEm/Saved/Collections/' took 0.01s
[2017.10.25-00.48.26:305][  0]LogFileCache: Scanning file cache for directory 'C:/UE4StudioProject/InjectEm/Content/Developers/RicardoB/Collections/' took 0.01s
[2017.10.25-00.48.26:305][  0]LogFileCache: Scanning file cache for directory 'C:/UE4StudioProject/InjectEm/Content/Collections/' took 0.01s
[2017.10.25-00.48.26:305][  0]LogCollectionManager: Rebuilt the GUID cache for 0 collections in 0.000001 seconds
[2017.10.25-00.48.26:315][  0]LogContentBrowser: Native class hierarchy populated in 0.0095 seconds. Added 2386 classes and 500 folders.
[2017.10.25-00.48.26:357][  0]LogContentBrowser: Native class hierarchy updated for 'WidgetCarousel' in 0.0006 seconds. Added 0 classes and 0 folders.
[2017.10.25-00.48.26:388][  0]LogContentBrowser: Native class hierarchy updated for 'AddContentDialog' in 0.0006 seconds. Added 0 classes and 0 folders.
[2017.10.25-00.48.26:417][  0]LogContentBrowser: Native class hierarchy updated for 'SceneOutliner' in 0.0008 seconds. Added 1 classes and 2 folders.
[2017.10.25-00.48.26:493][  0]LogSlate: Took 0.000202 seconds to synchronously load lazily loaded font '../../../Engine/Content/Slate/Fonts/Roboto-Regular.ttf' (155K)
[2017.10.25-00.48.26:495][  0]LogSlate: Took 0.000155 seconds to synchronously load lazily loaded font '../../../Engine/Content/Slate/Fonts/Roboto-Bold.ttf' (160K)
[2017.10.25-00.48.26:504][  0]LogSlate: Took 0.000147 seconds to synchronously load lazily loaded font '../../../Engine/Content/Editor/Slate/Fonts/FontAwesome.ttf' (139K)
[2017.10.25-00.48.26:621][  0]LogRenderer: Reallocating scene render targets to support 1040x508 Format 10 NumSamples 1 (Frame:1).
[2017.10.25-00.48.26:816][  0]LogContentBrowser: Native class hierarchy updated for 'HierarchicalLODOutliner' in 0.0009 seconds. Added 1 classes and 2 folders.
[2017.10.25-00.48.26:816][  0]LogLoad: (Engine Initialization) Total time: 13.56 seconds
[2017.10.25-00.48.26:816][  0]LogLoad: (Engine Initialization) Total Blueprint compile time: 0.00 seconds
[2017.10.25-00.48.26:817][  0]LogExternalProfiler: No external profilers were discovered.  External profiling features will not be available.
[2017.10.25-00.48.27:186][  0]LogContentStreaming: Texture pool size now 3000 MB
[2017.10.25-00.48.27:842][  2]LogAssetRegistry: Asset discovery search completed in 9.9236 seconds
[2017.10.25-00.48.27:845][  2]LogCollectionManager: Rebuilt the object cache for 0 collections in 0.000002 seconds (found 0 objects)
[2017.10.25-00.48.27:846][  2]LogCollectionManager: Fixed up redirectors for 0 collections in 0.000131 seconds (updated 0 objects)
[2017.10.25-00.48.31:501][ 13]LogSlate: Took 0.000370 seconds to synchronously load lazily loaded font '../../../Engine/Content/Slate/Fonts/Roboto-Light.ttf' (159K)
[2017.10.25-00.48.39:597][314]LogEditorViewport: Clicking on Actor (LMB): StaticMeshActor (Floor)
[2017.10.25-00.48.40:592][362]LogEditorViewport: Clicking on Actor (LMB): TopDownCharacter_C (TopDownCharacter)
[2017.10.25-00.48.53:840][537]LogEditorActor: Deleted Actor: TopDownCharacter_C
[2017.10.25-00.48.53:852][537]LogEditorActor: Deleted 1 Actors (0.029 secs)
[2017.10.25-00.48.54:859][657]LogTemp: Repeating last play command: Selected Viewport
[2017.10.25-00.48.54:885][657]LogBlueprintUserMessages: Early PlayInEditor Detection: Level '/Game/TopDownBP/Maps/TopDownExampleMap.TopDownExampleMap:PersistentLevel' has LevelScriptBlueprint '/Game/TopDownBP/Maps/TopDownExampleMap.TopDownExampleMap:PersistentLevel.TopDownExampleMap' with GeneratedClass '/Game/TopDownBP/Maps/TopDownExampleMap.TopDownExampleMap_C' with ClassGeneratedBy '/Game/TopDownBP/Maps/TopDownExampleMap.TopDownExampleMap:PersistentLevel.TopDownExampleMap'
[2017.10.25-00.48.54:885][657]LogPlayLevel: PlayLevel: No blueprints needed recompiling
[2017.10.25-00.48.54:885][657]PIE: New page: PIE session: TopDownExampleMap (25 Oct 2017 10:48:54 pm)
[2017.10.25-00.48.54:885][657]LogPlayLevel: Creating play world package: /Game/TopDownBP/Maps/UEDPIE_0_TopDownExampleMap
[2017.10.25-00.48.54:905][657]LogPlayLevel: PIE: StaticDuplicateObject took: (0.019615s)
[2017.10.25-00.48.54:906][657]LogAIModule: Creating AISystem for world TopDownExampleMap
[2017.10.25-00.48.54:906][657]LogPlayLevel: PIE: World Init took: (0.001210s)
[2017.10.25-00.48.54:907][657]LogPlayLevel: PIE: Created PIE world by copying editor world from /Game/TopDownBP/Maps/TopDownExampleMap.TopDownExampleMap to /Game/TopDownBP/Maps/UEDPIE_0_TopDownExampleMap.TopDownExampleMap (0.021196s)
[2017.10.25-00.48.54:926][657]LogInit: XAudio2 using 'Speakers / Headphones (IDT High Definition Audio CODEC)' : 2 channels at 48 kHz using 32 bits per sample (channel mask 0x3)
[2017.10.25-00.48.54:937][657]LogInit: FAudioDevice initialized.
[2017.10.25-00.48.54:982][657]LogLoad: Game class is 'TopDownGameMode_C'
[2017.10.25-00.48.54:986][657]LogWorld: Bringing World /Game/TopDownBP/Maps/UEDPIE_0_TopDownExampleMap.TopDownExampleMap up for play (max tick rate 0) at 2017.10.25-11.48.54
[2017.10.25-00.48.54:987][657]LogWorld: Bringing up level for play took: 0.003458
[2017.10.25-00.48.55:029][657]LogContentBrowser: Native class hierarchy updated for 'MovieSceneCapture' in 0.0007 seconds. Added 11 classes and 0 folders.
[2017.10.25-00.48.55:031][657]PIE: Play in editor start time for /Game/TopDownBP/Maps/UEDPIE_0_TopDownExampleMap -0.597
[2017.10.25-00.48.55:032][657]LogBlueprintUserMessages: Late PlayInEditor Detection: Level '/Game/TopDownBP/Maps/TopDownExampleMap.TopDownExampleMap:PersistentLevel' has LevelScriptBlueprint '/Game/TopDownBP/Maps/TopDownExampleMap.TopDownExampleMap:PersistentLevel.TopDownExampleMap' with GeneratedClass '/Game/TopDownBP/Maps/TopDownExampleMap.TopDownExampleMap_C' with ClassGeneratedBy '/Game/TopDownBP/Maps/TopDownExampleMap.TopDownExampleMap:PersistentLevel.TopDownExampleMap'
[2017.10.25-00.49.00:454][293]LogBlueprintUserMessages: Early EndPlayMap Detection: Level '/Game/TopDownBP/Maps/TopDownExampleMap.TopDownExampleMap:PersistentLevel' has LevelScriptBlueprint '/Game/TopDownBP/Maps/TopDownExampleMap.TopDownExampleMap:PersistentLevel.TopDownExampleMap' with GeneratedClass '/Game/TopDownBP/Maps/TopDownExampleMap.TopDownExampleMap_C' with ClassGeneratedBy '/Game/TopDownBP/Maps/TopDownExampleMap.TopDownExampleMap:PersistentLevel.TopDownExampleMap'
[2017.10.25-00.49.00:488][293]LogBlueprintUserMessages: Late EndPlayMap Detection: Level '/Game/TopDownBP/Maps/TopDownExampleMap.TopDownExampleMap:PersistentLevel' has LevelScriptBlueprint '/Game/TopDownBP/Maps/TopDownExampleMap.TopDownExampleMap:PersistentLevel.TopDownExampleMap' with GeneratedClass '/Game/TopDownBP/Maps/TopDownExampleMap.TopDownExampleMap_C' with ClassGeneratedBy '/Game/TopDownBP/Maps/TopDownExampleMap.TopDownExampleMap:PersistentLevel.TopDownExampleMap'
[2017.10.25-00.49.03:692][667]Cmd: TRANSACTION UNDO
[2017.10.25-00.49.03:692][667]LogEditorTransaction: Undo Delete selection
[2017.10.25-00.49.03:757][667]LogSlate: Took 0.000202 seconds to synchronously load lazily loaded font '../../../Engine/Content/Slate/Fonts/Roboto-Light.ttf' (159K)
[2017.10.25-00.49.04:315][703]Cmd: TRANSACTION UNDO
[2017.10.25-00.49.04:315][703]LogEditorTransaction: Undo Clicking on Actors
[2017.10.25-00.49.04:491][711]Cmd: TRANSACTION UNDO
[2017.10.25-00.49.04:491][711]LogEditorTransaction: Undo Create Actors
[2017.10.25-00.49.04:664][720]Cmd: TRANSACTION UNDO
[2017.10.25-00.49.04:664][720]LogEditorTransaction: Undo Clicking on Actors
[2017.10.25-00.49.04:831][732]Cmd: TRANSACTION UNDO
[2017.10.25-00.49.04:831][732]LogEditorTransaction: Undo Clicking on Actors
[2017.10.25-00.49.06:895][975]LogSlate: Took 0.000151 seconds to synchronously load lazily loaded font '../../../Engine/Content/Slate/Fonts/Roboto-Light.ttf' (159K)
[2017.10.25-00.49.06:953][975]LogAIModule: Creating AISystem for world Ricardo_TopDownExampleMap
[2017.10.25-00.49.09:293][975]Cmd: MAP LOAD FILE="C:/UE4StudioProject/InjectEm/Content/RicardoFiles/Ricardo_TopDownExampleMap.umap" TEMPLATE=0 SHOWPROGRESS=1 FEATURELEVEL=3
[2017.10.25-00.49.09:294][975]LightingResults: New page: Lighting Build
[2017.10.25-00.49.09:295][975]LoadErrors: New page: Loading map: Ricardo_TopDownExampleMap.umap
[2017.10.25-00.49.09:296][975]MapCheck: New page: Map Check
[2017.10.25-00.49.09:296][975]LightingResults: New page: Lighting Build
[2017.10.25-00.49.09:380][975]LogEditorServer: Finished looking for orphan Actors (0.000 secs)
[2017.10.25-00.49.09:461][975]Cmd: MAP CHECKDEP NOCLEARLOG
[2017.10.25-00.49.09:504][975]MapCheck: Map check complete: 0 Error(s), 0 Warning(s), took 42.651ms to complete.
[2017.10.25-00.49.09:505][975]LogFileHelpers: Loading map 'Ricardo_TopDownExampleMap' took 0.212
[2017.10.25-00.49.09:510][975]LogSlate: Took 0.000186 seconds to synchronously load lazily loaded font '../../../Engine/Content/Slate/Fonts/Roboto-Regular.ttf' (155K)
[2017.10.25-00.49.15:370][572]LogEditorActor: Deleted Actor: TopDownCharacter_C
[2017.10.25-00.49.15:379][572]LogEditorActor: Deleted 1 Actors (0.012 secs)
[2017.10.25-00.49.17:909][796]LogTemp: Repeating last play command: Selected Viewport
[2017.10.25-00.49.17:923][796]LogBlueprintUserMessages: Early PlayInEditor Detection: Level '/Game/RicardoFiles/Ricardo_TopDownExampleMap.Ricardo_TopDownExampleMap:PersistentLevel' has LevelScriptBlueprint '/Game/RicardoFiles/Ricardo_TopDownExampleMap.Ricardo_TopDownExampleMap:PersistentLevel.Ricardo_TopDownExampleMap' with GeneratedClass '/Game/RicardoFiles/Ricardo_TopDownExampleMap.Ricardo_TopDownExampleMap_C' with ClassGeneratedBy '/Game/RicardoFiles/Ricardo_TopDownExampleMap.Ricardo_TopDownExampleMap:PersistentLevel.Ricardo_TopDownExampleMap'
[2017.10.25-00.49.17:923][796]LogPlayLevel: PlayLevel: No blueprints needed recompiling
[2017.10.25-00.49.17:923][796]PIE: New page: PIE session: Ricardo_TopDownExampleMap (25 Oct 2017 10:49:17 pm)
[2017.10.25-00.49.17:923][796]LogPlayLevel: Creating play world package: /Game/RicardoFiles/UEDPIE_0_Ricardo_TopDownExampleMap
[2017.10.25-00.49.17:945][796]LogPlayLevel: PIE: StaticDuplicateObject took: (0.022026s)
[2017.10.25-00.49.17:946][796]LogAIModule: Creating AISystem for world Ricardo_TopDownExampleMap
[2017.10.25-00.49.17:946][796]LogPlayLevel: PIE: World Init took: (0.001417s)
[2017.10.25-00.49.17:947][796]LogPlayLevel: PIE: Created PIE world by copying editor world from /Game/RicardoFiles/Ricardo_TopDownExampleMap.Ricardo_TopDownExampleMap to /Game/RicardoFiles/UEDPIE_0_Ricardo_TopDownExampleMap.Ricardo_TopDownExampleMap (0.023856s)
[2017.10.25-00.49.17:972][796]LogInit: XAudio2 using 'Speakers / Headphones (IDT High Definition Audio CODEC)' : 2 channels at 48 kHz using 32 bits per sample (channel mask 0x3)
[2017.10.25-00.49.17:981][796]LogInit: FAudioDevice initialized.
[2017.10.25-00.49.18:013][796]LogLoad: Game class is 'TopDownGameMode_C'
[2017.10.25-00.49.18:017][796]LogWorld: Bringing World /Game/RicardoFiles/UEDPIE_0_Ricardo_TopDownExampleMap.Ricardo_TopDownExampleMap up for play (max tick rate 0) at 2017.10.25-11.49.18
[2017.10.25-00.49.18:017][796]LogWorld: Bringing up level for play took: 0.003300
[2017.10.25-00.49.18:020][796]PIE: Play in editor start time for /Game/RicardoFiles/UEDPIE_0_Ricardo_TopDownExampleMap 0.392
[2017.10.25-00.49.18:020][796]LogBlueprintUserMessages: Late PlayInEditor Detection: Level '/Game/RicardoFiles/Ricardo_TopDownExampleMap.Ricardo_TopDownExampleMap:PersistentLevel' has LevelScriptBlueprint '/Game/RicardoFiles/Ricardo_TopDownExampleMap.Ricardo_TopDownExampleMap:PersistentLevel.Ricardo_TopDownExampleMap' with GeneratedClass '/Game/RicardoFiles/Ricardo_TopDownExampleMap.Ricardo_TopDownExampleMap_C' with ClassGeneratedBy '/Game/RicardoFiles/Ricardo_TopDownExampleMap.Ricardo_TopDownExampleMap:PersistentLevel.Ricardo_TopDownExampleMap'
[2017.10.25-00.49.21:510][208]LogBlueprintUserMessages: Early EndPlayMap Detection: Level '/Game/RicardoFiles/Ricardo_TopDownExampleMap.Ricardo_TopDownExampleMap:PersistentLevel' has LevelScriptBlueprint '/Game/RicardoFiles/Ricardo_TopDownExampleMap.Ricardo_TopDownExampleMap:PersistentLevel.Ricardo_TopDownExampleMap' with GeneratedClass '/Game/RicardoFiles/Ricardo_TopDownExampleMap.Ricardo_TopDownExampleMap_C' with ClassGeneratedBy '/Game/RicardoFiles/Ricardo_TopDownExampleMap.Ricardo_TopDownExampleMap:PersistentLevel.Ricardo_TopDownExampleMap'
[2017.10.25-00.49.21:594][208]LogBlueprintUserMessages: Late EndPlayMap Detection: Level '/Game/RicardoFiles/Ricardo_TopDownExampleMap.Ricardo_TopDownExampleMap:PersistentLevel' has LevelScriptBlueprint '/Game/RicardoFiles/Ricardo_TopDownExampleMap.Ricardo_TopDownExampleMap:PersistentLevel.Ricardo_TopDownExampleMap' with GeneratedClass '/Game/RicardoFiles/Ricardo_TopDownExampleMap.Ricardo_TopDownExampleMap_C' with ClassGeneratedBy '/Game/RicardoFiles/Ricardo_TopDownExampleMap.Ricardo_TopDownExampleMap:PersistentLevel.Ricardo_TopDownExampleMap'
[2017.10.25-00.49.22:388][251]LogSavePackage: Save=198.12ms
[2017.10.25-00.49.22:388][251]LogSavePackage: Moving 'C:/UE4StudioProject/InjectEm/Saved/Ricardo_TopDownExampleMap07FE686842AAF7FF8A1925949E7DB565.tmp' to 'C:/UE4StudioProject/InjectEm/Content/RicardoFiles/Ricardo_TopDownExampleMap.umap'
[2017.10.25-00.49.22:391][251]LogSavePackage: Display: Finished SavePackage C:/UE4StudioProject/InjectEm/Content/RicardoFiles/Ricardo_TopDownExampleMap.umap
[2017.10.25-00.49.24:100][416]LogSlate: Took 0.011626 seconds to synchronously load lazily loaded font '../../../Engine/Content/Editor/Slate/Fonts/Roboto-Italic.ttf' (157K)
[2017.10.25-00.49.29:821][878]LogContentBrowser: Native class hierarchy updated for 'BlueprintGraph' in 0.0015 seconds. Added 113 classes and 0 folders.
[2017.10.25-00.49.31:413][878]LogSlate: Took 0.023500 seconds to synchronously load lazily loaded font '../../../Engine/Content/Editor/Slate/Fonts/Roboto-BoldCondensed.ttf' (158K)
[2017.10.25-00.49.50:877][809]LogRenderer: Reallocating scene render targets to support 1144x712 Format 10 NumSamples 1 (Frame:1).
[2017.10.25-00.51.46:519][706]LogTemp: Repeating last play command: Selected Viewport
[2017.10.25-00.51.46:549][706]LogBlueprintUserMessages: Early PlayInEditor Detection: Level '/Game/RicardoFiles/Ricardo_TopDownExampleMap.Ricardo_TopDownExampleMap:PersistentLevel' has LevelScriptBlueprint '/Game/RicardoFiles/Ricardo_TopDownExampleMap.Ricardo_TopDownExampleMap:PersistentLevel.Ricardo_TopDownExampleMap' with GeneratedClass '/Game/RicardoFiles/Ricardo_TopDownExampleMap.Ricardo_TopDownExampleMap_C' with ClassGeneratedBy '/Game/RicardoFiles/Ricardo_TopDownExampleMap.Ricardo_TopDownExampleMap:PersistentLevel.Ricardo_TopDownExampleMap'
[2017.10.25-00.51.46:549][706]LogPlayLevel: PlayLevel: No blueprints needed recompiling
[2017.10.25-00.51.46:549][706]PIE: New page: PIE session: Ricardo_TopDownExampleMap (25 Oct 2017 10:51:46 pm)
[2017.10.25-00.51.46:549][706]LogPlayLevel: Creating play world package: /Game/RicardoFiles/UEDPIE_0_Ricardo_TopDownExampleMap
[2017.10.25-00.51.46:577][706]LogPlayLevel: PIE: StaticDuplicateObject took: (0.028067s)
[2017.10.25-00.51.46:578][706]LogAIModule: Creating AISystem for world Ricardo_TopDownExampleMap
[2017.10.25-00.51.46:579][706]LogPlayLevel: PIE: World Init took: (0.001297s)
[2017.10.25-00.51.46:579][706]LogPlayLevel: PIE: Created PIE world by copying editor world from /Game/RicardoFiles/Ricardo_TopDownExampleMap.Ricardo_TopDownExampleMap to /Game/RicardoFiles/UEDPIE_0_Ricardo_TopDownExampleMap.Ricardo_TopDownExampleMap (0.029764s)
[2017.10.25-00.51.46:613][706]LogInit: XAudio2 using 'Speakers / Headphones (IDT High Definition Audio CODEC)' : 2 channels at 48 kHz using 32 bits per sample (channel mask 0x3)
[2017.10.25-00.51.46:624][706]LogInit: FAudioDevice initialized.
[2017.10.25-00.51.46:661][706]LogLoad: Game class is 'TopDownGameMode_C'
[2017.10.25-00.51.46:664][706]LogWorld: Bringing World /Game/RicardoFiles/UEDPIE_0_Ricardo_TopDownExampleMap.Ricardo_TopDownExampleMap up for play (max tick rate 0) at 2017.10.25-11.51.46
[2017.10.25-00.51.46:664][706]LogWorld: Bringing up level for play took: 0.003159
[2017.10.25-00.51.46:667][706]PIE: Play in editor start time for /Game/RicardoFiles/UEDPIE_0_Ricardo_TopDownExampleMap 1.039
[2017.10.25-00.51.46:667][706]LogBlueprintUserMessages: Late PlayInEditor Detection: Level '/Game/RicardoFiles/Ricardo_TopDownExampleMap.Ricardo_TopDownExampleMap:PersistentLevel' has LevelScriptBlueprint '/Game/RicardoFiles/Ricardo_TopDownExampleMap.Ricardo_TopDownExampleMap:PersistentLevel.Ricardo_TopDownExampleMap' with GeneratedClass '/Game/RicardoFiles/Ricardo_TopDownExampleMap.Ricardo_TopDownExampleMap_C' with ClassGeneratedBy '/Game/RicardoFiles/Ricardo_TopDownExampleMap.Ricardo_TopDownExampleMap:PersistentLevel.Ricardo_TopDownExampleMap'
[2017.10.25-00.51.48:449][900]LogBlueprintUserMessages: Early EndPlayMap Detection: Level '/Game/RicardoFiles/Ricardo_TopDownExampleMap.Ricardo_TopDownExampleMap:PersistentLevel' has LevelScriptBlueprint '/Game/RicardoFiles/Ricardo_TopDownExampleMap.Ricardo_TopDownExampleMap:PersistentLevel.Ricardo_TopDownExampleMap' with GeneratedClass '/Game/RicardoFiles/Ricardo_TopDownExampleMap.Ricardo_TopDownExampleMap_C' with ClassGeneratedBy '/Game/RicardoFiles/Ricardo_TopDownExampleMap.Ricardo_TopDownExampleMap:PersistentLevel.Ricardo_TopDownExampleMap'
[2017.10.25-00.51.48:536][900]LogBlueprintUserMessages: Late EndPlayMap Detection: Level '/Game/RicardoFiles/Ricardo_TopDownExampleMap.Ricardo_TopDownExampleMap:PersistentLevel' has LevelScriptBlueprint '/Game/RicardoFiles/Ricardo_TopDownExampleMap.Ricardo_TopDownExampleMap:PersistentLevel.Ricardo_TopDownExampleMap' with GeneratedClass '/Game/RicardoFiles/Ricardo_TopDownExampleMap.Ricardo_TopDownExampleMap_C' with ClassGeneratedBy '/Game/RicardoFiles/Ricardo_TopDownExampleMap.Ricardo_TopDownExampleMap:PersistentLevel.Ricardo_TopDownExampleMap'
[2017.10.25-00.51.55:043][404]Cmd: CAMERA ALIGN ACTIVEVIEWPORTONLY
[2017.10.25-00.51.57:582][606]LogTemp: Repeating last play command: Selected Viewport
[2017.10.25-00.51.57:596][606]LogBlueprintUserMessages: Early PlayInEditor Detection: Level '/Game/RicardoFiles/Ricardo_TopDownExampleMap.Ricardo_TopDownExampleMap:PersistentLevel' has LevelScriptBlueprint '/Game/RicardoFiles/Ricardo_TopDownExampleMap.Ricardo_TopDownExampleMap:PersistentLevel.Ricardo_TopDownExampleMap' with GeneratedClass '/Game/RicardoFiles/Ricardo_TopDownExampleMap.Ricardo_TopDownExampleMap_C' with ClassGeneratedBy '/Game/RicardoFiles/Ricardo_TopDownExampleMap.Ricardo_TopDownExampleMap:PersistentLevel.Ricardo_TopDownExampleMap'
[2017.10.25-00.51.57:596][606]LogPlayLevel: PlayLevel: No blueprints needed recompiling
[2017.10.25-00.51.57:596][606]PIE: New page: PIE session: Ricardo_TopDownExampleMap (25 Oct 2017 10:51:57 pm)
[2017.10.25-00.51.57:596][606]LogPlayLevel: Creating play world package: /Game/RicardoFiles/UEDPIE_0_Ricardo_TopDownExampleMap
[2017.10.25-00.51.57:619][606]LogPlayLevel: PIE: StaticDuplicateObject took: (0.022569s)
[2017.10.25-00.51.57:621][606]LogAIModule: Creating AISystem for world Ricardo_TopDownExampleMap
[2017.10.25-00.51.57:621][606]LogPlayLevel: PIE: World Init took: (0.002343s)
[2017.10.25-00.51.57:622][606]LogPlayLevel: PIE: Created PIE world by copying editor world from /Game/RicardoFiles/Ricardo_TopDownExampleMap.Ricardo_TopDownExampleMap to /Game/RicardoFiles/UEDPIE_0_Ricardo_TopDownExampleMap.Ricardo_TopDownExampleMap (0.025593s)
[2017.10.25-00.51.57:656][606]LogInit: XAudio2 using 'Speakers / Headphones (IDT High Definition Audio CODEC)' : 2 channels at 48 kHz using 32 bits per sample (channel mask 0x3)
[2017.10.25-00.51.57:668][606]LogInit: FAudioDevice initialized.
[2017.10.25-00.51.57:708][606]LogLoad: Game class is 'TopDownGameMode_C'
[2017.10.25-00.51.57:712][606]LogWorld: Bringing World /Game/RicardoFiles/UEDPIE_0_Ricardo_TopDownExampleMap.Ricardo_TopDownExampleMap up for play (max tick rate 0) at 2017.10.25-11.51.57
[2017.10.25-00.51.57:712][606]LogWorld: Bringing up level for play took: 0.003266
[2017.10.25-00.51.57:715][606]PIE: Play in editor start time for /Game/RicardoFiles/UEDPIE_0_Ricardo_TopDownExampleMap 0.086
[2017.10.25-00.51.57:715][606]LogBlueprintUserMessages: Late PlayInEditor Detection: Level '/Game/RicardoFiles/Ricardo_TopDownExampleMap.Ricardo_TopDownExampleMap:PersistentLevel' has LevelScriptBlueprint '/Game/RicardoFiles/Ricardo_TopDownExampleMap.Ricardo_TopDownExampleMap:PersistentLevel.Ricardo_TopDownExampleMap' with GeneratedClass '/Game/RicardoFiles/Ricardo_TopDownExampleMap.Ricardo_TopDownExampleMap_C' with ClassGeneratedBy '/Game/RicardoFiles/Ricardo_TopDownExampleMap.Ricardo_TopDownExampleMap:PersistentLevel.Ricardo_TopDownExampleMap'
[2017.10.25-00.51.58:213][657]LogBlueprintUserMessages: Early EndPlayMap Detection: Level '/Game/RicardoFiles/Ricardo_TopDownExampleMap.Ricardo_TopDownExampleMap:PersistentLevel' has LevelScriptBlueprint '/Game/RicardoFiles/Ricardo_TopDownExampleMap.Ricardo_TopDownExampleMap:PersistentLevel.Ricardo_TopDownExampleMap' with GeneratedClass '/Game/RicardoFiles/Ricardo_TopDownExampleMap.Ricardo_TopDownExampleMap_C' with ClassGeneratedBy '/Game/RicardoFiles/Ricardo_TopDownExampleMap.Ricardo_TopDownExampleMap:PersistentLevel.Ricardo_TopDownExampleMap'
[2017.10.25-00.51.58:296][657]LogBlueprintUserMessages: Late EndPlayMap Detection: Level '/Game/RicardoFiles/Ricardo_TopDownExampleMap.Ricardo_TopDownExampleMap:PersistentLevel' has LevelScriptBlueprint '/Game/RicardoFiles/Ricardo_TopDownExampleMap.Ricardo_TopDownExampleMap:PersistentLevel.Ricardo_TopDownExampleMap' with GeneratedClass '/Game/RicardoFiles/Ricardo_TopDownExampleMap.Ricardo_TopDownExampleMap_C' with ClassGeneratedBy '/Game/RicardoFiles/Ricardo_TopDownExampleMap.Ricardo_TopDownExampleMap:PersistentLevel.Ricardo_TopDownExampleMap'
[2017.10.25-00.52.10:509][625]LogEditorViewport: Clicking on Actor (LMB): Ricardo_TopDownCharacter_C (Ricardo_TopDownCharacter)
[2017.10.25-00.52.14:038][897]LogTemp: Repeating last play command: Selected Viewport
[2017.10.25-00.52.14:052][897]LogBlueprintUserMessages: Early PlayInEditor Detection: Level '/Game/RicardoFiles/Ricardo_TopDownExampleMap.Ricardo_TopDownExampleMap:PersistentLevel' has LevelScriptBlueprint '/Game/RicardoFiles/Ricardo_TopDownExampleMap.Ricardo_TopDownExampleMap:PersistentLevel.Ricardo_TopDownExampleMap' with GeneratedClass '/Game/RicardoFiles/Ricardo_TopDownExampleMap.Ricardo_TopDownExampleMap_C' with ClassGeneratedBy '/Game/RicardoFiles/Ricardo_TopDownExampleMap.Ricardo_TopDownExampleMap:PersistentLevel.Ricardo_TopDownExampleMap'
[2017.10.25-00.52.14:052][897]LogPlayLevel: PlayLevel: No blueprints needed recompiling
[2017.10.25-00.52.14:052][897]PIE: New page: PIE session: Ricardo_TopDownExampleMap (25 Oct 2017 10:52:14 pm)
[2017.10.25-00.52.14:052][897]LogPlayLevel: Creating play world package: /Game/RicardoFiles/UEDPIE_0_Ricardo_TopDownExampleMap
[2017.10.25-00.52.14:076][897]LogPlayLevel: PIE: StaticDuplicateObject took: (0.023740s)
[2017.10.25-00.52.14:077][897]LogAIModule: Creating AISystem for world Ricardo_TopDownExampleMap
[2017.10.25-00.52.14:077][897]LogPlayLevel: PIE: World Init took: (0.001274s)
[2017.10.25-00.52.14:077][897]LogPlayLevel: PIE: Created PIE world by copying editor world from /Game/RicardoFiles/Ricardo_TopDownExampleMap.Ricardo_TopDownExampleMap to /Game/RicardoFiles/UEDPIE_0_Ricardo_TopDownExampleMap.Ricardo_TopDownExampleMap (0.025445s)
[2017.10.25-00.52.14:110][897]LogInit: XAudio2 using 'Speakers / Headphones (IDT High Definition Audio CODEC)' : 2 channels at 48 kHz using 32 bits per sample (channel mask 0x3)
[2017.10.25-00.52.14:119][897]LogInit: FAudioDevice initialized.
[2017.10.25-00.52.14:158][897]LogLoad: Game class is 'TopDownGameMode_C'
[2017.10.25-00.52.14:162][897]LogWorld: Bringing World /Game/RicardoFiles/UEDPIE_0_Ricardo_TopDownExampleMap.Ricardo_TopDownExampleMap up for play (max tick rate 0) at 2017.10.25-11.52.14
[2017.10.25-00.52.14:163][897]LogWorld: Bringing up level for play took: 0.003184
[2017.10.25-00.52.14:165][897]PIE: Play in editor start time for /Game/RicardoFiles/UEDPIE_0_Ricardo_TopDownExampleMap 0.537
[2017.10.25-00.52.14:165][897]LogBlueprintUserMessages: Late PlayInEditor Detection: Level '/Game/RicardoFiles/Ricardo_TopDownExampleMap.Ricardo_TopDownExampleMap:PersistentLevel' has LevelScriptBlueprint '/Game/RicardoFiles/Ricardo_TopDownExampleMap.Ricardo_TopDownExampleMap:PersistentLevel.Ricardo_TopDownExampleMap' with GeneratedClass '/Game/RicardoFiles/Ricardo_TopDownExampleMap.Ricardo_TopDownExampleMap_C' with ClassGeneratedBy '/Game/RicardoFiles/Ricardo_TopDownExampleMap.Ricardo_TopDownExampleMap:PersistentLevel.Ricardo_TopDownExampleMap'
[2017.10.25-00.52.15:205][  9]LogBlueprintUserMessages: Early EndPlayMap Detection: Level '/Game/RicardoFiles/Ricardo_TopDownExampleMap.Ricardo_TopDownExampleMap:PersistentLevel' has LevelScriptBlueprint '/Game/RicardoFiles/Ricardo_TopDownExampleMap.Ricardo_TopDownExampleMap:PersistentLevel.Ricardo_TopDownExampleMap' with GeneratedClass '/Game/RicardoFiles/Ricardo_TopDownExampleMap.Ricardo_TopDownExampleMap_C' with ClassGeneratedBy '/Game/RicardoFiles/Ricardo_TopDownExampleMap.Ricardo_TopDownExampleMap:PersistentLevel.Ricardo_TopDownExampleMap'
[2017.10.25-00.52.15:292][  9]LogBlueprintUserMessages: Late EndPlayMap Detection: Level '/Game/RicardoFiles/Ricardo_TopDownExampleMap.Ricardo_TopDownExampleMap:PersistentLevel' has LevelScriptBlueprint '/Game/RicardoFiles/Ricardo_TopDownExampleMap.Ricardo_TopDownExampleMap:PersistentLevel.Ricardo_TopDownExampleMap' with GeneratedClass '/Game/RicardoFiles/Ricardo_TopDownExampleMap.Ricardo_TopDownExampleMap_C' with ClassGeneratedBy '/Game/RicardoFiles/Ricardo_TopDownExampleMap.Ricardo_TopDownExampleMap:PersistentLevel.Ricardo_TopDownExampleMap'
[2017.10.25-00.52.18:486][255]LogTemp: Repeating last play command: Selected Viewport
[2017.10.25-00.52.18:500][255]LogBlueprintUserMessages: Early PlayInEditor Detection: Level '/Game/RicardoFiles/Ricardo_TopDownExampleMap.Ricardo_TopDownExampleMap:PersistentLevel' has LevelScriptBlueprint '/Game/RicardoFiles/Ricardo_TopDownExampleMap.Ricardo_TopDownExampleMap:PersistentLevel.Ricardo_TopDownExampleMap' with GeneratedClass '/Game/RicardoFiles/Ricardo_TopDownExampleMap.Ricardo_TopDownExampleMap_C' with ClassGeneratedBy '/Game/RicardoFiles/Ricardo_TopDownExampleMap.Ricardo_TopDownExampleMap:PersistentLevel.Ricardo_TopDownExampleMap'
[2017.10.25-00.52.18:500][255]LogPlayLevel: PlayLevel: No blueprints needed recompiling
[2017.10.25-00.52.18:500][255]PIE: New page: PIE session: Ricardo_TopDownExampleMap (25 Oct 2017 10:52:18 pm)
[2017.10.25-00.52.18:500][255]LogPlayLevel: Creating play world package: /Game/RicardoFiles/UEDPIE_0_Ricardo_TopDownExampleMap
[2017.10.25-00.52.18:524][255]LogPlayLevel: PIE: StaticDuplicateObject took: (0.023777s)
[2017.10.25-00.52.18:526][255]LogAIModule: Creating AISystem for world Ricardo_TopDownExampleMap
[2017.10.25-00.52.18:526][255]LogPlayLevel: PIE: World Init took: (0.001577s)
[2017.10.25-00.52.18:526][255]LogPlayLevel: PIE: Created PIE world by copying editor world from /Game/RicardoFiles/Ricardo_TopDownExampleMap.Ricardo_TopDownExampleMap to /Game/RicardoFiles/UEDPIE_0_Ricardo_TopDownExampleMap.Ricardo_TopDownExampleMap (0.025775s)
[2017.10.25-00.52.18:559][255]LogInit: XAudio2 using 'Speakers / Headphones (IDT High Definition Audio CODEC)' : 2 channels at 48 kHz using 32 bits per sample (channel mask 0x3)
[2017.10.25-00.52.18:568][255]LogInit: FAudioDevice initialized.
[2017.10.25-00.52.18:607][255]LogLoad: Game class is 'TopDownGameMode_C'
[2017.10.25-00.52.18:610][255]LogWorld: Bringing World /Game/RicardoFiles/UEDPIE_0_Ricardo_TopDownExampleMap.Ricardo_TopDownExampleMap up for play (max tick rate 0) at 2017.10.25-11.52.18
[2017.10.25-00.52.18:611][255]LogWorld: Bringing up level for play took: 0.003205
[2017.10.25-00.52.18:613][255]PIE: Play in editor start time for /Game/RicardoFiles/UEDPIE_0_Ricardo_TopDownExampleMap 0.985
[2017.10.25-00.52.18:614][255]LogBlueprintUserMessages: Late PlayInEditor Detection: Level '/Game/RicardoFiles/Ricardo_TopDownExampleMap.Ricardo_TopDownExampleMap:PersistentLevel' has LevelScriptBlueprint '/Game/RicardoFiles/Ricardo_TopDownExampleMap.Ricardo_TopDownExampleMap:PersistentLevel.Ricardo_TopDownExampleMap' with GeneratedClass '/Game/RicardoFiles/Ricardo_TopDownExampleMap.Ricardo_TopDownExampleMap_C' with ClassGeneratedBy '/Game/RicardoFiles/Ricardo_TopDownExampleMap.Ricardo_TopDownExampleMap:PersistentLevel.Ricardo_TopDownExampleMap'
[2017.10.25-00.52.21:899][619]LogBlueprintUserMessages: Early EndPlayMap Detection: Level '/Game/RicardoFiles/Ricardo_TopDownExampleMap.Ricardo_TopDownExampleMap:PersistentLevel' has LevelScriptBlueprint '/Game/RicardoFiles/Ricardo_TopDownExampleMap.Ricardo_TopDownExampleMap:PersistentLevel.Ricardo_TopDownExampleMap' with GeneratedClass '/Game/RicardoFiles/Ricardo_TopDownExampleMap.Ricardo_TopDownExampleMap_C' with ClassGeneratedBy '/Game/RicardoFiles/Ricardo_TopDownExampleMap.Ricardo_TopDownExampleMap:PersistentLevel.Ricardo_TopDownExampleMap'
[2017.10.25-00.52.21:981][619]LogBlueprintUserMessages: Late EndPlayMap Detection: Level '/Game/RicardoFiles/Ricardo_TopDownExampleMap.Ricardo_TopDownExampleMap:PersistentLevel' has LevelScriptBlueprint '/Game/RicardoFiles/Ricardo_TopDownExampleMap.Ricardo_TopDownExampleMap:PersistentLevel.Ricardo_TopDownExampleMap' with GeneratedClass '/Game/RicardoFiles/Ricardo_TopDownExampleMap.Ricardo_TopDownExampleMap_C' with ClassGeneratedBy '/Game/RicardoFiles/Ricardo_TopDownExampleMap.Ricardo_TopDownExampleMap:PersistentLevel.Ricardo_TopDownExampleMap'
[2017.10.25-00.52.23:982][775]LogEditorViewport: Clicking on Actor (LMB): PlayerStart (NetworkPlayerStart)
[2017.10.25-00.52.27:083][ 52]LogNavigationPoint: PostEditMove Clear paths rebuilt
[2017.10.25-00.52.29:628][275]LogNavigationPoint: PostEditMove Clear paths rebuilt
[2017.10.25-00.52.30:262][331]LogNavigationPoint: PostEditMove Clear paths rebuilt
[2017.10.25-00.52.30:892][387]LogTemp: Repeating last play command: Selected Viewport
[2017.10.25-00.52.30:907][387]LogBlueprintUserMessages: Early PlayInEditor Detection: Level '/Game/RicardoFiles/Ricardo_TopDownExampleMap.Ricardo_TopDownExampleMap:PersistentLevel' has LevelScriptBlueprint '/Game/RicardoFiles/Ricardo_TopDownExampleMap.Ricardo_TopDownExampleMap:PersistentLevel.Ricardo_TopDownExampleMap' with GeneratedClass '/Game/RicardoFiles/Ricardo_TopDownExampleMap.Ricardo_TopDownExampleMap_C' with ClassGeneratedBy '/Game/RicardoFiles/Ricardo_TopDownExampleMap.Ricardo_TopDownExampleMap:PersistentLevel.Ricardo_TopDownExampleMap'
[2017.10.25-00.52.30:907][387]LogPlayLevel: PlayLevel: No blueprints needed recompiling
[2017.10.25-00.52.30:908][387]PIE: New page: PIE session: Ricardo_TopDownExampleMap (25 Oct 2017 10:52:30 pm)
[2017.10.25-00.52.30:908][387]LogPlayLevel: Creating play world package: /Game/RicardoFiles/UEDPIE_0_Ricardo_TopDownExampleMap
[2017.10.25-00.52.30:931][387]LogPlayLevel: PIE: StaticDuplicateObject took: (0.023226s)
[2017.10.25-00.52.30:932][387]LogAIModule: Creating AISystem for world Ricardo_TopDownExampleMap
[2017.10.25-00.52.30:932][387]LogPlayLevel: PIE: World Init took: (0.001040s)
[2017.10.25-00.52.30:932][387]LogPlayLevel: PIE: Created PIE world by copying editor world from /Game/RicardoFiles/Ricardo_TopDownExampleMap.Ricardo_TopDownExampleMap to /Game/RicardoFiles/UEDPIE_0_Ricardo_TopDownExampleMap.Ricardo_TopDownExampleMap (0.024650s)
[2017.10.25-00.52.30:965][387]LogInit: XAudio2 using 'Speakers / Headphones (IDT High Definition Audio CODEC)' : 2 channels at 48 kHz using 32 bits per sample (channel mask 0x3)
[2017.10.25-00.52.30:977][387]LogInit: FAudioDevice initialized.
[2017.10.25-00.52.31:009][387]LogLoad: Game class is 'TopDownGameMode_C'
[2017.10.25-00.52.31:012][387]LogWorld: Bringing World /Game/RicardoFiles/UEDPIE_0_Ricardo_TopDownExampleMap.Ricardo_TopDownExampleMap up for play (max tick rate 0) at 2017.10.25-11.52.31
[2017.10.25-00.52.31:013][387]LogWorld: Bringing up level for play took: 0.003174
[2017.10.25-00.52.31:015][387]PIE: Play in editor start time for /Game/RicardoFiles/UEDPIE_0_Ricardo_TopDownExampleMap -0.613
[2017.10.25-00.52.31:015][387]LogBlueprintUserMessages: Late PlayInEditor Detection: Level '/Game/RicardoFiles/Ricardo_TopDownExampleMap.Ricardo_TopDownExampleMap:PersistentLevel' has LevelScriptBlueprint '/Game/RicardoFiles/Ricardo_TopDownExampleMap.Ricardo_TopDownExampleMap:PersistentLevel.Ricardo_TopDownExampleMap' with GeneratedClass '/Game/RicardoFiles/Ricardo_TopDownExampleMap.Ricardo_TopDownExampleMap_C' with ClassGeneratedBy '/Game/RicardoFiles/Ricardo_TopDownExampleMap.Ricardo_TopDownExampleMap:PersistentLevel.Ricardo_TopDownExampleMap'
[2017.10.25-00.52.33:448][655]LogBlueprintUserMessages: Early EndPlayMap Detection: Level '/Game/RicardoFiles/Ricardo_TopDownExampleMap.Ricardo_TopDownExampleMap:PersistentLevel' has LevelScriptBlueprint '/Game/RicardoFiles/Ricardo_TopDownExampleMap.Ricardo_TopDownExampleMap:PersistentLevel.Ricardo_TopDownExampleMap' with GeneratedClass '/Game/RicardoFiles/Ricardo_TopDownExampleMap.Ricardo_TopDownExampleMap_C' with ClassGeneratedBy '/Game/RicardoFiles/Ricardo_TopDownExampleMap.Ricardo_TopDownExampleMap:PersistentLevel.Ricardo_TopDownExampleMap'
[2017.10.25-00.52.33:495][655]LogBlueprintUserMessages: Late EndPlayMap Detection: Level '/Game/RicardoFiles/Ricardo_TopDownExampleMap.Ricardo_TopDownExampleMap:PersistentLevel' has LevelScriptBlueprint '/Game/RicardoFiles/Ricardo_TopDownExampleMap.Ricardo_TopDownExampleMap:PersistentLevel.Ricardo_TopDownExampleMap' with GeneratedClass '/Game/RicardoFiles/Ricardo_TopDownExampleMap.Ricardo_TopDownExampleMap_C' with ClassGeneratedBy '/Game/RicardoFiles/Ricardo_TopDownExampleMap.Ricardo_TopDownExampleMap:PersistentLevel.Ricardo_TopDownExampleMap'
[2017.10.25-00.52.37:264][  2]Cmd: TRANSACTION UNDO
[2017.10.25-00.52.37:264][  2]LogEditorTransaction: Undo Move Actors
[2017.10.25-00.52.37:966][ 43]Cmd: TRANSACTION UNDO
[2017.10.25-00.52.37:966][ 43]LogEditorTransaction: Undo Move Actors
[2017.10.25-00.52.38:354][ 78]Cmd: TRANSACTION UNDO
[2017.10.25-00.52.38:354][ 78]LogEditorTransaction: Undo Move Actors
[2017.10.25-00.52.41:868][257]Cmd: QUIT_EDITOR
[2017.10.25-00.52.42:843][257]LogWindowsTextInputMethodSystem: Display: IME system now deactivated.
[2017.10.25-00.52.42:854][257]LogExit: Preparing to exit.
[2017.10.25-00.52.43:465][257]LogExit: Editor shut down
[2017.10.25-00.52.43:470][257]LogExit: Transaction tracking system shut down
[2017.10.25-00.52.43:599][257]LogDirectoryWatcher: A directory notification for '../../../Engine/Content/' was aborted.
[2017.10.25-00.52.43:599][257]LogDirectoryWatcher: A directory notification for 'C:/UE4StudioProject/InjectEm/Content/' was aborted.
[2017.10.25-00.52.43:599][257]LogDirectoryWatcher: A directory notification for '../../../Engine/Plugins/2D/Paper2D/Content/' was aborted.
[2017.10.25-00.52.43:599][257]LogDirectoryWatcher: A directory notification for '../../../Engine/Plugins/Runtime/Oculus/OculusVR/Content/' was aborted.
[2017.10.25-00.52.43:600][257]LogDirectoryWatcher: A directory notification for '../../../Engine/Plugins/Runtime/Steam/SteamVR/Content/' was aborted.
[2017.10.25-00.52.43:729][257]LogExit: Object subsystem successfully closed.
[2017.10.25-00.52.43:752][257]LogD3D11RHI: Shutdown
[2017.10.25-00.52.43:752][257]LogD3D11RHI: CleanupD3DDevice
[2017.10.25-00.52.43:900][257]LogD3D11RHI: ~FD3D11DynamicRHI
[2017.10.25-00.52.43:937][257]LogModuleManager: Shutting down and abandoning module BlueprintGraph (536)
[2017.10.25-00.52.43:937][257]LogModuleManager: Shutting down and abandoning module BlueprintProfiler (534)
[2017.10.25-00.52.43:945][257]LogModuleManager: Shutting down and abandoning module MovieSceneCapture (532)
[2017.10.25-00.52.43:945][257]LogModuleManager: Shutting down and abandoning module HierarchicalLODOutliner (530)
[2017.10.25-00.52.43:945][257]LogModuleManager: Shutting down and abandoning module SceneOutliner (528)
[2017.10.25-00.52.43:945][257]LogModuleManager: Shutting down and abandoning module AddContentDialog (526)
[2017.10.25-00.52.43:945][257]LogDirectoryWatcher: A directory notification for 'E:/Software/UE_4.17/FeaturePacks/' was aborted.
[2017.10.25-00.52.43:946][257]LogModuleManager: Shutting down and abandoning module WidgetCarousel (525)
[2017.10.25-00.52.43:946][257]LogModuleManager: Shutting down and abandoning module EditorWidgets (522)
[2017.10.25-00.52.43:946][257]LogModuleManager: Shutting down and abandoning module CollectionManager (520)
[2017.10.25-00.52.43:946][257]LogDirectoryWatcher: A directory notification for 'C:/UE4StudioProject/InjectEm/Content/Collections/' was aborted.
[2017.10.25-00.52.43:946][257]LogDirectoryWatcher: A directory notification for 'C:/UE4StudioProject/InjectEm/Content/Developers/RicardoB/Collections/' was aborted.
[2017.10.25-00.52.43:946][257]LogDirectoryWatcher: A directory notification for 'C:/UE4StudioProject/InjectEm/Saved/Collections/' was aborted.
[2017.10.25-00.52.43:946][257]LogModuleManager: Shutting down and abandoning module StatsViewer (518)
[2017.10.25-00.52.43:946][257]LogModuleManager: Shutting down and abandoning module FoliageEdit (516)
[2017.10.25-00.52.43:946][257]LogModuleManager: Shutting down and abandoning module LandscapeEditor (514)
[2017.10.25-00.52.43:946][257]LogModuleManager: Shutting down and abandoning module MeshPaintMode (512)
[2017.10.25-00.52.43:946][257]LogModuleManager: Shutting down and abandoning module SceneDepthPickerMode (510)
[2017.10.25-00.52.43:946][257]LogModuleManager: Shutting down and abandoning module ActorPickerMode (508)
[2017.10.25-00.52.43:946][257]LogModuleManager: Shutting down and abandoning module GeometryMode (506)
[2017.10.25-00.52.43:946][257]LogModuleManager: Shutting down and abandoning module TextureAlignMode (504)
[2017.10.25-00.52.43:946][257]LogModuleManager: Shutting down and abandoning module BspMode (502)
[2017.10.25-00.52.43:946][257]LogModuleManager: Shutting down and abandoning module PIEPreviewDeviceProfileSelector (500)
[2017.10.25-00.52.43:946][257]LogModuleManager: Shutting down and abandoning module HardwareSurvey (498)
[2017.10.25-00.52.43:946][257]LogModuleManager: Shutting down and abandoning module SequenceRecorderSections (496)
[2017.10.25-00.52.43:946][257]LogModuleManager: Shutting down and abandoning module AutomationWorker (494)
[2017.10.25-00.52.43:946][257]LogModuleManager: Shutting down and abandoning module MatineeToLevelSequence (492)
[2017.10.25-00.52.43:946][257]LogModuleManager: Shutting down and abandoning module LevelSequenceEditor (490)
[2017.10.25-00.52.43:946][257]LogModuleManager: Shutting down and abandoning module PlacementMode (489)
[2017.10.25-00.52.43:946][257]LogModuleManager: Shutting down and abandoning module WmfMediaFactory (486)
[2017.10.25-00.52.43:946][257]LogModuleManager: Shutting down and abandoning module WmfMediaEditor (484)
[2017.10.25-00.52.43:946][257]LogModuleManager: Shutting down and abandoning module AvfMediaFactory (482)
[2017.10.25-00.52.43:947][257]LogModuleManager: Shutting down and abandoning module AvfMediaEditor (480)
[2017.10.25-00.52.43:947][257]LogModuleManager: Shutting down and abandoning module AndroidMediaFactory (478)
[2017.10.25-00.52.43:947][257]LogModuleManager: Shutting down and abandoning module Media (477)
[2017.10.25-00.52.43:947][257]LogModuleManager: Shutting down and abandoning module AndroidMediaEditor (474)
[2017.10.25-00.52.43:947][257]LogModuleManager: Shutting down and abandoning module CharacterAI (472)
[2017.10.25-00.52.43:947][257]LogModuleManager: Shutting down and abandoning module AudioCapture (470)
[2017.10.25-00.52.43:947][257]LogModuleManager: Shutting down and abandoning module SequenceRecorder (469)
[2017.10.25-00.52.43:947][257]LogModuleManager: Shutting down and abandoning module SmartSnapping (466)
[2017.10.25-00.52.43:947][257]LogModuleManager: Shutting down and abandoning module SessionServices (464)
[2017.10.25-00.52.43:947][257]LogModuleManager: Shutting down and abandoning module ViewportSnapping (462)
[2017.10.25-00.52.43:947][257]LogModuleManager: Shutting down and abandoning module ViewportInteraction (460)
[2017.10.25-00.52.43:947][257]LogModuleManager: Shutting down and abandoning module ClothPainter (458)
[2017.10.25-00.52.43:947][257]LogModuleManager: Shutting down and abandoning module LogVisualizer (456)
[2017.10.25-00.52.43:947][257]LogModuleManager: Shutting down and abandoning module IntroTutorials (454)
[2017.10.25-00.52.43:947][257]LogModuleManager: Shutting down and abandoning module GameProjectGeneration (453)
[2017.10.25-00.52.43:947][257]LogModuleManager: Shutting down and abandoning module IOSPlatformEditor (450)
[2017.10.25-00.52.43:947][257]LogModuleManager: Shutting down and abandoning module HTML5PlatformEditor (448)
[2017.10.25-00.52.43:947][257]LogModuleManager: Shutting down and abandoning module AndroidPlatformEditor (446)
[2017.10.25-00.52.43:947][257]LogModuleManager: Shutting down and abandoning module AndroidDeviceDetection (445)
[2017.10.25-00.52.44:538][257]LogModuleManager: Shutting down and abandoning module WindowsPlatformEditor (442)
[2017.10.25-00.52.44:538][257]LogModuleManager: Shutting down and abandoning module IOSRuntimeSettings (440)
[2017.10.25-00.52.44:538][257]LogModuleManager: Shutting down and abandoning module AndroidRuntimeSettings (438)
[2017.10.25-00.52.44:538][257]LogModuleManager: Shutting down and abandoning module InputBindingEditor (436)
[2017.10.25-00.52.44:538][257]LogModuleManager: Shutting down and abandoning module MergeActors (434)
[2017.10.25-00.52.44:538][257]LogModuleManager: Shutting down and abandoning module SizeMap (432)
[2017.10.25-00.52.44:538][257]LogModuleManager: Shutting down and abandoning module TreeMap (430)
[2017.10.25-00.52.44:538][257]LogModuleManager: Shutting down and abandoning module ReferenceViewer (428)
[2017.10.25-00.52.44:539][257]LogModuleManager: Shutting down and abandoning module LocalizationDashboard (426)
[2017.10.25-00.52.44:539][257]LogModuleManager: Shutting down and abandoning module LocalizationService (425)
[2017.10.25-00.52.44:539][257]LogModuleManager: Shutting down and abandoning module HardwareTargeting (422)
[2017.10.25-00.52.44:539][257]LogModuleManager: Shutting down and abandoning module DeviceProfileEditor (420)
[2017.10.25-00.52.44:539][257]LogModuleManager: Shutting down and abandoning module UndoHistory (418)
[2017.10.25-00.52.44:539][257]LogModuleManager: Shutting down and abandoning module XmlParser (416)
[2017.10.25-00.52.44:539][257]LogModuleManager: Shutting down and abandoning module Blutility (414)
[2017.10.25-00.52.44:539][257]LogModuleManager: Shutting down and abandoning module ProjectSettingsViewer (412)
[2017.10.25-00.52.44:539][257]LogModuleManager: Shutting down and abandoning module ProjectTargetPlatformEditor (411)
[2017.10.25-00.52.44:539][257]LogModuleManager: Shutting down and abandoning module EditorSettingsViewer (408)
[2017.10.25-00.52.44:539][257]LogModuleManager: Shutting down and abandoning module SettingsEditor (406)
[2017.10.25-00.52.44:539][257]LogModuleManager: Shutting down and abandoning module ProjectLauncher (404)
[2017.10.25-00.52.44:539][257]LogModuleManager: Shutting down and abandoning module SessionFrontend (402)
[2017.10.25-00.52.44:539][257]LogModuleManager: Shutting down and abandoning module ProfilerClient (400)
[2017.10.25-00.52.44:539][257]LogModuleManager: Shutting down and abandoning module DeviceManager (398)
[2017.10.25-00.52.44:539][257]LogModuleManager: Shutting down and abandoning module TargetDeviceServices (397)
[2017.10.25-00.52.44:583][257]LogModuleManager: Shutting down and abandoning module AutomationController (394)
[2017.10.25-00.52.44:583][257]LogModuleManager: Shutting down and abandoning module AutomationWindow (392)
[2017.10.25-00.52.44:583][257]LogModuleManager: Shutting down and abandoning module Layers (390)
[2017.10.25-00.52.44:583][257]LogModuleManager: Shutting down and abandoning module ComponentVisualizers (388)
[2017.10.25-00.52.44:583][257]LogModuleManager: Shutting down and abandoning module DetailCustomizations (386)
[2017.10.25-00.52.44:583][257]LogModuleManager: Shutting down and abandoning module PackagesDialog (384)
[2017.10.25-00.52.44:583][257]LogModuleManager: Shutting down and abandoning module Persona (382)
[2017.10.25-00.52.44:583][257]LogModuleManager: Shutting down and abandoning module AdvancedPreviewScene (381)
[2017.10.25-00.52.44:583][257]LogModuleManager: Shutting down and abandoning module AnimGraph (379)
[2017.10.25-00.52.44:583][257]LogModuleManager: Shutting down and abandoning module Kismet (376)
[2017.10.25-00.52.44:594][257]LogModuleManager: Shutting down and abandoning module ClassViewer (374)
[2017.10.25-00.52.44:594][257]LogModuleManager: Shutting down and abandoning module Toolbox (372)
[2017.10.25-00.52.44:594][257]LogModuleManager: Shutting down and abandoning module ModuleUI (370)
[2017.10.25-00.52.44:594][257]LogModuleManager: Shutting down and abandoning module MovieSceneTools (368)
[2017.10.25-00.52.44:595][257]LogModuleManager: Shutting down and abandoning module OutputLog (366)
[2017.10.25-00.52.44:595][257]LogModuleManager: Shutting down and abandoning module GammaUI (364)
[2017.10.25-00.52.44:595][257]LogModuleManager: Shutting down and abandoning module Documentation (362)
[2017.10.25-00.52.44:595][257]LogModuleManager: Shutting down and abandoning module MovieSceneTracks (360)
[2017.10.25-00.52.44:595][257]LogModuleManager: Shutting down and abandoning module MovieScene (358)
[2017.10.25-00.52.44:595][257]LogModuleManager: Shutting down and abandoning module Niagara (356)
[2017.10.25-00.52.44:595][257]LogModuleManager: Shutting down and abandoning module NiagaraEditor (355)
[2017.10.25-00.52.44:595][257]LogModuleManager: Shutting down and abandoning module StreamingPauseRendering (352)
[2017.10.25-00.52.44:595][257]LogModuleManager: Shutting down and abandoning module LauncherPlatform (350)
[2017.10.25-00.52.44:595][257]LogModuleManager: Shutting down and abandoning module AnalyticsET (348)
[2017.10.25-00.52.44:595][257]LogModuleManager: Shutting down and abandoning module PortalServices (346)
[2017.10.25-00.52.44:595][257]LogModuleManager: Shutting down and abandoning module PortalRpc (344)
[2017.10.25-00.52.44:595][257]LogModuleManager: Shutting down and abandoning module MessagingRpc (342)
[2017.10.25-00.52.44:595][257]LogModuleManager: Shutting down and abandoning module AIModule (340)
[2017.10.25-00.52.44:595][257]LogModuleManager: Shutting down and abandoning module GameplayDebugger (339)
[2017.10.25-00.52.44:595][257]LogModuleManager: Shutting down and abandoning module AITestSuite (337)
[2017.10.25-00.52.44:595][257]LogModuleManager: Shutting down and abandoning module ProfilerService (334)
[2017.10.25-00.52.44:818][257]LogModuleManager: Shutting down and abandoning module TaskGraph (332)
[2017.10.25-00.52.44:818][257]LogModuleManager: Shutting down and abandoning module SteamVRController (330)
[2017.10.25-00.52.44:818][257]LogModuleManager: Shutting down and abandoning module ProceduralMeshComponentEditor (328)
[2017.10.25-00.52.44:818][257]LogModuleManager: Shutting down and abandoning module ProceduralMeshComponent (326)
[2017.10.25-00.52.44:818][257]LogModuleManager: Shutting down and abandoning module OculusInput (324)
[2017.10.25-00.52.44:818][257]LogModuleManager: Shutting down and abandoning module MobilePatchingUtils (322)
[2017.10.25-00.52.44:818][257]LogModuleManager: Shutting down and abandoning module CustomMeshComponent (320)
[2017.10.25-00.52.44:818][257]LogModuleManager: Shutting down and abandoning module CableComponent (318)
[2017.10.25-00.52.44:818][257]LogModuleManager: Shutting down and abandoning module ArchVisCharacter (316)
[2017.10.25-00.52.44:818][257]LogModuleManager: Shutting down and abandoning module AndroidPermission (314)
[2017.10.25-00.52.44:818][257]LogModuleManager: Shutting down and abandoning module MediaPlayerEditor (310)
[2017.10.25-00.52.44:818][257]LogModuleManager: Shutting down and abandoning module HTML5Networking (308)
[2017.10.25-00.52.44:818][257]LogModuleManager: Shutting down and abandoning module AlembicImporter (306)
[2017.10.25-00.52.44:818][257]LogModuleManager: Shutting down and abandoning module AlembicLibrary (305)
[2017.10.25-00.52.44:818][257]LogModuleManager: Shutting down and abandoning module GeometryCache (304)
[2017.10.25-00.52.44:818][257]LogModuleManager: Shutting down and abandoning module GeometryCacheEd (303)
[2017.10.25-00.52.44:818][257]LogModuleManager: Shutting down and abandoning module SpeedTreeImporter (298)
[2017.10.25-00.52.44:818][257]LogModuleManager: Shutting down and abandoning module PluginBrowser (296)
[2017.10.25-00.52.44:818][257]LogModuleManager: Shutting down and abandoning module MobileLauncherProfileWizard (294)
[2017.10.25-00.52.44:819][257]LogModuleManager: Shutting down and abandoning module VisualStudioSourceCodeAccess (292)
[2017.10.25-00.52.44:819][257]LogModuleManager: Shutting down and abandoning module DesktopPlatform (291)
[2017.10.25-00.52.44:819][257]LogModuleManager: Shutting down and abandoning module UObjectPlugin (288)
[2017.10.25-00.52.44:819][257]LogModuleManager: Shutting down and abandoning module SubversionSourceControl (286)
[2017.10.25-00.52.44:819][257]LogModuleManager: Shutting down and abandoning module PerforceSourceControl (284)
[2017.10.25-00.52.44:819][257]LogModuleManager: Shutting down and abandoning module GitSourceControl (282)
[2017.10.25-00.52.44:819][257]LogModuleManager: Shutting down and abandoning module SourceControl (281)
[2017.10.25-00.52.44:819][257]LogModuleManager: Shutting down and abandoning module LightPropagationVolumeEditor (278)
[2017.10.25-00.52.44:819][257]LogModuleManager: Shutting down and abandoning module PaperTiledImporter (276)
[2017.10.25-00.52.44:819][257]LogModuleManager: Shutting down and abandoning module PaperSpriteSheetImporter (274)
[2017.10.25-00.52.44:819][257]LogModuleManager: Shutting down and abandoning module Paper2DEditor (272)
[2017.10.25-00.52.44:819][257]LogModuleManager: Shutting down and abandoning module MeshPaint (271)
[2017.10.25-00.52.44:819][257]LogModuleManager: Shutting down and abandoning module LevelEditor (269)
[2017.10.25-00.52.44:821][257]LogModuleManager: Shutting down and abandoning module PixelInspectorModule (268)
[2017.10.25-00.52.44:821][257]LogModuleManager: Shutting down and abandoning module MainFrame (266)
[2017.10.25-00.52.44:821][257]LogModuleManager: Shutting down and abandoning module HotReload (265)
[2017.10.25-00.52.44:822][257]LogModuleManager: Shutting down and abandoning module RuntimePhysXCooking (260)
[2017.10.25-00.52.44:822][257]LogModuleManager: Shutting down and abandoning module PhysXVehiclesEditor (258)
[2017.10.25-00.52.44:822][257]LogModuleManager: Shutting down and abandoning module PhysXVehicles (256)
[2017.10.25-00.52.44:822][257]LogModuleManager: Shutting down and abandoning module OculusEditor (254)
[2017.10.25-00.52.44:822][257]LogModuleManager: Shutting down and abandoning module LocationServicesBPLibrary (252)
[2017.10.25-00.52.44:822][257]LogModuleManager: Shutting down and abandoning module ImmediatePhysicsEditor (250)
[2017.10.25-00.52.44:822][257]LogModuleManager: Shutting down and abandoning module ImmediatePhysics (248)
[2017.10.25-00.52.44:822][257]LogModuleManager: Shutting down and abandoning module UdpMessaging (246)
[2017.10.25-00.52.44:923][257]LogModuleManager: Shutting down and abandoning module TcpMessaging (244)
[2017.10.25-00.52.45:024][257]LogModuleManager: Shutting down and abandoning module GameplayTagsEditor (242)
[2017.10.25-00.52.45:024][257]LogModuleManager: Shutting down and abandoning module FacialAnimationEditor (240)
[2017.10.25-00.52.45:024][257]LogModuleManager: Shutting down and abandoning module FacialAnimation (238)
[2017.10.25-00.52.45:024][257]LogModuleManager: Shutting down and abandoning module AssetManagerEditor (236)
[2017.10.25-00.52.45:024][257]LogModuleManager: Shutting down and abandoning module GraphEditor (235)
[2017.10.25-00.52.45:024][257]LogModuleManager: Shutting down and abandoning module ContentBrowser (233)
[2017.10.25-00.52.45:025][257]LogModuleManager: Shutting down and abandoning module LightPropagationVolumeRuntime (230)
[2017.10.25-00.52.45:025][257]LogModuleManager: Shutting down and abandoning module Paper2D (228)
[2017.10.25-00.52.45:025][257]LogModuleManager: Shutting down and abandoning module WindowsMoviePlayer (226)
[2017.10.25-00.52.45:025][257]LogModuleManager: Shutting down and abandoning module WmfMedia (224)
[2017.10.25-00.52.45:026][257]LogModuleManager: Shutting down and abandoning module PacketHandler (222)
[2017.10.25-00.52.45:026][257]LogModuleManager: Shutting down and abandoning module ClothingSystemEditor (220)
[2017.10.25-00.52.45:026][257]LogModuleManager: Shutting down and abandoning module ClothingSystemRuntime (218)
[2017.10.25-00.52.45:026][257]LogModuleManager: Shutting down and abandoning module Overlay (216)
[2017.10.25-00.52.45:026][257]LogModuleManager: Shutting down and abandoning module OverlayEditor (215)
[2017.10.25-00.52.45:026][257]LogModuleManager: Shutting down and abandoning module MediaAssets (212)
[2017.10.25-00.52.45:026][257]LogModuleManager: Shutting down and abandoning module VREditor (210)
[2017.10.25-00.52.45:026][257]LogModuleManager: Shutting down and abandoning module StringTableEditor (208)
[2017.10.25-00.52.45:026][257]LogModuleManager: Shutting down and abandoning module GameplayTasksEditor (206)
[2017.10.25-00.52.45:026][257]LogModuleManager: Shutting down and abandoning module BehaviorTreeEditor (204)
[2017.10.25-00.52.45:026][257]LogModuleManager: Shutting down and abandoning module FunctionalTesting (202)
[2017.10.25-00.52.45:026][257]LogModuleManager: Shutting down and abandoning module CollisionAnalyzer (200)
[2017.10.25-00.52.45:026][257]LogModuleManager: Shutting down and abandoning module WorkspaceMenuStructure (199)
[2017.10.25-00.52.45:026][257]LogModuleManager: Shutting down and abandoning module UMG (196)
[2017.10.25-00.52.45:026][257]LogModuleManager: Shutting down and abandoning module UMGEditor (195)
[2017.10.25-00.52.45:026][257]LogModuleManager: Shutting down and abandoning module Sequencer (194)
[2017.10.25-00.52.45:026][257]LogModuleManager: Shutting down and abandoning module MessageLog (191)
[2017.10.25-00.52.45:026][257]LogModuleManager: Shutting down and abandoning module SlateReflector (186)
[2017.10.25-00.52.45:026][257]LogModuleManager: Shutting down and abandoning module Slate (184)
[2017.10.25-00.52.45:026][257]LogModuleManager: Shutting down and abandoning module EditorStyle (182)
[2017.10.25-00.52.45:028][257]LogModuleManager: Shutting down and abandoning module MRMesh (180)
[2017.10.25-00.52.45:028][257]LogModuleManager: Shutting down and abandoning module SourceCodeAccess (178)
[2017.10.25-00.52.45:028][257]LogModuleManager: Shutting down and abandoning module HeadMountedDisplay (176)
[2017.10.25-00.52.45:028][257]LogModuleManager: Shutting down and abandoning module XAudio2 (174)
[2017.10.25-00.52.45:028][257]LogModuleManager: Shutting down and abandoning module Networking (172)
[2017.10.25-00.52.45:028][257]LogModuleManager: Shutting down and abandoning module Core (168)
[2017.10.25-00.52.45:028][257]LogModuleManager: Shutting down and abandoning module KismetCompiler (164)
[2017.10.25-00.52.45:028][257]LogModuleManager: Shutting down and abandoning module LevelSequence (162)
[2017.10.25-00.52.45:028][257]LogModuleManager: Shutting down and abandoning module MeshUtilities (160)
[2017.10.25-00.52.45:028][257]LogModuleManager: Shutting down and abandoning module MeshMergeUtilities (159)
[2017.10.25-00.52.45:028][257]LogModuleManager: Shutting down and abandoning module MeshReductionInterface (158)
[2017.10.25-00.52.45:028][257]LogModuleManager: Shutting down and abandoning module SimplygonSwarm (157)
[2017.10.25-00.52.45:028][257]LogModuleManager: Shutting down and abandoning module SimplygonMeshReduction (155)
[2017.10.25-00.52.45:028][257]LogModuleManager: Shutting down and abandoning module QuadricMeshReduction (153)
[2017.10.25-00.52.45:028][257]LogModuleManager: Shutting down and abandoning module MaterialBaking (149)
[2017.10.25-00.52.45:028][257]LogModuleManager: Shutting down and abandoning module DirectoryWatcher (146)
[2017.10.25-00.52.45:029][257]LogModuleManager: Shutting down and abandoning module DerivedDataCache (144)
[2017.10.25-00.52.45:116][257]LogDerivedDataCache: Shutdown
[2017.10.25-00.52.45:116][257]LogModuleManager: Shutting down and abandoning module TargetPlatform (142)
[2017.10.25-00.52.45:116][257]LogModuleManager: Shutting down and abandoning module VulkanShaderFormat (141)
[2017.10.25-00.52.45:116][257]LogModuleManager: Shutting down and abandoning module ShaderFormatVectorVM (139)
[2017.10.25-00.52.45:116][257]LogModuleManager: Shutting down and abandoning module ShaderFormatOpenGL (137)
[2017.10.25-00.52.45:116][257]LogModuleManager: Shutting down and abandoning module ShaderFormatD3D (135)
[2017.10.25-00.52.45:116][257]LogModuleManager: Shutting down and abandoning module MetalShaderFormat (133)
[2017.10.25-00.52.45:116][257]LogModuleManager: Shutting down and abandoning module TextureFormatUncompressed (131)
[2017.10.25-00.52.45:116][257]LogModuleManager: Shutting down and abandoning module TextureFormatPVR (129)
[2017.10.25-00.52.45:116][257]LogModuleManager: Shutting down and abandoning module TextureFormatDXT (127)
[2017.10.25-00.52.45:116][257]LogModuleManager: Shutting down and abandoning module TextureFormatIntelISPCTexComp (125)
[2017.10.25-00.52.45:117][257]LogModuleManager: Shutting down and abandoning module TextureFormatASTC (123)
[2017.10.25-00.52.45:117][257]LogModuleManager: Shutting down and abandoning module ImageWrapper (122)
[2017.10.25-00.52.45:117][257]LogModuleManager: Shutting down and abandoning module TextureFormatAndroid (119)
[2017.10.25-00.52.45:117][257]LogModuleManager: Shutting down and abandoning module AudioFormatOpus (117)
[2017.10.25-00.52.45:117][257]LogModuleManager: Shutting down and abandoning module AudioFormatOgg (115)
[2017.10.25-00.52.45:117][257]LogModuleManager: Shutting down and abandoning module AudioFormatADPCM (113)
[2017.10.25-00.52.45:117][257]LogModuleManager: Shutting down and abandoning module LinuxTargetPlatform (111)
[2017.10.25-00.52.45:117][257]LogModuleManager: Shutting down and abandoning module LinuxServerTargetPlatform (109)
[2017.10.25-00.52.45:117][257]LogModuleManager: Shutting down and abandoning module LinuxNoEditorTargetPlatform (107)
[2017.10.25-00.52.45:117][257]LogModuleManager: Shutting down and abandoning module LinuxClientTargetPlatform (105)
[2017.10.25-00.52.45:117][257]LogModuleManager: Shutting down and abandoning module TVOSTargetPlatform (103)
[2017.10.25-00.52.45:117][257]LogModuleManager: Shutting down and abandoning module Messaging (101)
[2017.10.25-00.52.45:117][257]LogModuleManager: Shutting down and abandoning module IOSTargetPlatform (99)
[2017.10.25-00.52.45:117][257]LogModuleManager: Shutting down and abandoning module HTML5TargetPlatform (97)
[2017.10.25-00.52.45:117][257]LogModuleManager: Shutting down and abandoning module Android_PVRTCTargetPlatform (95)
[2017.10.25-00.52.45:117][257]LogModuleManager: Shutting down and abandoning module Android_MultiTargetPlatform (93)
[2017.10.25-00.52.45:117][257]LogModuleManager: Shutting down and abandoning module Android_ETC2TargetPlatform (91)
[2017.10.25-00.52.45:117][257]LogModuleManager: Shutting down and abandoning module Android_ETC1TargetPlatform (89)
[2017.10.25-00.52.45:117][257]LogModuleManager: Shutting down and abandoning module Android_DXTTargetPlatform (87)
[2017.10.25-00.52.45:117][257]LogModuleManager: Shutting down and abandoning module Android_ATCTargetPlatform (85)
[2017.10.25-00.52.45:117][257]LogModuleManager: Shutting down and abandoning module Android_ASTCTargetPlatform (83)
[2017.10.25-00.52.45:117][257]LogModuleManager: Shutting down and abandoning module AndroidTargetPlatform (81)
[2017.10.25-00.52.45:117][257]LogModuleManager: Shutting down and abandoning module WindowsTargetPlatform (79)
[2017.10.25-00.52.45:117][257]LogModuleManager: Shutting down and abandoning module WindowsServerTargetPlatform (77)
[2017.10.25-00.52.45:117][257]LogModuleManager: Shutting down and abandoning module WindowsNoEditorTargetPlatform (75)
[2017.10.25-00.52.45:117][257]LogModuleManager: Shutting down and abandoning module WindowsClientTargetPlatform (73)
[2017.10.25-00.52.45:117][257]LogModuleManager: Shutting down and abandoning module MacTargetPlatform (71)
[2017.10.25-00.52.45:117][257]LogModuleManager: Shutting down and abandoning module MacServerTargetPlatform (69)
[2017.10.25-00.52.45:117][257]LogModuleManager: Shutting down and abandoning module MacNoEditorTargetPlatform (67)
[2017.10.25-00.52.45:117][257]LogModuleManager: Shutting down and abandoning module MacClientTargetPlatform (65)
[2017.10.25-00.52.45:117][257]LogModuleManager: Shutting down and abandoning module AllDesktopTargetPlatform (63)
[2017.10.25-00.52.45:117][257]LogModuleManager: Shutting down and abandoning module InputCore (60)
[2017.10.25-00.52.45:117][257]LogModuleManager: Shutting down and abandoning module Settings (58)
[2017.10.25-00.52.45:117][257]LogModuleManager: Shutting down and abandoning module PhysXCooking (56)
[2017.10.25-00.52.45:117][257]LogModuleManager: Shutting down and abandoning module SteamVR (54)
[2017.10.25-00.52.45:117][257]LogModuleManager: Shutting down and abandoning module OculusHMD (52)
[2017.10.25-00.52.45:117][257]LogModuleManager: Shutting down and abandoning module ExampleDeviceProfileSelector (50)
[2017.10.25-00.52.45:117][257]LogModuleManager: Shutting down and abandoning module OnlineBlueprintSupport (48)
[2017.10.25-00.52.45:117][257]LogModuleManager: Shutting down and abandoning module OnlineSubsystem (44)
[2017.10.25-00.52.45:117][257]LogOnline: Display: Unloading online subsystem: NULL
[2017.10.25-00.52.45:117][257]LogModuleManager: Shutting down and abandoning module XMPP (43)
[2017.10.25-00.52.45:117][257]LogModuleManager: Shutting down and abandoning module HTTP (41)
[2017.10.25-00.52.45:117][257]LogHttp: Display: Http module shutting down, but needs to wait on 1 outstanding Http requests:
[2017.10.25-00.52.45:117][257]LogHttp: Display: 	verb=[POST] url=[https://datarouter.ol.epicgames.com/datarouter/api/v1/public/data?SessionID=%7B7B078FB4-42E0-3978-8EDD-218A0AC49899%7D&AppID=UEEditor.Rocket.Release&AppVersion=4.17.2-3658906%2B%2B%2BUE4%2BRelease-4.17&UserID=0f1b06f744dd524406daf9942190c72d%7Cc1937645ac6944d5afa1a9bcaa1303b1%7C6923ac25-2993-4f60-9935-a5fef3bbb200&AppEnvironment=datacollector-binary&UploadType=eteventstream] status=Processing
[2017.10.25-00.52.45:144][257]LogModuleManager: Shutting down and abandoning module SSL (40)
[2017.10.25-00.52.45:145][257]LogModuleManager: Shutting down and abandoning module AnimationModifiers (36)
[2017.10.25-00.52.45:145][257]LogModuleManager: Shutting down and abandoning module PropertyEditor (35)
[2017.10.25-00.52.45:145][257]LogModuleManager: Shutting down and abandoning module AudioEditor (32)
[2017.10.25-00.52.45:145][257]LogModuleManager: Shutting down and abandoning module TextureCompressor (30)
[2017.10.25-00.52.45:145][257]LogModuleManager: Shutting down and abandoning module ShaderCore (28)
[2017.10.25-00.52.45:145][257]LogModuleManager: Shutting down and abandoning module Landscape (26)
[2017.10.25-00.52.45:145][257]LogModuleManager: Shutting down and abandoning module SlateRHIRenderer (24)
[2017.10.25-00.52.45:148][257]LogModuleManager: Shutting down and abandoning module OpenGLDrv (22)
[2017.10.25-00.52.45:148][257]LogModuleManager: Shutting down and abandoning module D3D11RHI (20)
[2017.10.25-00.52.45:148][257]LogModuleManager: Shutting down and abandoning module AnimGraphRuntime (18)
[2017.10.25-00.52.45:148][257]LogModuleManager: Shutting down and abandoning module Renderer (16)
[2017.10.25-00.52.45:148][257]LogModuleManager: Shutting down and abandoning module Engine (14)
[2017.10.25-00.52.45:148][257]LogModuleManager: Shutting down and abandoning module CoreUObject (12)
[2017.10.25-00.52.45:148][257]LogModuleManager: Shutting down and abandoning module NetworkFile (10)
[2017.10.25-00.52.45:148][257]LogModuleManager: Shutting down and abandoning module CookedIterativeFile (8)
[2017.10.25-00.52.45:148][257]LogModuleManager: Shutting down and abandoning module StreamingFile (6)
[2017.10.25-00.52.45:148][257]LogModuleManager: Shutting down and abandoning module SandboxFile (4)
[2017.10.25-00.52.45:148][257]LogModuleManager: Shutting down and abandoning module PakFile (2)
[2017.10.25-00.52.45:151][257]LogExit: Exiting.
[2017.10.25-00.52.45:164][257]Log file closed, 10/25/17 11:52:45
