Log file open, 10/25/17 15:36:35
LogWindows: Failed to load 'aqProf.dll' (GetLastError=126)
LogWindows: File 'aqProf.dll' does not exist
LogWindows: Failed to load 'VtuneApi.dll' (GetLastError=126)
LogWindows: File 'VtuneApi.dll' does not exist
LogWindows: Failed to load 'VtuneApi32e.dll' (GetLastError=126)
LogWindows: File 'VtuneApi32e.dll' does not exist
LogInit: Display: Running engine for game: MyProject
LogPlatformFile: Not using cached read wrapper
LogInit: Display: RandInit(-1274811261) SRandInit(-1274811261).
LogTaskGraph: Started task graph with 5 named threads and 14 total threads with 3 sets of task threads.
LogStats: Stats thread started at 0.156497
LogD3D11RHI: Aftermath initialized
LogPluginManager: Mounting plugin Paper2D
LogPluginManager: Mounting plugin LightPropagationVolume
LogPluginManager: Mounting plugin CodeLiteSourceCodeAccess
LogPluginManager: Mounting plugin GitSourceControl
LogPluginManager: Mounting plugin KDevelopSourceCodeAccess
LogPluginManager: Mounting plugin NullSourceCodeAccess
LogPluginManager: Mounting plugin PerforceSourceControl
LogPluginManager: Mounting plugin SubversionSourceControl
LogPluginManager: Mounting plugin UObjectPlugin
LogPluginManager: Mounting plugin VisualStudioSourceCodeAccess
LogPluginManager: Mounting plugin XCodeSourceCodeAccess
LogPluginManager: Mounting plugin AssetManagerEditor
LogPluginManager: Mounting plugin AudioCapture
LogPluginManager: Mounting plugin FacialAnimation
LogPluginManager: Mounting plugin GameplayTagsEditor
LogPluginManager: Mounting plugin MobileLauncherProfileWizard
LogPluginManager: Mounting plugin PluginBrowser
LogPluginManager: Mounting plugin SpeedTreeImporter
LogPluginManager: Mounting plugin AlembicImporter
LogPluginManager: Mounting plugin CharacterAI
LogPluginManager: Mounting plugin HTML5Networking
LogPluginManager: Mounting plugin AndroidMedia
LogPluginManager: Mounting plugin AvfMedia
LogPluginManager: Mounting plugin MediaPlayerEditor
LogPluginManager: Mounting plugin WmfMedia
LogPluginManager: Mounting plugin TcpMessaging
LogPluginManager: Mounting plugin UdpMessaging
LogPluginManager: Mounting plugin LevelSequenceEditor
LogPluginManager: Mounting plugin MatineeToLevelSequence
LogPluginManager: Mounting plugin OnlineSubsystemGooglePlay
LogPluginManager: Mounting plugin OnlineSubsystemIOS
LogPluginManager: Mounting plugin OnlineSubsystem
LogPluginManager: Mounting plugin OnlineSubsystemNull
LogPluginManager: Mounting plugin OnlineSubsystemUtils
LogPluginManager: Mounting plugin AndroidDeviceProfileSelector
LogPluginManager: Mounting plugin AndroidMoviePlayer
LogPluginManager: Mounting plugin AndroidPermission
LogPluginManager: Mounting plugin AppleMoviePlayer
LogPluginManager: Mounting plugin ArchVisCharacter
LogPluginManager: Mounting plugin CableComponent
LogPluginManager: Mounting plugin CustomMeshComponent
LogPluginManager: Mounting plugin ExampleDeviceProfileSelector
LogPluginManager: Mounting plugin GoogleCloudMessaging
LogPluginManager: Mounting plugin ImmediatePhysics
LogPluginManager: Mounting plugin IOSDeviceProfileSelector
LogPluginManager: Mounting plugin LinuxDeviceProfileSelector
LogPluginManager: Mounting plugin LocationServicesBPLibrary
LogPluginManager: Mounting plugin MobilePatchingUtils
LogPluginManager: Mounting plugin OculusVR
LogPluginManager: Mounting plugin PhysXVehicles
LogPluginManager: Mounting plugin ProceduralMeshComponent
LogPluginManager: Mounting plugin RuntimePhysXCooking
LogPluginManager: Mounting plugin SteamVR
LogPluginManager: Mounting plugin WindowsMoviePlayer
LogInit: Using libcurl 7.47.1
LogInit:  - built for x86_64-pc-win32
LogInit:  - supports SSL with OpenSSL/1.0.2g
LogInit:  - supports HTTP deflate (compression) using libz 1.2.8
LogInit:  - other features:
LogInit:      CURL_VERSION_SSL
LogInit:      CURL_VERSION_LIBZ
LogInit:      CURL_VERSION_IPV6
LogInit:      CURL_VERSION_ASYNCHDNS
LogInit:      CURL_VERSION_LARGEFILE
LogInit:      CURL_VERSION_IDN
LogInit:  CurlRequestOptions (configurable via config and command line):
LogInit:  - bVerifyPeer = false  - Libcurl will NOT verify peer certificate
LogInit:  - bUseHttpProxy = false  - Libcurl will NOT use HTTP proxy
LogInit:  - bDontReuseConnections = false  - Libcurl will reuse connections
LogInit:  - CertBundlePath = nullptr  - Libcurl will use whatever was configured at build time.
LogInit: Build: ++UE4+Release-4.17-CL-3658906
LogInit: Engine Version: 4.17.2-3658906+++UE4+Release-4.17
LogInit: Compatible Engine Version: 4.17.0-3573198+++UE4+Release-4.17
LogInit: Net CL: 3573198
LogDevObjectVersion: Number of dev versions registered: 16
LogDevObjectVersion:   Dev-Blueprints (B0D832E4-1F89-4F0D-ACCF-7EB736FD4AA2): 10
LogDevObjectVersion:   Dev-Build (E1C64328-A22C-4D53-A36C-8E866417BD8C): 0
LogDevObjectVersion:   Dev-Core (375EC13C-06E4-48FB-B500-84F0262A717E): 2
LogDevObjectVersion:   Dev-Editor (E4B068ED-F494-42E9-A231-DA0B2E46BB41): 20
LogDevObjectVersion:   Dev-Framework (CFFC743F-43B0-4480-9391-14DF171D2073): 28
LogDevObjectVersion:   Dev-Mobile (B02B49B5-BB20-44E9-A304-32B752E40360): 0
LogDevObjectVersion:   Dev-Networking (A4E4105C-59A1-49B5-A7C5-40C4547EDFEE): 0
LogDevObjectVersion:   Dev-Online (39C831C9-5AE6-47DC-9A44-9C173E1C8E7C): 0
LogDevObjectVersion:   Dev-Physics (78F01B33-EBEA-4F98-B9B4-84EACCB95AA2): 0
LogDevObjectVersion:   Dev-Platform (6631380F-2D4D-43E0-8009-CF276956A95A): 0
LogDevObjectVersion:   Dev-Rendering (12F88B9F-8875-4AFC-A67C-D90C383ABD29): 19
LogDevObjectVersion:   Dev-Sequencer (7B5AE74C-D270-4C10-A958-57980B212A5A): 4
LogDevObjectVersion:   Dev-VR (D7296918-1DD6-4BDD-9DE2-64A83CC13884): 0
LogDevObjectVersion:   Dev-LoadTimes (C2A15278-BFE7-4AFE-6C17-90FF531DF755): 1
LogDevObjectVersion:   Private-Geometry (6EACA3D4-40EC-4CC1-B786-8BED09428FC5): 1
LogDevObjectVersion:   Dev-AnimPhys (29E575DD-E0A3-4627-9D10-D276232CDCEA): 7
LogInit: Compiled (64-bit): Sep 22 2017 13:47:16
LogInit: Compiled with Visual C++: 19.00.24215.01
LogInit: Build Configuration: Development
LogInit: Branch Name: ++UE4+Release-4.17
LogInit: Command line: -EpicPortal 
LogInit: Base directory: D:/EpicGames/UE_4.17/Engine/Binaries/Win64/
LogInit: Installed Engine Build: 1
LogInit: Presizing for max 8388607 objects, including 0 objects not considered by GC, pre-allocating 0 bytes for permanent pool.
LogInit: Object subsystem initialized
[2017.10.25-04.36.35:701][  0]LogInit: Selected Device Profile: [Windows]
[2017.10.25-04.36.35:701][  0]LogInit: Applying CVar settings loaded from the selected device profile: [Windows]
[2017.10.25-04.36.35:708][  0]LogInit: Computer: DESKTOP-F1MHD0O
[2017.10.25-04.36.35:708][  0]LogInit: User: User
[2017.10.25-04.36.35:708][  0]LogInit: CPU Page size=4096, Cores=4
[2017.10.25-04.36.35:708][  0]LogInit: High frequency timer resolution =3.515620 MHz
[2017.10.25-04.36.35:709][  0]LogMemory: Memory total: Physical=15.9GB (16GB approx)
[2017.10.25-04.36.35:709][  0]LogMemory: Platform Memory Stats for Windows
[2017.10.25-04.36.35:709][  0]LogMemory: Process Physical Memory: 278.90 MB used, 278.90 MB peak
[2017.10.25-04.36.35:709][  0]LogMemory: Process Virtual Memory: 282.24 MB used, 282.24 MB peak
[2017.10.25-04.36.35:709][  0]LogMemory: Physical Memory: 5931.61 MB used,  10369.24 MB free, 16300.85 MB total
[2017.10.25-04.36.35:709][  0]LogMemory: Virtual Memory: 681.86 MB used,  10369.24 MB free, 134217728.00 MB total
[2017.10.25-04.36.35:805][  0]LogInit: Using OS detected language (en-GB).
[2017.10.25-04.36.35:805][  0]LogInit: Using OS detected locale (en-AU).
[2017.10.25-04.36.35:807][  0]LogTextLocalizationManager: No specific localization for 'en-GB' exists, so the 'en' localization will be used.
[2017.10.25-04.36.36:418][  0]LogD3D11RHI: D3D11 adapters:
[2017.10.25-04.36.37:023][  0]LogD3D11RHI:    0. 'NVIDIA GeForce GTX 780' (Feature Level 11_0)
[2017.10.25-04.36.37:023][  0]LogD3D11RHI:       3039/0/8150 MB DedicatedVideo/DedicatedSystem/SharedSystem, Outputs:1, VendorId:0x10de
[2017.10.25-04.36.37:029][  0]LogD3D11RHI:    1. 'Intel(R) HD Graphics 4600' (Feature Level 11_0)
[2017.10.25-04.36.37:029][  0]LogD3D11RHI:       112/0/2048 MB DedicatedVideo/DedicatedSystem/SharedSystem, Outputs:1, VendorId:0x8086
[2017.10.25-04.36.37:030][  0]LogD3D11RHI:    2. 'Microsoft Basic Render Driver' (Feature Level 11_0)
[2017.10.25-04.36.37:030][  0]LogD3D11RHI:       0/0/8150 MB DedicatedVideo/DedicatedSystem/SharedSystem, Outputs:0, VendorId:0x1414
[2017.10.25-04.36.37:030][  0]LogD3D11RHI: Chosen D3D11 Adapter: 0
[2017.10.25-04.36.37:036][  0]LogD3D11RHI: Creating new Direct3DDevice
[2017.10.25-04.36.37:036][  0]LogD3D11RHI:     GPU DeviceId: 0x1004 (for the marketing name, search the web for "GPU Device Id")
[2017.10.25-04.36.37:036][  0]LogWindows: EnumDisplayDevices:
[2017.10.25-04.36.37:036][  0]LogWindows:    0. 'NVIDIA GeForce GTX 780' (P:1 D:1)
[2017.10.25-04.36.37:036][  0]LogWindows:    1. 'NVIDIA GeForce GTX 780' (P:0 D:0)
[2017.10.25-04.36.37:036][  0]LogWindows:    2. 'NVIDIA GeForce GTX 780' (P:0 D:0)
[2017.10.25-04.36.37:037][  0]LogWindows:    3. 'NVIDIA GeForce GTX 780' (P:0 D:0)
[2017.10.25-04.36.37:037][  0]LogWindows:    4. 'Intel(R) HD Graphics 4600' (P:0 D:1)
[2017.10.25-04.36.37:037][  0]LogWindows:    5. 'Intel(R) HD Graphics 4600' (P:0 D:0)
[2017.10.25-04.36.37:037][  0]LogWindows:    6. 'Intel(R) HD Graphics 4600' (P:0 D:0)
[2017.10.25-04.36.37:037][  0]LogWindows: DebugString: PrimaryIsNotTheChoosenAdapter PrimaryIsNotTheChoosenAdapter PrimaryIsNotTheChoosenAdapter FoundDriverCount:4 
[2017.10.25-04.36.37:037][  0]LogD3D11RHI:     Adapter Name: NVIDIA GeForce GTX 780
[2017.10.25-04.36.37:037][  0]LogD3D11RHI:   Driver Version: 382.05 (internal:22.21.13.8205, unified:382.05)
[2017.10.25-04.36.37:037][  0]LogD3D11RHI:      Driver Date: 5-1-2017
[2017.10.25-04.36.37:037][  0]LogRHI: Texture pool is 1361 MB (70% of 1945 MB)
[2017.10.25-04.36.37:597][  0]LogD3D11RHI: Async texture creation enabled
[2017.10.25-04.36.37:622][  0]LogD3D11RHI: GPU Timing Frequency: 1000.000000 (Debug: 2 1)
[2017.10.25-04.36.37:671][  0]LogShaderCompilers: Guid format shader working directory is 19 characters bigger than the processId version (../../../Projects/InjectEm/Intermediate/Shaders/WorkingDirectory/3700/).
[2017.10.25-04.36.37:671][  0]LogShaderCompilers: Cleaned the shader compiler working directory 'C:/Users/User/AppData/Local/Temp/UnrealShaderWorkingDir/DFEB329C4E1E0CBEE894EBA54A71C36D/'.
[2017.10.25-04.36.37:671][  0]LogShaderCompilers: Display: Using Local Shader Compiler.
[2017.10.25-04.36.38:462][  0]LogTemp: Display: Loaded TP AllDesktopTargetPlatform
[2017.10.25-04.36.38:498][  0]LogTemp: Display: Loaded TP MacClientTargetPlatform
[2017.10.25-04.36.38:533][  0]LogTemp: Display: Loaded TP MacNoEditorTargetPlatform
[2017.10.25-04.36.38:573][  0]LogTemp: Display: Loaded TP MacServerTargetPlatform
[2017.10.25-04.36.38:607][  0]LogTemp: Display: Loaded TP MacTargetPlatform
[2017.10.25-04.36.38:642][  0]LogTemp: Display: Loaded TP WindowsClientTargetPlatform
[2017.10.25-04.36.38:678][  0]LogTemp: Display: Loaded TP WindowsNoEditorTargetPlatform
[2017.10.25-04.36.38:710][  0]LogTemp: Display: Loaded TP WindowsServerTargetPlatform
[2017.10.25-04.36.38:743][  0]LogTemp: Display: Loaded TP WindowsTargetPlatform
[2017.10.25-04.36.38:775][  0]LogTemp: Display: Loaded TP AndroidTargetPlatform
[2017.10.25-04.36.38:812][  0]LogTemp: Display: Loaded TP Android_ASTCTargetPlatform
[2017.10.25-04.36.38:847][  0]LogTemp: Display: Loaded TP Android_ATCTargetPlatform
[2017.10.25-04.36.38:884][  0]LogTemp: Display: Loaded TP Android_DXTTargetPlatform
[2017.10.25-04.36.38:915][  0]LogTemp: Display: Loaded TP Android_ETC1TargetPlatform
[2017.10.25-04.36.38:948][  0]LogTemp: Display: Loaded TP Android_ETC2TargetPlatform
[2017.10.25-04.36.39:018][  0]LogTemp: Display: Loaded TP Android_MultiTargetPlatform
[2017.10.25-04.36.39:018][  0]LogTemp: Display: Loaded TP Android_PVRTCTargetPlatform
[2017.10.25-04.36.39:045][  0]LogTemp: Display: Loaded TP HTML5TargetPlatform
[2017.10.25-04.36.39:113][  0]LogTemp: Display: Loaded TP IOSTargetPlatform
[2017.10.25-04.36.39:138][  0]LogTemp: Display: Loaded TP TVOSTargetPlatform
[2017.10.25-04.36.39:171][  0]LogTemp: Display: Loaded TP LinuxClientTargetPlatform
[2017.10.25-04.36.39:206][  0]LogTemp: Display: Loaded TP LinuxNoEditorTargetPlatform
[2017.10.25-04.36.39:241][  0]LogTemp: Display: Loaded TP LinuxServerTargetPlatform
[2017.10.25-04.36.39:276][  0]LogTemp: Display: Loaded TP LinuxTargetPlatform
[2017.10.25-04.36.39:276][  0]LogTargetPlatformManager: Display: Building Assets For Windows
[2017.10.25-04.36.39:579][  0]LogDerivedDataCache: Display: Max Cache Size: 512 MB
[2017.10.25-04.36.39:670][  0]LogDerivedDataCache: Loaded boot cache 0.09s 93MB C:/Users/User/AppData/Local/UnrealEngine/4.17/DerivedDataCache/Boot.ddc.
[2017.10.25-04.36.39:670][  0]LogDerivedDataCache: Display: Loaded Boot cache: C:/Users/User/AppData/Local/UnrealEngine/4.17/DerivedDataCache/Boot.ddc
[2017.10.25-04.36.39:671][  0]LogDerivedDataCache: FDerivedDataBackendGraph:  Pak pak cache file ../../../Projects/InjectEm/DerivedDataCache/DDC.ddp not found, will not use a pak cache.
[2017.10.25-04.36.39:671][  0]LogDerivedDataCache: Unable to find inner node Pak for hierarchical cache Hierarchy.
[2017.10.25-04.36.39:671][  0]LogDerivedDataCache: FDerivedDataBackendGraph:  CompressedPak pak cache file ../../../Projects/InjectEm/DerivedDataCache/Compressed.ddp not found, will not use a pak cache.
[2017.10.25-04.36.39:671][  0]LogDerivedDataCache: Unable to find inner node CompressedPak for hierarchical cache Hierarchy.
[2017.10.25-04.36.39:686][  0]LogDerivedDataCache: Display: Pak cache opened for reading ../../../Engine/DerivedDataCache/Compressed.ddp.
[2017.10.25-04.36.39:698][  0]LogDerivedDataCache: Using Local data cache path C:/Users/User/AppData/Local/UnrealEngine/Common/DerivedDataCache: Writable
[2017.10.25-04.36.39:707][  0]LogMaterial: Verifying Global Shaders for PCD3D_SM5
[2017.10.25-04.36.39:708][  0]LogSlate: Using Freetype 2.6.0
[2017.10.25-04.36.39:708][  0]LogSlate: SlateFontCache - WITH_FREETYPE: 1, WITH_HARFBUZZ: 1
[2017.10.25-04.36.39:708][  0]LogSlate: SlateFontCache - WITH_FREETYPE: 1, WITH_HARFBUZZ: 1
[2017.10.25-04.36.39:943][  0]LogAssetRegistry: FAssetRegistry took 0.0251 seconds to start up
[2017.10.25-04.36.40:039][  0]LogInit: Selected Device Profile: [Windows]
[2017.10.25-04.36.40:161][  0]LogContentStreaming: Texture pool size is 0.00 MB
[2017.10.25-04.36.40:378][  0]LogSimplygon: Simplygon DLL not present - disabling.
[2017.10.25-04.36.40:404][  0]LogMeshReduction: Using SimplygonSwarm for distributed automatic mesh merging
[2017.10.25-04.36.40:404][  0]LogMeshReduction: Using QuadricMeshReduction for automatic static mesh reduction
[2017.10.25-04.36.40:404][  0]LogMeshReduction: No automatic skeletal mesh reduction module available
[2017.10.25-04.36.40:404][  0]LogMeshReduction: No automatic mesh merging module available
[2017.10.25-04.36.40:404][  0]LogMeshMerging: No automatic mesh merging module available
[2017.10.25-04.36.40:703][  0]LogNetVersion: MyProject , NetCL: 3573198, EngineNetVer: 2, GameNetVer: 0 (Checksum: 3113362612)
[2017.10.25-04.36.40:867][  0]LogPackageLocalizationCache: Processed 5 localized package path(s) for 2 prioritized culture(s) in 0.043606 seconds
[2017.10.25-04.36.40:873][  0]LogUObjectArray: 35825 objects as part of root set at end of initial load.
[2017.10.25-04.36.40:873][  0]LogUObjectAllocator: 7529112 out of 0 bytes used by permanent object pool.
[2017.10.25-04.36.40:873][  0]LogUObjectArray: CloseDisregardForGC: 0/0 objects in disregard for GC pool
[2017.10.25-04.36.40:910][  0]LogInit: WinSock: version 1.1 (2.2), MaxSocks=32767, MaxUdp=65467
[2017.10.25-04.36.42:882][  0]LogTcpMessaging: Initializing TcpMessaging bridge
[2017.10.25-04.36.42:910][  0]LogUdpMessaging: Initializing bridge on interface 0.0.0.0:0 to multicast group 230.0.0.1:6666.
[2017.10.25-04.36.43:334][  0]LogMaterial: Uniform references updated for custom material expression Custom.
[2017.10.25-04.36.43:614][  0]SourceControl: Source control is disabled
[2017.10.25-04.36.43:614][  0]SourceControl: Source control is disabled
[2017.10.25-04.36.43:643][  0]SourceControl: Source control is disabled
[2017.10.25-04.36.43:670][  0]SourceControl: Source control is disabled
[2017.10.25-04.36.44:031][  0]LogAndroidPermission: UAndroidPermissionCallbackProxy::GetInstance
[2017.10.25-04.36.44:194][  0]LogOcInput: OculusInput pre-init called
[2017.10.25-04.36.44:374][  0]LogEngine: Initializing Engine...
[2017.10.25-04.36.44:376][  0]LogHMD: Failed to initialize OpenVR with code 110
[2017.10.25-04.36.44:580][  0]LogStats: UGameplayTagsManager::ConstructGameplayTagTree: Construct from data asset -  0.000 s
[2017.10.25-04.36.44:580][  0]LogStats: UGameplayTagsManager::ConstructGameplayTagTree: GameplayTagTreeChangedEvent.Broadcast -  0.000 s
[2017.10.25-04.36.44:656][  0]LogAIModule: Creating AISystem for world Untitled
[2017.10.25-04.36.44:667][  0]LogInit: XAudio2 using 'DELL S2440L-4 (NVIDIA High Definition Audio)' : 2 channels at 48 kHz using 16 bits per sample (channel mask 0x3)
[2017.10.25-04.36.44:676][  0]LogInit: FAudioDevice initialized.
[2017.10.25-04.36.44:758][  0]LogDerivedDataCache: Saved boot cache 0.08s 93MB C:/Users/User/AppData/Local/UnrealEngine/4.17/DerivedDataCache/Boot.ddc.
[2017.10.25-04.36.44:765][  0]LogInit: Texture streaming: Enabled
[2017.10.25-04.36.44:835][  0]LogEngineSessionManager: EngineSessionManager initialized
[2017.10.25-04.36.44:984][  0]LogInit: Transaction tracking system initialized
[2017.10.25-04.36.45:171][  0]BlueprintLog: New page: Editor Load
[2017.10.25-04.36.45:716][  0]LocalizationService: Localization service is disabled
[2017.10.25-04.36.46:167][  0]LogConsoleResponse: Display: 
[2017.10.25-04.36.46:308][  0]LogFileCache: Scanning file cache for directory 'D:/EpicGames/UE_4.17/Projects/InjectEm/Content/' took 0.01s
[2017.10.25-04.36.46:308][  0]LogCook: Display: Max memory allowance for cook 16384mb min free memory 0mb
[2017.10.25-04.36.46:308][  0]LogCook: Display: Mobile HDR setting 1
[2017.10.25-04.36.46:308][  0]LogGameplayTags: Display: UGameplayTagsManager::DoneAddingNativeTags. DelegateIsBound: 0
[2017.10.25-04.36.46:965][  0]SourceControl: Source control is disabled
[2017.10.25-04.36.46:965][  0]Cmd: MAP LOAD FILE="../../../Engine/Content/Maps/Templates/Template_Default.umap" TEMPLATE=1 SHOWPROGRESS=1 FEATURELEVEL=3
[2017.10.25-04.36.46:965][  0]LightingResults: New page: Lighting Build
[2017.10.25-04.36.46:991][  0]MapCheck: New page: Map Check
[2017.10.25-04.36.46:991][  0]LightingResults: New page: Lighting Build
[2017.10.25-04.36.47:164][  0]LogAIModule: Creating AISystem for world Untitled_1
[2017.10.25-04.36.47:168][  0]LogEditorServer: Finished looking for orphan Actors (0.000 secs)
[2017.10.25-04.36.47:180][  0]Cmd: MAP CHECKDEP NOCLEARLOG
[2017.10.25-04.36.47:212][  0]MapCheck: Map check complete: 0 Error(s), 0 Warning(s), took 31.977ms to complete.
[2017.10.25-04.36.47:212][  0]LogFileHelpers: Loading map 'Template_Default' took 0.247
[2017.10.25-04.36.47:280][  0]LogWindowsTextInputMethodSystem: Display: IME system now deactivated.
[2017.10.25-04.36.47:376][  0]LogCollectionManager: Loaded 0 collections in 0.001242 seconds
[2017.10.25-04.36.47:447][  0]LogFileCache: Scanning file cache for directory 'D:/EpicGames/UE_4.17/Projects/InjectEm/Saved/Collections/' took 0.01s
[2017.10.25-04.36.47:447][  0]LogFileCache: Scanning file cache for directory 'D:/EpicGames/UE_4.17/Projects/InjectEm/Content/Developers/User/Collections/' took 0.01s
[2017.10.25-04.36.47:447][  0]LogFileCache: Scanning file cache for directory 'D:/EpicGames/UE_4.17/Projects/InjectEm/Content/Collections/' took 0.01s
[2017.10.25-04.36.47:447][  0]LogCollectionManager: Rebuilt the GUID cache for 0 collections in 0.000000 seconds
[2017.10.25-04.36.47:456][  0]LogContentBrowser: Native class hierarchy populated in 0.0083 seconds. Added 2386 classes and 500 folders.
[2017.10.25-04.36.47:499][  0]LogContentBrowser: Native class hierarchy updated for 'WidgetCarousel' in 0.0006 seconds. Added 0 classes and 0 folders.
[2017.10.25-04.36.47:533][  0]LogContentBrowser: Native class hierarchy updated for 'AddContentDialog' in 0.0005 seconds. Added 0 classes and 0 folders.
[2017.10.25-04.36.47:566][  0]LogContentBrowser: Native class hierarchy updated for 'SceneOutliner' in 0.0008 seconds. Added 1 classes and 2 folders.
[2017.10.25-04.36.47:590][  0]LogSlate: Took 0.000714 seconds to synchronously load lazily loaded font '../../../Engine/Content/Slate/Fonts/Roboto-Regular.ttf' (155K)
[2017.10.25-04.36.47:593][  0]LogSlate: Took 0.000317 seconds to synchronously load lazily loaded font '../../../Engine/Content/Slate/Fonts/Roboto-Bold.ttf' (160K)
[2017.10.25-04.36.47:603][  0]LogSlate: Took 0.000192 seconds to synchronously load lazily loaded font '../../../Engine/Content/Editor/Slate/Fonts/FontAwesome.ttf' (139K)
[2017.10.25-04.36.47:723][  0]LogRenderer: Reallocating scene render targets to support 1208x728 Format 10 NumSamples 1 (Frame:1).
[2017.10.25-04.36.47:915][  0]LogContentBrowser: Native class hierarchy updated for 'HierarchicalLODOutliner' in 0.0012 seconds. Added 1 classes and 2 folders.
[2017.10.25-04.36.47:916][  0]LogLoad: (Engine Initialization) Total time: 13.33 seconds
[2017.10.25-04.36.47:916][  0]LogLoad: (Engine Initialization) Total Blueprint compile time: 0.00 seconds
[2017.10.25-04.36.47:916][  0]LogExternalProfiler: Found external profiler: VSPerf
[2017.10.25-04.36.47:916][  0]LogExternalProfiler: Using external profiler: VSPerf
[2017.10.25-04.36.47:943][  0]LogAssetRegistry: Asset discovery search completed in 8.0208 seconds
[2017.10.25-04.36.47:945][  0]LogCollectionManager: Rebuilt the object cache for 0 collections in 0.000001 seconds (found 0 objects)
[2017.10.25-04.36.47:945][  0]LogCollectionManager: Fixed up redirectors for 0 collections in 0.000088 seconds (updated 0 objects)
[2017.10.25-04.36.47:948][  0]LogContentStreaming: Texture pool size now 1000 MB
[2017.10.25-04.36.47:986][  0]LogSlate: Took 0.000138 seconds to synchronously load lazily loaded font '../../../Engine/Content/Slate/Fonts/Roboto-Light.ttf' (159K)
[2017.10.25-04.37.18:506][839]LogEditorViewport: Clicking on Actor (LMB): BP_Sky_Sphere_C (Sky Sphere)
[2017.10.25-04.47.32:521][295]LogSlate: Took 0.000170 seconds to synchronously load lazily loaded font '../../../Engine/Content/Slate/Fonts/Roboto-Light.ttf' (159K)
[2017.10.25-04.48.11:465][767]Cmd: OBJ SAVEPACKAGE PACKAGE="/Game/Levels/Test/TestMap" FILE="../../../Projects/InjectEm/Content/Levels/Test/TestMap.umap" SILENT=true AUTOSAVING=false KEEPDIRTY=false
[2017.10.25-04.48.11:539][767]LogSavePackage: Save=40.76ms
[2017.10.25-04.48.11:539][767]LogSavePackage: Moving '../../../Projects/InjectEm/Saved/TestMap5DD2401444946F7BB114B8832EFF430D.tmp' to '../../../Projects/InjectEm/Content/Levels/Test/TestMap.umap'
[2017.10.25-04.48.11:540][767]LogSavePackage: Display: Finished SavePackage ../../../Projects/InjectEm/Content/Levels/Test/TestMap.umap
[2017.10.25-04.48.11:587][767]Cmd: OBJ SAVEPACKAGE PACKAGE="/Game/Levels/Test/TestMap_BuiltData" FILE="../../../Projects/InjectEm/Content/Levels/Test/TestMap_BuiltData.uasset" SILENT=true
[2017.10.25-04.48.11:595][767]LogSavePackage: Save=6.81ms
[2017.10.25-04.48.11:595][767]LogSavePackage: Moving '../../../Projects/InjectEm/Saved/TestMap_BuiltData06FD8A094E9E0AF6B479A6BF1B58B7A7.tmp' to '../../../Projects/InjectEm/Content/Levels/Test/TestMap_BuiltData.uasset'
[2017.10.25-04.48.11:597][767]LogSavePackage: Display: Finished SavePackage ../../../Projects/InjectEm/Content/Levels/Test/TestMap_BuiltData.uasset
[2017.10.25-04.48.11:601][767]LogFileHelpers: Saving map 'TestMap' took 0.759
[2017.10.25-04.48.11:602][767]Cmd: MAP LOAD FILE="../../../Projects/InjectEm/Content/Levels/Test/TestMap.umap" TEMPLATE=0 SHOWPROGRESS=1 FEATURELEVEL=3
[2017.10.25-04.48.11:615][767]LightingResults: New page: Lighting Build
[2017.10.25-04.48.11:616][767]LoadErrors: New page: Loading map: TestMap.umap
[2017.10.25-04.48.11:619][767]MapCheck: New page: Map Check
[2017.10.25-04.48.11:619][767]LightingResults: New page: Lighting Build
[2017.10.25-04.48.11:665][767]LogAIModule: Creating AISystem for world TestMap
[2017.10.25-04.48.11:738][767]LogEditorServer: Finished looking for orphan Actors (0.000 secs)
[2017.10.25-04.48.11:763][767]Cmd: MAP CHECKDEP NOCLEARLOG
[2017.10.25-04.48.11:798][767]MapCheck: Map check complete: 0 Error(s), 0 Warning(s), took 34.381ms to complete.
[2017.10.25-04.48.11:798][767]LogFileHelpers: Loading map 'TestMap' took 0.197
[2017.10.25-04.48.13:740][982]LogAIModule: Creating AISystem for world NewMap
[2017.10.25-04.48.18:163][237]Cmd: MAP LOAD FILE="../../../Projects/InjectEm/Content/Levels/Test/TestMap.umap" TEMPLATE=0 SHOWPROGRESS=1 FEATURELEVEL=3
[2017.10.25-04.48.18:163][237]LightingResults: New page: Lighting Build
[2017.10.25-04.48.18:164][237]LoadErrors: New page: Loading map: TestMap.umap
[2017.10.25-04.48.18:164][237]MapCheck: New page: Map Check
[2017.10.25-04.48.18:164][237]LightingResults: New page: Lighting Build
[2017.10.25-04.48.18:182][237]LogAIModule: Creating AISystem for world TestMap
[2017.10.25-04.48.18:184][237]LogEditorServer: Finished looking for orphan Actors (0.000 secs)
[2017.10.25-04.48.18:209][237]Cmd: MAP CHECKDEP NOCLEARLOG
[2017.10.25-04.48.18:243][237]MapCheck: Map check complete: 0 Error(s), 0 Warning(s), took 34.16ms to complete.
[2017.10.25-04.48.18:244][237]LogFileHelpers: Loading map 'TestMap' took 0.082
[2017.10.25-04.54.51:231][997]LogMetaData: Removing '/Game/Characters/PWN_Main_Character.PWN_Main_Character:UserConstructionScript.K2Node_FunctionEntry_0' ref from Metadata '/Game/Characters/PW.PackageMetaData'
[2017.10.25-04.54.51:231][997]LogMetaData: Removing '/Game/Characters/PWN_Main_Character.SKEL_PWN_Main_Character_C' ref from Metadata '/Game/Characters/PW.PackageMetaData'
[2017.10.25-04.54.51:231][997]LogMetaData: Removing '/Game/Characters/PWN_Main_Character.PWN_Main_Character_C' ref from Metadata '/Game/Characters/PW.PackageMetaData'
[2017.10.25-04.54.51:231][997]LogMetaData: Removing '/Game/Characters/PWN_Main_Character.PWN_Main_Character:EventGraph.K2Node_Event_0' ref from Metadata '/Game/Characters/PW.PackageMetaData'
[2017.10.25-04.54.51:231][997]LogMetaData: Removing '/Game/Characters/PWN_Main_Character.PWN_Main_Character:EventGraph.K2Node_Event_1' ref from Metadata '/Game/Characters/PW.PackageMetaData'
[2017.10.25-04.54.51:231][997]LogMetaData: Removing '/Game/Characters/PWN_Main_Character.PWN_Main_Character:EventGraph.K2Node_Event_2' ref from Metadata '/Game/Characters/PW.PackageMetaData'
[2017.10.25-04.54.51:246][997]Cmd: OBJ SAVEPACKAGE PACKAGE="/Game/Characters/PWN_Main_Character" FILE="../../../Projects/InjectEm/Content/Characters/PWN_Main_Character.uasset" SILENT=true
[2017.10.25-04.54.51:326][997]LogSavePackage: Save=78.19ms
[2017.10.25-04.54.51:326][997]LogSavePackage: Moving '../../../Projects/InjectEm/Saved/PWN_Main_CharacterB034C65A4777F7A7753FA2B400ABB153.tmp' to '../../../Projects/InjectEm/Content/Characters/PWN_Main_Character.uasset'
[2017.10.25-04.54.51:328][997]LogSavePackage: Display: Finished SavePackage ../../../Projects/InjectEm/Content/Characters/PWN_Main_Character.uasset
[2017.10.25-04.54.56:423][528]LogContentBrowser: Native class hierarchy updated for 'BlueprintGraph' in 0.0009 seconds. Added 113 classes and 0 folders.
[2017.10.25-04.54.57:223][528]LogSlate: Took 0.000156 seconds to synchronously load lazily loaded font '../../../Engine/Content/Slate/Fonts/Roboto-Regular.ttf' (155K)
[2017.10.25-04.54.57:674][528]LogRenderer: Reallocating scene render targets to support 1208x744 Format 10 NumSamples 1 (Frame:1).
[2017.10.25-04.54.58:597][602]LogSlate: Took 0.062919 seconds to synchronously load lazily loaded font '../../../Engine/Content/Editor/Slate/Fonts/Roboto-Italic.ttf' (157K)
[2017.10.25-04.56.04:390][134]BlueprintLog: New page: Compile PWN_Main_Character
[2017.10.25-04.56.47:932][314]Cmd: OBJ SAVEPACKAGE PACKAGE="/Game/Characters/PWN_Main_Character" FILE="../../../Projects/InjectEm/Content/Characters/PWN_Main_Character.uasset" SILENT=true
[2017.10.25-04.56.47:989][314]LogSavePackage: Save=15.40ms
[2017.10.25-04.56.47:989][314]LogSavePackage: Moving '../../../Projects/InjectEm/Saved/PWN_Main_CharacterF34896E341CABA18D84DC19C03236AF2.tmp' to '../../../Projects/InjectEm/Content/Characters/PWN_Main_Character.uasset'
[2017.10.25-04.56.47:992][314]LogSavePackage: Display: Finished SavePackage ../../../Projects/InjectEm/Content/Characters/PWN_Main_Character.uasset
[2017.10.25-04.56.53:134][800]BlueprintLog: New page: Compile PWN_Main_Character
[2017.10.25-04.57.01:081][595]LogSlate: Warning: Prevented a slow task dialog from being summoned while a context menu was open
[2017.10.25-04.57.52:172][491]LogTabManager: Warning: Cannot spawn tab because no spawner is registered for 'CompilerResults'
[2017.10.25-04.57.55:043][826]LogSlate: Warning: Prevented a slow task dialog from being summoned while a context menu was open
[2017.10.25-04.58.10:533][646]BlueprintLog: New page: Compile GM_Main_Game
[2017.10.25-04.58.15:638][215]LogEditorViewport: Clicking on Actor (LMB): BP_Sky_Sphere_C (Sky Sphere)
[2017.10.25-04.58.15:828][230]Cmd: OBJ SAVEPACKAGE PACKAGE="/Game/Levels/Test/TestMap" FILE="../../../Projects/InjectEm/Content/Levels/Test/TestMap.umap" SILENT=true AUTOSAVING=false KEEPDIRTY=false
[2017.10.25-04.58.15:864][230]LogSavePackage: Save=18.82ms
[2017.10.25-04.58.15:864][230]LogSavePackage: Moving '../../../Projects/InjectEm/Saved/TestMapB648327E417BE1B3FE705D9EA4C02A5D.tmp' to '../../../Projects/InjectEm/Content/Levels/Test/TestMap.umap'
[2017.10.25-04.58.15:866][230]LogSavePackage: Display: Finished SavePackage ../../../Projects/InjectEm/Content/Levels/Test/TestMap.umap
[2017.10.25-04.58.15:879][230]Cmd: OBJ SAVEPACKAGE PACKAGE="/Game/Levels/Test/TestMap_BuiltData" FILE="../../../Projects/InjectEm/Content/Levels/Test/TestMap_BuiltData.uasset" SILENT=true
[2017.10.25-04.58.15:888][230]LogSavePackage: Save=7.34ms
[2017.10.25-04.58.15:889][230]LogSavePackage: Moving '../../../Projects/InjectEm/Saved/TestMap_BuiltDataEBAF52ED43D6B5DCA986FF8BE47DFD0C.tmp' to '../../../Projects/InjectEm/Content/Levels/Test/TestMap_BuiltData.uasset'
[2017.10.25-04.58.15:890][230]LogSavePackage: Display: Finished SavePackage ../../../Projects/InjectEm/Content/Levels/Test/TestMap_BuiltData.uasset
[2017.10.25-04.58.16:830][339]LogTemp: Repeating last play command: Selected Viewport
[2017.10.25-04.58.16:849][339]LogPlayLevel: PlayLevel: No blueprints needed recompiling
[2017.10.25-04.58.16:875][339]PIE: New page: PIE session: TestMap (26 Oct 2017 2:58:16 am)
[2017.10.25-04.58.16:875][339]LogPlayLevel: Creating play world package: /Game/Levels/Test/UEDPIE_0_TestMap
[2017.10.25-04.58.16:897][339]LogPlayLevel: PIE: StaticDuplicateObject took: (0.021810s)
[2017.10.25-04.58.16:897][339]LogAIModule: Creating AISystem for world TestMap
[2017.10.25-04.58.16:898][339]LogPlayLevel: PIE: World Init took: (0.000643s)
[2017.10.25-04.58.16:898][339]LogPlayLevel: PIE: Created PIE world by copying editor world from /Game/Levels/Test/TestMap.TestMap to /Game/Levels/Test/UEDPIE_0_TestMap.TestMap (0.022701s)
[2017.10.25-04.58.16:920][339]LogInit: XAudio2 using 'DELL S2440L-4 (NVIDIA High Definition Audio)' : 2 channels at 48 kHz using 16 bits per sample (channel mask 0x3)
[2017.10.25-04.58.16:927][339]LogInit: FAudioDevice initialized.
[2017.10.25-04.58.16:990][339]LogLoad: Game class is 'GameModeBase'
[2017.10.25-04.58.17:003][339]LogWorld: Bringing World /Game/Levels/Test/UEDPIE_0_TestMap.TestMap up for play (max tick rate 0) at 2017.10.25-15.58.17
[2017.10.25-04.58.17:011][339]LogWorld: Bringing up level for play took: 0.008707
[2017.10.25-04.58.17:095][339]LogContentBrowser: Native class hierarchy updated for 'MovieSceneCapture' in 0.0007 seconds. Added 11 classes and 0 folders.
[2017.10.25-04.58.17:104][339]PIE: Play in editor start time for /Game/Levels/Test/UEDPIE_0_TestMap -0.232
[2017.10.25-04.58.24:569][969]LogTemp: Executing iPhonePackager certificates Engine -bundlename com.YourCompany.MyProject
[2017.10.25-04.58.24:569][969]LogTemp: CWD: D:\EpicGames\UE_4.17\Engine\Binaries\DotNET\IOS
[2017.10.25-04.58.24:569][969]LogTemp: Initial Dir: D:\EpicGames\UE_4.17
[2017.10.25-04.58.24:569][969]LogTemp: Env CWD: D:\EpicGames\UE_4.17\Engine\Binaries\DotNET\IOS
[2017.10.25-04.58.24:569][969]LogTemp: BranchPath = DESKTOP-F1MHD0O/D/EpicGames/UE_4.17/Engine/Binaries --- GameBranchPath = DESKTOP-F1MHD0O/D/EpicGames/UE_4.17/Engine/Binaries
[2017.10.25-04.58.24:569][969]LogTemp: IPP ERROR: Could not find provision directory 'C:\Users\User\AppData\Local/Apple Computer/MobileDevice/Provisioning Profiles/'.
[2017.10.25-04.58.28:943][443]LogSlate: Took 0.000168 seconds to synchronously load lazily loaded font '../../../Engine/Content/Slate/Fonts/Roboto-Light.ttf' (159K)
[2017.10.25-04.58.33:922][942]LogSlate: Warning: Prevented a slow task dialog from being summoned while a context menu was open
[2017.10.25-04.58.37:486][314]LogEditorViewport: Clicking on Actor (LMB): BP_Sky_Sphere_C (Sky Sphere)
[2017.10.25-04.58.37:722][336]Cmd: OBJ SAVEPACKAGE PACKAGE="/Game/Levels/Test/TestMap" FILE="../../../Projects/InjectEm/Content/Levels/Test/TestMap.umap" SILENT=true AUTOSAVING=false KEEPDIRTY=false
[2017.10.25-04.58.37:756][336]LogSavePackage: Save=17.49ms
[2017.10.25-04.58.37:756][336]LogSavePackage: Moving '../../../Projects/InjectEm/Saved/TestMap943EAF4D45633FE2DF20CBB9D88D65D3.tmp' to '../../../Projects/InjectEm/Content/Levels/Test/TestMap.umap'
[2017.10.25-04.58.37:757][336]LogSavePackage: Display: Finished SavePackage ../../../Projects/InjectEm/Content/Levels/Test/TestMap.umap
[2017.10.25-04.58.37:772][336]Cmd: OBJ SAVEPACKAGE PACKAGE="/Game/Levels/Test/TestMap_BuiltData" FILE="../../../Projects/InjectEm/Content/Levels/Test/TestMap_BuiltData.uasset" SILENT=true
[2017.10.25-04.58.37:779][336]LogSavePackage: Save=5.46ms
[2017.10.25-04.58.37:779][336]LogSavePackage: Moving '../../../Projects/InjectEm/Saved/TestMap_BuiltDataE121EDD149FFA1354ABDB9923CB48564.tmp' to '../../../Projects/InjectEm/Content/Levels/Test/TestMap_BuiltData.uasset'
[2017.10.25-04.58.37:781][336]LogSavePackage: Display: Finished SavePackage ../../../Projects/InjectEm/Content/Levels/Test/TestMap_BuiltData.uasset
[2017.10.25-04.58.38:553][425]LogTemp: Repeating last play command: Selected Viewport
[2017.10.25-04.58.38:563][425]LogPlayLevel: PlayLevel: No blueprints needed recompiling
[2017.10.25-04.58.38:563][425]PIE: New page: PIE session: TestMap (26 Oct 2017 2:58:38 am)
[2017.10.25-04.58.38:563][425]LogPlayLevel: Creating play world package: /Game/Levels/Test/UEDPIE_0_TestMap
[2017.10.25-04.58.38:565][425]LogPlayLevel: PIE: StaticDuplicateObject took: (0.001572s)
[2017.10.25-04.58.38:565][425]LogAIModule: Creating AISystem for world TestMap
[2017.10.25-04.58.38:566][425]LogPlayLevel: PIE: World Init took: (0.000702s)
[2017.10.25-04.58.38:566][425]LogPlayLevel: PIE: Created PIE world by copying editor world from /Game/Levels/Test/TestMap.TestMap to /Game/Levels/Test/UEDPIE_0_TestMap.TestMap (0.002519s)
[2017.10.25-04.58.38:589][425]LogInit: XAudio2 using 'DELL S2440L-4 (NVIDIA High Definition Audio)' : 2 channels at 48 kHz using 16 bits per sample (channel mask 0x3)
[2017.10.25-04.58.38:595][425]LogInit: FAudioDevice initialized.
[2017.10.25-04.58.38:627][425]LogLoad: Game class is 'GM_Main_Game_C'
[2017.10.25-04.58.38:628][425]LogWorld: Bringing World /Game/Levels/Test/UEDPIE_0_TestMap.TestMap up for play (max tick rate 0) at 2017.10.25-15.58.38
[2017.10.25-04.58.38:628][425]LogWorld: Bringing up level for play took: 0.000945
[2017.10.25-04.58.38:630][425]PIE: Play in editor start time for /Game/Levels/Test/UEDPIE_0_TestMap -0.706
[2017.10.25-04.58.51:283][881]LogMetaData: Removing '/Game/Characters/Player/PWN_Main_Character.PWN_Main_Character_C' ref from Metadata '/Game/Characters/PWN_Main_Character.PackageMetaData'
[2017.10.25-04.58.51:283][881]LogMetaData: Removing '/Game/Characters/Player/PWN_Main_Character.PWN_Main_Character_C:UserConstructionScript' ref from Metadata '/Game/Characters/PWN_Main_Character.PackageMetaData'
[2017.10.25-04.58.51:283][881]LogMetaData: Removing '/Game/Characters/Player/PWN_Main_Character.PWN_Main_Character_C:PlayerCollision' ref from Metadata '/Game/Characters/PWN_Main_Character.PackageMetaData'
[2017.10.25-04.58.51:283][881]LogMetaData: Removing '/Game/Characters/Player/PWN_Main_Character.SKEL_PWN_Main_Character_C' ref from Metadata '/Game/Characters/PWN_Main_Character.PackageMetaData'
[2017.10.25-04.58.51:283][881]LogMetaData: Removing '/Game/Characters/Player/PWN_Main_Character.PWN_Main_Character_C:Camera' ref from Metadata '/Game/Characters/PWN_Main_Character.PackageMetaData'
[2017.10.25-04.58.51:283][881]LogMetaData: Removing '/Game/Characters/Player/PWN_Main_Character.PWN_Main_Character_C:DefaultSceneRoot' ref from Metadata '/Game/Characters/PWN_Main_Character.PackageMetaData'
[2017.10.25-04.58.51:283][881]LogMetaData: Removing '/Game/Characters/Player/PWN_Main_Character.PWN_Main_Character:UserConstructionScript.K2Node_FunctionEntry_0' ref from Metadata '/Game/Characters/PWN_Main_Character.PackageMetaData'
[2017.10.25-04.58.51:283][881]LogMetaData: Removing '/Game/Characters/Player/PWN_Main_Character.PWN_Main_Character:EventGraph.K2Node_Event_0' ref from Metadata '/Game/Characters/PWN_Main_Character.PackageMetaData'
[2017.10.25-04.58.51:283][881]LogMetaData: Removing '/Game/Characters/Player/PWN_Main_Character.PWN_Main_Character:EventGraph.K2Node_Event_1' ref from Metadata '/Game/Characters/PWN_Main_Character.PackageMetaData'
[2017.10.25-04.58.51:283][881]LogMetaData: Removing '/Game/Characters/Player/PWN_Main_Character.PWN_Main_Character:EventGraph.K2Node_Event_2' ref from Metadata '/Game/Characters/PWN_Main_Character.PackageMetaData'
[2017.10.25-04.58.51:283][881]LogMetaData: Removing '/Game/Characters/Player/PWN_Main_Character.SKEL_PWN_Main_Character_C:UserConstructionScript' ref from Metadata '/Game/Characters/PWN_Main_Character.PackageMetaData'
[2017.10.25-04.58.51:283][881]LogMetaData: Removing '/Game/Characters/Player/PWN_Main_Character.SKEL_PWN_Main_Character_C:PlayerCollision' ref from Metadata '/Game/Characters/PWN_Main_Character.PackageMetaData'
[2017.10.25-04.58.51:283][881]LogMetaData: Removing '/Game/Characters/Player/PWN_Main_Character.SKEL_PWN_Main_Character_C:Camera' ref from Metadata '/Game/Characters/PWN_Main_Character.PackageMetaData'
[2017.10.25-04.58.51:283][881]LogMetaData: Removing '/Game/Characters/Player/PWN_Main_Character.SKEL_PWN_Main_Character_C:DefaultSceneRoot' ref from Metadata '/Game/Characters/PWN_Main_Character.PackageMetaData'
[2017.10.25-04.58.51:283][881]LogMetaData: Removing '/Game/Characters/Player/PWN_Main_Character.SKEL_PWN_Main_Character_C:ReceiveTick' ref from Metadata '/Game/Characters/PWN_Main_Character.PackageMetaData'
[2017.10.25-04.58.51:283][881]LogMetaData: Removing '/Game/Characters/Player/PWN_Main_Character.SKEL_PWN_Main_Character_C:ReceiveActorBeginOverlap' ref from Metadata '/Game/Characters/PWN_Main_Character.PackageMetaData'
[2017.10.25-04.58.51:283][881]LogMetaData: Removing '/Game/Characters/Player/PWN_Main_Character.SKEL_PWN_Main_Character_C:ReceiveBeginPlay' ref from Metadata '/Game/Characters/PWN_Main_Character.PackageMetaData'
[2017.10.25-04.58.51:312][881]Cmd: OBJ SAVEPACKAGE PACKAGE="/Game/Characters/Player/PWN_Main_Character" FILE="../../../Projects/InjectEm/Content/Characters/Player/PWN_Main_Character.uasset" SILENT=true
[2017.10.25-04.58.51:329][881]LogSavePackage: Save=16.28ms
[2017.10.25-04.58.51:329][881]LogSavePackage: Moving '../../../Projects/InjectEm/Saved/PWN_Main_Character7CEA60F842D01B0FBF0C28A86762DFA7.tmp' to '../../../Projects/InjectEm/Content/Characters/Player/PWN_Main_Character.uasset'
[2017.10.25-04.58.51:332][881]LogSavePackage: Display: Finished SavePackage ../../../Projects/InjectEm/Content/Characters/Player/PWN_Main_Character.uasset
[2017.10.25-04.58.52:782][998]LogSlate: Took 0.083703 seconds to synchronously load lazily loaded font '../../../Engine/Content/Editor/Slate/Fonts/Roboto-BoldCondensed.ttf' (158K)
[2017.10.25-04.59.01:008][649]LogEditorTransaction: Undo Modify Component(s)
[2017.10.25-04.59.24:930][609]BlueprintLog: New page: Compile PWN_Main_Character
[2017.10.25-04.59.25:936][664]LogTemp: Repeating last play command: Selected Viewport
[2017.10.25-04.59.25:948][664]LogPlayLevel: PlayLevel: No blueprints needed recompiling
[2017.10.25-04.59.25:948][664]PIE: New page: PIE session: TestMap (26 Oct 2017 2:59:25 am)
[2017.10.25-04.59.25:948][664]LogPlayLevel: Creating play world package: /Game/Levels/Test/UEDPIE_0_TestMap
[2017.10.25-04.59.25:950][664]LogPlayLevel: PIE: StaticDuplicateObject took: (0.001522s)
[2017.10.25-04.59.25:950][664]LogAIModule: Creating AISystem for world TestMap
[2017.10.25-04.59.25:951][664]LogPlayLevel: PIE: World Init took: (0.000880s)
[2017.10.25-04.59.25:951][664]LogPlayLevel: PIE: Created PIE world by copying editor world from /Game/Levels/Test/TestMap.TestMap to /Game/Levels/Test/UEDPIE_0_TestMap.TestMap (0.002689s)
[2017.10.25-04.59.25:975][664]LogInit: XAudio2 using 'DELL S2440L-4 (NVIDIA High Definition Audio)' : 2 channels at 48 kHz using 16 bits per sample (channel mask 0x3)
[2017.10.25-04.59.25:980][664]LogInit: FAudioDevice initialized.
[2017.10.25-04.59.26:016][664]LogLoad: Game class is 'GM_Main_Game_C'
[2017.10.25-04.59.26:018][664]LogWorld: Bringing World /Game/Levels/Test/UEDPIE_0_TestMap.TestMap up for play (max tick rate 0) at 2017.10.25-15.59.26
[2017.10.25-04.59.26:018][664]LogWorld: Bringing up level for play took: 0.001224
[2017.10.25-04.59.26:019][664]PIE: Play in editor start time for /Game/Levels/Test/UEDPIE_0_TestMap 0.684
[2017.10.25-04.59.30:689][ 27]LogTemp: Repeating last play command: Selected Viewport
[2017.10.25-04.59.30:703][ 27]LogPlayLevel: PlayLevel: No blueprints needed recompiling
[2017.10.25-04.59.30:703][ 27]PIE: New page: PIE session: TestMap (26 Oct 2017 2:59:30 am)
[2017.10.25-04.59.30:703][ 27]LogPlayLevel: Creating play world package: /Game/Levels/Test/UEDPIE_0_TestMap
[2017.10.25-04.59.30:705][ 27]LogPlayLevel: PIE: StaticDuplicateObject took: (0.001582s)
[2017.10.25-04.59.30:706][ 27]LogAIModule: Creating AISystem for world TestMap
[2017.10.25-04.59.30:706][ 27]LogPlayLevel: PIE: World Init took: (0.000896s)
[2017.10.25-04.59.30:706][ 27]LogPlayLevel: PIE: Created PIE world by copying editor world from /Game/Levels/Test/TestMap.TestMap to /Game/Levels/Test/UEDPIE_0_TestMap.TestMap (0.002751s)
[2017.10.25-04.59.30:731][ 27]LogInit: XAudio2 using 'DELL S2440L-4 (NVIDIA High Definition Audio)' : 2 channels at 48 kHz using 16 bits per sample (channel mask 0x3)
[2017.10.25-04.59.30:737][ 27]LogInit: FAudioDevice initialized.
[2017.10.25-04.59.30:773][ 27]LogLoad: Game class is 'GM_Main_Game_C'
[2017.10.25-04.59.30:775][ 27]LogWorld: Bringing World /Game/Levels/Test/UEDPIE_0_TestMap.TestMap up for play (max tick rate 0) at 2017.10.25-15.59.30
[2017.10.25-04.59.30:775][ 27]LogWorld: Bringing up level for play took: 0.001428
[2017.10.25-04.59.30:776][ 27]PIE: Play in editor start time for /Game/Levels/Test/UEDPIE_0_TestMap -0.559
[2017.10.25-04.59.37:481][480]LogEditorViewport: Clicking on Actor (LMB): BP_Sky_Sphere_C (Sky Sphere)
[2017.10.25-04.59.38:212][525]LogTemp: Repeating last play command: Selected Viewport
[2017.10.25-04.59.38:225][525]LogPlayLevel: PlayLevel: No blueprints needed recompiling
[2017.10.25-04.59.38:226][525]PIE: New page: PIE session: TestMap (26 Oct 2017 2:59:38 am)
[2017.10.25-04.59.38:226][525]LogPlayLevel: Creating play world package: /Game/Levels/Test/UEDPIE_0_TestMap
[2017.10.25-04.59.38:227][525]LogPlayLevel: PIE: StaticDuplicateObject took: (0.001448s)
[2017.10.25-04.59.38:228][525]LogAIModule: Creating AISystem for world TestMap
[2017.10.25-04.59.38:228][525]LogPlayLevel: PIE: World Init took: (0.000687s)
[2017.10.25-04.59.38:228][525]LogPlayLevel: PIE: Created PIE world by copying editor world from /Game/Levels/Test/TestMap.TestMap to /Game/Levels/Test/UEDPIE_0_TestMap.TestMap (0.002337s)
[2017.10.25-04.59.38:249][525]LogInit: XAudio2 using 'DELL S2440L-4 (NVIDIA High Definition Audio)' : 2 channels at 48 kHz using 16 bits per sample (channel mask 0x3)
[2017.10.25-04.59.38:255][525]LogInit: FAudioDevice initialized.
[2017.10.25-04.59.38:284][525]LogLoad: Game class is 'GM_Main_Game_C'
[2017.10.25-04.59.38:285][525]LogWorld: Bringing World /Game/Levels/Test/UEDPIE_0_TestMap.TestMap up for play (max tick rate 0) at 2017.10.25-15.59.38
[2017.10.25-04.59.38:286][525]LogWorld: Bringing up level for play took: 0.001187
[2017.10.25-04.59.38:287][525]PIE: Play in editor start time for /Game/Levels/Test/UEDPIE_0_TestMap 0.951
[2017.10.25-04.59.45:305][982]BlueprintLog: New page: Compile PWN_Main_Character
[2017.10.25-04.59.46:224][ 18]LogTemp: Repeating last play command: Selected Viewport
[2017.10.25-04.59.46:238][ 18]LogPlayLevel: PlayLevel: No blueprints needed recompiling
[2017.10.25-04.59.46:238][ 18]PIE: New page: PIE session: TestMap (26 Oct 2017 2:59:46 am)
[2017.10.25-04.59.46:238][ 18]LogPlayLevel: Creating play world package: /Game/Levels/Test/UEDPIE_0_TestMap
[2017.10.25-04.59.46:240][ 18]LogPlayLevel: PIE: StaticDuplicateObject took: (0.001913s)
[2017.10.25-04.59.46:241][ 18]LogAIModule: Creating AISystem for world TestMap
[2017.10.25-04.59.46:241][ 18]LogPlayLevel: PIE: World Init took: (0.001042s)
[2017.10.25-04.59.46:241][ 18]LogPlayLevel: PIE: Created PIE world by copying editor world from /Game/Levels/Test/TestMap.TestMap to /Game/Levels/Test/UEDPIE_0_TestMap.TestMap (0.003250s)
[2017.10.25-04.59.46:265][ 18]LogInit: XAudio2 using 'DELL S2440L-4 (NVIDIA High Definition Audio)' : 2 channels at 48 kHz using 16 bits per sample (channel mask 0x3)
[2017.10.25-04.59.46:272][ 18]LogInit: FAudioDevice initialized.
[2017.10.25-04.59.46:307][ 18]LogLoad: Game class is 'GM_Main_Game_C'
[2017.10.25-04.59.46:309][ 18]LogWorld: Bringing World /Game/Levels/Test/UEDPIE_0_TestMap.TestMap up for play (max tick rate 0) at 2017.10.25-15.59.46
[2017.10.25-04.59.46:309][ 18]LogWorld: Bringing up level for play took: 0.001528
[2017.10.25-04.59.46:311][ 18]PIE: Play in editor start time for /Game/Levels/Test/UEDPIE_0_TestMap 0.975
[2017.10.25-04.59.56:125][635]BlueprintLog: New page: Compile PWN_Main_Character
[2017.10.25-04.59.57:204][683]LogTemp: Repeating last play command: Selected Viewport
[2017.10.25-04.59.57:217][683]LogPlayLevel: PlayLevel: No blueprints needed recompiling
[2017.10.25-04.59.57:217][683]PIE: New page: PIE session: TestMap (26 Oct 2017 2:59:57 am)
[2017.10.25-04.59.57:217][683]LogPlayLevel: Creating play world package: /Game/Levels/Test/UEDPIE_0_TestMap
[2017.10.25-04.59.57:219][683]LogPlayLevel: PIE: StaticDuplicateObject took: (0.001744s)
[2017.10.25-04.59.57:220][683]LogAIModule: Creating AISystem for world TestMap
[2017.10.25-04.59.57:221][683]LogPlayLevel: PIE: World Init took: (0.001437s)
[2017.10.25-04.59.57:221][683]LogPlayLevel: PIE: Created PIE world by copying editor world from /Game/Levels/Test/TestMap.TestMap to /Game/Levels/Test/UEDPIE_0_TestMap.TestMap (0.003540s)
[2017.10.25-04.59.57:243][683]LogInit: XAudio2 using 'DELL S2440L-4 (NVIDIA High Definition Audio)' : 2 channels at 48 kHz using 16 bits per sample (channel mask 0x3)
[2017.10.25-04.59.57:249][683]LogInit: FAudioDevice initialized.
[2017.10.25-04.59.57:283][683]LogLoad: Game class is 'GM_Main_Game_C'
[2017.10.25-04.59.57:285][683]LogWorld: Bringing World /Game/Levels/Test/UEDPIE_0_TestMap.TestMap up for play (max tick rate 0) at 2017.10.25-15.59.57
[2017.10.25-04.59.57:285][683]LogWorld: Bringing up level for play took: 0.001018
[2017.10.25-04.59.57:286][683]PIE: Play in editor start time for /Game/Levels/Test/UEDPIE_0_TestMap -0.049
[2017.10.25-05.00.02:049][ 10]BlueprintLog: New page: Compile PWN_Main_Character
[2017.10.25-05.00.02:991][ 48]LogTemp: Repeating last play command: Selected Viewport
[2017.10.25-05.00.03:004][ 48]LogPlayLevel: PlayLevel: No blueprints needed recompiling
[2017.10.25-05.00.03:005][ 48]PIE: New page: PIE session: TestMap (26 Oct 2017 3:00:03 am)
[2017.10.25-05.00.03:005][ 48]LogPlayLevel: Creating play world package: /Game/Levels/Test/UEDPIE_0_TestMap
[2017.10.25-05.00.03:006][ 48]LogPlayLevel: PIE: StaticDuplicateObject took: (0.001533s)
[2017.10.25-05.00.03:007][ 48]LogAIModule: Creating AISystem for world TestMap
[2017.10.25-05.00.03:007][ 48]LogPlayLevel: PIE: World Init took: (0.000783s)
[2017.10.25-05.00.03:007][ 48]LogPlayLevel: PIE: Created PIE world by copying editor world from /Game/Levels/Test/TestMap.TestMap to /Game/Levels/Test/UEDPIE_0_TestMap.TestMap (0.002548s)
[2017.10.25-05.00.03:030][ 48]LogInit: XAudio2 using 'DELL S2440L-4 (NVIDIA High Definition Audio)' : 2 channels at 48 kHz using 16 bits per sample (channel mask 0x3)
[2017.10.25-05.00.03:036][ 48]LogInit: FAudioDevice initialized.
[2017.10.25-05.00.03:072][ 48]LogLoad: Game class is 'GM_Main_Game_C'
[2017.10.25-05.00.03:073][ 48]LogWorld: Bringing World /Game/Levels/Test/UEDPIE_0_TestMap.TestMap up for play (max tick rate 0) at 2017.10.25-16.00.03
[2017.10.25-05.00.03:074][ 48]LogWorld: Bringing up level for play took: 0.001370
[2017.10.25-05.00.03:075][ 48]PIE: Play in editor start time for /Game/Levels/Test/UEDPIE_0_TestMap -0.26
[2017.10.25-05.00.13:633][795]BlueprintLog: New page: Compile PWN_Main_Character
[2017.10.25-05.00.17:353][ 62]LogEditorViewport: Clicking on Actor (LMB): BP_Sky_Sphere_C (Sky Sphere)
[2017.10.25-05.00.17:570][ 82]Cmd: OBJ SAVEPACKAGE PACKAGE="/Game/Levels/Test/TestMap" FILE="../../../Projects/InjectEm/Content/Levels/Test/TestMap.umap" SILENT=true AUTOSAVING=false KEEPDIRTY=false
[2017.10.25-05.00.17:603][ 82]LogSavePackage: Save=17.52ms
[2017.10.25-05.00.17:603][ 82]LogSavePackage: Moving '../../../Projects/InjectEm/Saved/TestMapF6A0158F44261F702FC3F7AF1155EA0E.tmp' to '../../../Projects/InjectEm/Content/Levels/Test/TestMap.umap'
[2017.10.25-05.00.17:605][ 82]LogSavePackage: Display: Finished SavePackage ../../../Projects/InjectEm/Content/Levels/Test/TestMap.umap
[2017.10.25-05.00.17:620][ 82]Cmd: OBJ SAVEPACKAGE PACKAGE="/Game/Levels/Test/TestMap_BuiltData" FILE="../../../Projects/InjectEm/Content/Levels/Test/TestMap_BuiltData.uasset" SILENT=true
[2017.10.25-05.00.17:627][ 82]LogSavePackage: Save=5.24ms
[2017.10.25-05.00.17:627][ 82]LogSavePackage: Moving '../../../Projects/InjectEm/Saved/TestMap_BuiltData2298232A4C5D5CE41CD948A01265D309.tmp' to '../../../Projects/InjectEm/Content/Levels/Test/TestMap_BuiltData.uasset'
[2017.10.25-05.00.17:628][ 82]LogSavePackage: Display: Finished SavePackage ../../../Projects/InjectEm/Content/Levels/Test/TestMap_BuiltData.uasset
[2017.10.25-05.00.49:997][959]LogEditorViewport: Clicking on Actor (LMB): BP_Sky_Sphere_C (Sky Sphere)
[2017.10.25-05.00.50:316][991]Cmd: OBJ SAVEPACKAGE PACKAGE="/Game/Levels/Test/TestMap" FILE="../../../Projects/InjectEm/Content/Levels/Test/TestMap.umap" SILENT=true AUTOSAVING=false KEEPDIRTY=false
[2017.10.25-05.00.50:351][991]LogSavePackage: Save=17.23ms
[2017.10.25-05.00.50:351][991]LogSavePackage: Moving '../../../Projects/InjectEm/Saved/TestMapDA69E8A34989113D6A3F64B0A54D4312.tmp' to '../../../Projects/InjectEm/Content/Levels/Test/TestMap.umap'
[2017.10.25-05.00.50:353][991]LogSavePackage: Display: Finished SavePackage ../../../Projects/InjectEm/Content/Levels/Test/TestMap.umap
[2017.10.25-05.00.50:369][991]Cmd: OBJ SAVEPACKAGE PACKAGE="/Game/Levels/Test/TestMap_BuiltData" FILE="../../../Projects/InjectEm/Content/Levels/Test/TestMap_BuiltData.uasset" SILENT=true
[2017.10.25-05.00.50:378][991]LogSavePackage: Save=6.65ms
[2017.10.25-05.00.50:378][991]LogSavePackage: Moving '../../../Projects/InjectEm/Saved/TestMap_BuiltData240AA59A4E73F7C0B1E981887608A898.tmp' to '../../../Projects/InjectEm/Content/Levels/Test/TestMap_BuiltData.uasset'
[2017.10.25-05.00.50:379][991]LogSavePackage: Display: Finished SavePackage ../../../Projects/InjectEm/Content/Levels/Test/TestMap_BuiltData.uasset
[2017.10.25-05.00.52:324][ 88]Cmd: OBJ SAVEPACKAGE PACKAGE="/Game/Characters/Player/PWN_Main_Character" FILE="../../../Projects/InjectEm/Content/Characters/Player/PWN_Main_Character.uasset" SILENT=true
[2017.10.25-05.00.52:341][ 88]LogSavePackage: Save=15.59ms
[2017.10.25-05.00.52:341][ 88]LogSavePackage: Moving '../../../Projects/InjectEm/Saved/PWN_Main_CharacterDD93AAFD4ACFC6A2C7C8BA95652B6604.tmp' to '../../../Projects/InjectEm/Content/Characters/Player/PWN_Main_Character.uasset'
[2017.10.25-05.00.52:344][ 88]LogSavePackage: Display: Finished SavePackage ../../../Projects/InjectEm/Content/Characters/Player/PWN_Main_Character.uasset
[2017.10.25-05.00.52:349][ 88]Cmd: OBJ SAVEPACKAGE PACKAGE="/Game/Gameplay/CTR_Main_Controller" FILE="../../../Projects/InjectEm/Content/Gameplay/CTR_Main_Controller.uasset" SILENT=true
[2017.10.25-05.00.52:358][ 88]LogSavePackage: Save=8.00ms
[2017.10.25-05.00.52:358][ 88]LogSavePackage: Moving '../../../Projects/InjectEm/Saved/CTR_Main_Controller608D8DA046F861F6452D4486889EC4D0.tmp' to '../../../Projects/InjectEm/Content/Gameplay/CTR_Main_Controller.uasset'
[2017.10.25-05.00.52:360][ 88]LogSavePackage: Display: Finished SavePackage ../../../Projects/InjectEm/Content/Gameplay/CTR_Main_Controller.uasset
[2017.10.25-05.00.52:365][ 88]Cmd: OBJ SAVEPACKAGE PACKAGE="/Game/Gameplay/GM_Main_Game" FILE="../../../Projects/InjectEm/Content/Gameplay/GM_Main_Game.uasset" SILENT=true
[2017.10.25-05.00.52:375][ 88]LogSavePackage: Save=8.02ms
[2017.10.25-05.00.52:375][ 88]LogSavePackage: Moving '../../../Projects/InjectEm/Saved/GM_Main_GameAA0FB927415FE0B13B8B319CF8C71F86.tmp' to '../../../Projects/InjectEm/Content/Gameplay/GM_Main_Game.uasset'
[2017.10.25-05.00.52:377][ 88]LogSavePackage: Display: Finished SavePackage ../../../Projects/InjectEm/Content/Gameplay/GM_Main_Game.uasset
[2017.10.25-05.00.52:596][ 89]Cmd: QUIT_EDITOR
[2017.10.25-05.00.53:035][ 89]LogWindowsTextInputMethodSystem: Display: IME system now deactivated.
[2017.10.25-05.00.53:054][ 89]LogExit: Preparing to exit.
[2017.10.25-05.00.53:611][ 89]LogDirectoryWatcher: A directory notification for 'D:/EpicGames/UE_4.17/Projects/InjectEm/Content/' was aborted.
[2017.10.25-05.00.53:636][ 89]LogExit: Editor shut down
[2017.10.25-05.00.53:645][ 89]LogExit: Transaction tracking system shut down
[2017.10.25-05.00.53:829][ 89]LogDirectoryWatcher: A directory notification for '../../../Engine/Content/' was aborted.
[2017.10.25-05.00.53:829][ 89]LogDirectoryWatcher: A directory notification for '../../../Projects/InjectEm/Content/' was aborted.
[2017.10.25-05.00.53:829][ 89]LogDirectoryWatcher: A directory notification for '../../../Engine/Plugins/2D/Paper2D/Content/' was aborted.
[2017.10.25-05.00.53:829][ 89]LogDirectoryWatcher: A directory notification for '../../../Engine/Plugins/Runtime/Oculus/OculusVR/Content/' was aborted.
[2017.10.25-05.00.53:829][ 89]LogDirectoryWatcher: A directory notification for '../../../Engine/Plugins/Runtime/Steam/SteamVR/Content/' was aborted.
[2017.10.25-05.00.53:916][ 89]LogExit: Object subsystem successfully closed.
[2017.10.25-05.00.53:940][ 89]LogD3D11RHI: Shutdown
[2017.10.25-05.00.53:940][ 89]LogD3D11RHI: CleanupD3DDevice
[2017.10.25-05.00.54:008][ 89]LogD3D11RHI: ~FD3D11DynamicRHI
[2017.10.25-05.00.54:031][ 89]LogModuleManager: Shutting down and abandoning module ExternalImagePicker (538)
[2017.10.25-05.00.54:031][ 89]LogModuleManager: Shutting down and abandoning module MovieSceneCapture (536)
[2017.10.25-05.00.54:031][ 89]LogModuleManager: Shutting down and abandoning module BlueprintGraph (534)
[2017.10.25-05.00.54:031][ 89]LogModuleManager: Shutting down and abandoning module BlueprintProfiler (532)
[2017.10.25-05.00.54:038][ 89]LogModuleManager: Shutting down and abandoning module HierarchicalLODOutliner (530)
[2017.10.25-05.00.54:038][ 89]LogModuleManager: Shutting down and abandoning module SceneOutliner (528)
[2017.10.25-05.00.54:038][ 89]LogModuleManager: Shutting down and abandoning module AddContentDialog (526)
[2017.10.25-05.00.54:038][ 89]LogDirectoryWatcher: A directory notification for 'D:/EpicGames/UE_4.17/FeaturePacks/' was aborted.
[2017.10.25-05.00.54:039][ 89]LogModuleManager: Shutting down and abandoning module WidgetCarousel (525)
[2017.10.25-05.00.54:039][ 89]LogModuleManager: Shutting down and abandoning module EditorWidgets (522)
[2017.10.25-05.00.54:039][ 89]LogModuleManager: Shutting down and abandoning module CollectionManager (520)
[2017.10.25-05.00.54:039][ 89]LogDirectoryWatcher: A directory notification for 'D:/EpicGames/UE_4.17/Projects/InjectEm/Content/Collections/' was aborted.
[2017.10.25-05.00.54:040][ 89]LogDirectoryWatcher: A directory notification for 'D:/EpicGames/UE_4.17/Projects/InjectEm/Content/Developers/User/Collections/' was aborted.
[2017.10.25-05.00.54:040][ 89]LogDirectoryWatcher: A directory notification for 'D:/EpicGames/UE_4.17/Projects/InjectEm/Saved/Collections/' was aborted.
[2017.10.25-05.00.54:040][ 89]LogModuleManager: Shutting down and abandoning module StatsViewer (518)
[2017.10.25-05.00.54:040][ 89]LogModuleManager: Shutting down and abandoning module FoliageEdit (516)
[2017.10.25-05.00.54:040][ 89]LogModuleManager: Shutting down and abandoning module LandscapeEditor (514)
[2017.10.25-05.00.54:040][ 89]LogModuleManager: Shutting down and abandoning module MeshPaintMode (512)
[2017.10.25-05.00.54:040][ 89]LogModuleManager: Shutting down and abandoning module SceneDepthPickerMode (510)
[2017.10.25-05.00.54:040][ 89]LogModuleManager: Shutting down and abandoning module ActorPickerMode (508)
[2017.10.25-05.00.54:040][ 89]LogModuleManager: Shutting down and abandoning module GeometryMode (506)
[2017.10.25-05.00.54:040][ 89]LogModuleManager: Shutting down and abandoning module TextureAlignMode (504)
[2017.10.25-05.00.54:040][ 89]LogModuleManager: Shutting down and abandoning module BspMode (502)
[2017.10.25-05.00.54:040][ 89]LogModuleManager: Shutting down and abandoning module PIEPreviewDeviceProfileSelector (500)
[2017.10.25-05.00.54:040][ 89]LogModuleManager: Shutting down and abandoning module HardwareSurvey (498)
[2017.10.25-05.00.54:040][ 89]LogModuleManager: Shutting down and abandoning module SequenceRecorderSections (496)
[2017.10.25-05.00.54:040][ 89]LogModuleManager: Shutting down and abandoning module AutomationWorker (494)
[2017.10.25-05.00.54:040][ 89]LogModuleManager: Shutting down and abandoning module MatineeToLevelSequence (492)
[2017.10.25-05.00.54:040][ 89]LogModuleManager: Shutting down and abandoning module LevelSequenceEditor (490)
[2017.10.25-05.00.54:040][ 89]LogModuleManager: Shutting down and abandoning module PlacementMode (489)
[2017.10.25-05.00.54:040][ 89]LogModuleManager: Shutting down and abandoning module WmfMediaFactory (486)
[2017.10.25-05.00.54:040][ 89]LogModuleManager: Shutting down and abandoning module WmfMediaEditor (484)
[2017.10.25-05.00.54:040][ 89]LogModuleManager: Shutting down and abandoning module AvfMediaFactory (482)
[2017.10.25-05.00.54:040][ 89]LogModuleManager: Shutting down and abandoning module AvfMediaEditor (480)
[2017.10.25-05.00.54:040][ 89]LogModuleManager: Shutting down and abandoning module AndroidMediaFactory (478)
[2017.10.25-05.00.54:040][ 89]LogModuleManager: Shutting down and abandoning module Media (477)
[2017.10.25-05.00.54:040][ 89]LogModuleManager: Shutting down and abandoning module AndroidMediaEditor (474)
[2017.10.25-05.00.54:040][ 89]LogModuleManager: Shutting down and abandoning module CharacterAI (472)
[2017.10.25-05.00.54:040][ 89]LogModuleManager: Shutting down and abandoning module AudioCapture (470)
[2017.10.25-05.00.54:040][ 89]LogModuleManager: Shutting down and abandoning module SequenceRecorder (469)
[2017.10.25-05.00.54:040][ 89]LogModuleManager: Shutting down and abandoning module SmartSnapping (466)
[2017.10.25-05.00.54:040][ 89]LogModuleManager: Shutting down and abandoning module SessionServices (464)
[2017.10.25-05.00.54:040][ 89]LogModuleManager: Shutting down and abandoning module ViewportSnapping (462)
[2017.10.25-05.00.54:040][ 89]LogModuleManager: Shutting down and abandoning module ViewportInteraction (460)
[2017.10.25-05.00.54:040][ 89]LogModuleManager: Shutting down and abandoning module ClothPainter (458)
[2017.10.25-05.00.54:040][ 89]LogModuleManager: Shutting down and abandoning module LogVisualizer (456)
[2017.10.25-05.00.54:040][ 89]LogModuleManager: Shutting down and abandoning module IntroTutorials (454)
[2017.10.25-05.00.54:040][ 89]LogModuleManager: Shutting down and abandoning module GameProjectGeneration (453)
[2017.10.25-05.00.54:040][ 89]LogModuleManager: Shutting down and abandoning module IOSPlatformEditor (450)
[2017.10.25-05.00.54:040][ 89]LogModuleManager: Shutting down and abandoning module HTML5PlatformEditor (448)
[2017.10.25-05.00.54:040][ 89]LogModuleManager: Shutting down and abandoning module AndroidPlatformEditor (446)
[2017.10.25-05.00.54:040][ 89]LogModuleManager: Shutting down and abandoning module AndroidDeviceDetection (445)
[2017.10.25-05.00.54:525][ 89]LogModuleManager: Shutting down and abandoning module WindowsPlatformEditor (442)
[2017.10.25-05.00.54:525][ 89]LogModuleManager: Shutting down and abandoning module IOSRuntimeSettings (440)
[2017.10.25-05.00.54:525][ 89]LogModuleManager: Shutting down and abandoning module AndroidRuntimeSettings (438)
[2017.10.25-05.00.54:525][ 89]LogModuleManager: Shutting down and abandoning module InputBindingEditor (436)
[2017.10.25-05.00.54:525][ 89]LogModuleManager: Shutting down and abandoning module MergeActors (434)
[2017.10.25-05.00.54:525][ 89]LogModuleManager: Shutting down and abandoning module SizeMap (432)
[2017.10.25-05.00.54:525][ 89]LogModuleManager: Shutting down and abandoning module TreeMap (430)
[2017.10.25-05.00.54:525][ 89]LogModuleManager: Shutting down and abandoning module ReferenceViewer (428)
[2017.10.25-05.00.54:525][ 89]LogModuleManager: Shutting down and abandoning module LocalizationDashboard (426)
[2017.10.25-05.00.54:525][ 89]LogModuleManager: Shutting down and abandoning module LocalizationService (425)
[2017.10.25-05.00.54:525][ 89]LogModuleManager: Shutting down and abandoning module HardwareTargeting (422)
[2017.10.25-05.00.54:525][ 89]LogModuleManager: Shutting down and abandoning module DeviceProfileEditor (420)
[2017.10.25-05.00.54:525][ 89]LogModuleManager: Shutting down and abandoning module UndoHistory (418)
[2017.10.25-05.00.54:525][ 89]LogModuleManager: Shutting down and abandoning module XmlParser (416)
[2017.10.25-05.00.54:525][ 89]LogModuleManager: Shutting down and abandoning module Blutility (414)
[2017.10.25-05.00.54:525][ 89]LogModuleManager: Shutting down and abandoning module ProjectSettingsViewer (412)
[2017.10.25-05.00.54:526][ 89]LogModuleManager: Shutting down and abandoning module ProjectTargetPlatformEditor (411)
[2017.10.25-05.00.54:526][ 89]LogModuleManager: Shutting down and abandoning module EditorSettingsViewer (408)
[2017.10.25-05.00.54:526][ 89]LogModuleManager: Shutting down and abandoning module SettingsEditor (406)
[2017.10.25-05.00.54:526][ 89]LogModuleManager: Shutting down and abandoning module ProjectLauncher (404)
[2017.10.25-05.00.54:526][ 89]LogModuleManager: Shutting down and abandoning module SessionFrontend (402)
[2017.10.25-05.00.54:526][ 89]LogModuleManager: Shutting down and abandoning module ProfilerClient (400)
[2017.10.25-05.00.54:526][ 89]LogModuleManager: Shutting down and abandoning module DeviceManager (398)
[2017.10.25-05.00.54:526][ 89]LogModuleManager: Shutting down and abandoning module TargetDeviceServices (397)
[2017.10.25-05.00.54:579][ 89]LogModuleManager: Shutting down and abandoning module AutomationController (394)
[2017.10.25-05.00.54:579][ 89]LogModuleManager: Shutting down and abandoning module AutomationWindow (392)
[2017.10.25-05.00.54:579][ 89]LogModuleManager: Shutting down and abandoning module Layers (390)
[2017.10.25-05.00.54:579][ 89]LogModuleManager: Shutting down and abandoning module ComponentVisualizers (388)
[2017.10.25-05.00.54:579][ 89]LogModuleManager: Shutting down and abandoning module DetailCustomizations (386)
[2017.10.25-05.00.54:579][ 89]LogModuleManager: Shutting down and abandoning module PackagesDialog (384)
[2017.10.25-05.00.54:579][ 89]LogModuleManager: Shutting down and abandoning module Persona (382)
[2017.10.25-05.00.54:579][ 89]LogModuleManager: Shutting down and abandoning module AdvancedPreviewScene (381)
[2017.10.25-05.00.54:579][ 89]LogModuleManager: Shutting down and abandoning module AnimGraph (379)
[2017.10.25-05.00.54:579][ 89]LogModuleManager: Shutting down and abandoning module Kismet (376)
[2017.10.25-05.00.54:585][ 89]LogModuleManager: Shutting down and abandoning module ClassViewer (374)
[2017.10.25-05.00.54:587][ 89]LogModuleManager: Shutting down and abandoning module Toolbox (372)
[2017.10.25-05.00.54:587][ 89]LogModuleManager: Shutting down and abandoning module ModuleUI (370)
[2017.10.25-05.00.54:587][ 89]LogModuleManager: Shutting down and abandoning module MovieSceneTools (368)
[2017.10.25-05.00.54:587][ 89]LogModuleManager: Shutting down and abandoning module OutputLog (366)
[2017.10.25-05.00.54:587][ 89]LogModuleManager: Shutting down and abandoning module GammaUI (364)
[2017.10.25-05.00.54:587][ 89]LogModuleManager: Shutting down and abandoning module Documentation (362)
[2017.10.25-05.00.54:587][ 89]LogModuleManager: Shutting down and abandoning module MovieSceneTracks (360)
[2017.10.25-05.00.54:587][ 89]LogModuleManager: Shutting down and abandoning module MovieScene (358)
[2017.10.25-05.00.54:587][ 89]LogModuleManager: Shutting down and abandoning module Niagara (356)
[2017.10.25-05.00.54:587][ 89]LogModuleManager: Shutting down and abandoning module NiagaraEditor (355)
[2017.10.25-05.00.54:587][ 89]LogModuleManager: Shutting down and abandoning module StreamingPauseRendering (352)
[2017.10.25-05.00.54:587][ 89]LogModuleManager: Shutting down and abandoning module LauncherPlatform (350)
[2017.10.25-05.00.54:587][ 89]LogModuleManager: Shutting down and abandoning module AnalyticsET (348)
[2017.10.25-05.00.54:587][ 89]LogModuleManager: Shutting down and abandoning module PortalServices (346)
[2017.10.25-05.00.54:587][ 89]LogModuleManager: Shutting down and abandoning module PortalRpc (344)
[2017.10.25-05.00.54:587][ 89]LogModuleManager: Shutting down and abandoning module MessagingRpc (342)
[2017.10.25-05.00.54:587][ 89]LogModuleManager: Shutting down and abandoning module AIModule (340)
[2017.10.25-05.00.54:587][ 89]LogModuleManager: Shutting down and abandoning module GameplayDebugger (339)
[2017.10.25-05.00.54:587][ 89]LogModuleManager: Shutting down and abandoning module AITestSuite (337)
[2017.10.25-05.00.54:587][ 89]LogModuleManager: Shutting down and abandoning module ProfilerService (334)
[2017.10.25-05.00.54:714][ 89]LogModuleManager: Shutting down and abandoning module TaskGraph (332)
[2017.10.25-05.00.54:714][ 89]LogModuleManager: Shutting down and abandoning module SteamVRController (330)
[2017.10.25-05.00.54:714][ 89]LogModuleManager: Shutting down and abandoning module ProceduralMeshComponentEditor (328)
[2017.10.25-05.00.54:714][ 89]LogModuleManager: Shutting down and abandoning module ProceduralMeshComponent (326)
[2017.10.25-05.00.54:714][ 89]LogModuleManager: Shutting down and abandoning module OculusInput (324)
[2017.10.25-05.00.54:714][ 89]LogModuleManager: Shutting down and abandoning module MobilePatchingUtils (322)
[2017.10.25-05.00.54:714][ 89]LogModuleManager: Shutting down and abandoning module CustomMeshComponent (320)
[2017.10.25-05.00.54:714][ 89]LogModuleManager: Shutting down and abandoning module CableComponent (318)
[2017.10.25-05.00.54:714][ 89]LogModuleManager: Shutting down and abandoning module ArchVisCharacter (316)
[2017.10.25-05.00.54:714][ 89]LogModuleManager: Shutting down and abandoning module AndroidPermission (314)
[2017.10.25-05.00.54:714][ 89]LogModuleManager: Shutting down and abandoning module MediaPlayerEditor (310)
[2017.10.25-05.00.54:714][ 89]LogModuleManager: Shutting down and abandoning module HTML5Networking (308)
[2017.10.25-05.00.54:714][ 89]LogModuleManager: Shutting down and abandoning module AlembicImporter (306)
[2017.10.25-05.00.54:714][ 89]LogModuleManager: Shutting down and abandoning module AlembicLibrary (305)
[2017.10.25-05.00.54:714][ 89]LogModuleManager: Shutting down and abandoning module GeometryCache (304)
[2017.10.25-05.00.54:714][ 89]LogModuleManager: Shutting down and abandoning module GeometryCacheEd (303)
[2017.10.25-05.00.54:714][ 89]LogModuleManager: Shutting down and abandoning module SpeedTreeImporter (298)
[2017.10.25-05.00.54:714][ 89]LogModuleManager: Shutting down and abandoning module PluginBrowser (296)
[2017.10.25-05.00.54:714][ 89]LogModuleManager: Shutting down and abandoning module MobileLauncherProfileWizard (294)
[2017.10.25-05.00.54:714][ 89]LogModuleManager: Shutting down and abandoning module VisualStudioSourceCodeAccess (292)
[2017.10.25-05.00.54:714][ 89]LogModuleManager: Shutting down and abandoning module DesktopPlatform (291)
[2017.10.25-05.00.54:714][ 89]LogModuleManager: Shutting down and abandoning module UObjectPlugin (288)
[2017.10.25-05.00.54:714][ 89]LogModuleManager: Shutting down and abandoning module SubversionSourceControl (286)
[2017.10.25-05.00.54:714][ 89]LogModuleManager: Shutting down and abandoning module PerforceSourceControl (284)
[2017.10.25-05.00.54:714][ 89]LogModuleManager: Shutting down and abandoning module GitSourceControl (282)
[2017.10.25-05.00.54:714][ 89]LogModuleManager: Shutting down and abandoning module SourceControl (281)
[2017.10.25-05.00.54:714][ 89]LogModuleManager: Shutting down and abandoning module LightPropagationVolumeEditor (278)
[2017.10.25-05.00.54:714][ 89]LogModuleManager: Shutting down and abandoning module PaperTiledImporter (276)
[2017.10.25-05.00.54:714][ 89]LogModuleManager: Shutting down and abandoning module PaperSpriteSheetImporter (274)
[2017.10.25-05.00.54:714][ 89]LogModuleManager: Shutting down and abandoning module Paper2DEditor (272)
[2017.10.25-05.00.54:714][ 89]LogModuleManager: Shutting down and abandoning module MeshPaint (271)
[2017.10.25-05.00.54:714][ 89]LogModuleManager: Shutting down and abandoning module LevelEditor (269)
[2017.10.25-05.00.54:715][ 89]LogModuleManager: Shutting down and abandoning module PixelInspectorModule (268)
[2017.10.25-05.00.54:715][ 89]LogModuleManager: Shutting down and abandoning module MainFrame (266)
[2017.10.25-05.00.54:715][ 89]LogModuleManager: Shutting down and abandoning module HotReload (265)
[2017.10.25-05.00.54:715][ 89]LogModuleManager: Shutting down and abandoning module RuntimePhysXCooking (260)
[2017.10.25-05.00.54:715][ 89]LogModuleManager: Shutting down and abandoning module PhysXVehiclesEditor (258)
[2017.10.25-05.00.54:715][ 89]LogModuleManager: Shutting down and abandoning module PhysXVehicles (256)
[2017.10.25-05.00.54:715][ 89]LogModuleManager: Shutting down and abandoning module OculusEditor (254)
[2017.10.25-05.00.54:715][ 89]LogModuleManager: Shutting down and abandoning module LocationServicesBPLibrary (252)
[2017.10.25-05.00.54:715][ 89]LogModuleManager: Shutting down and abandoning module ImmediatePhysicsEditor (250)
[2017.10.25-05.00.54:715][ 89]LogModuleManager: Shutting down and abandoning module ImmediatePhysics (248)
[2017.10.25-05.00.54:715][ 89]LogModuleManager: Shutting down and abandoning module UdpMessaging (246)
[2017.10.25-05.00.54:816][ 89]LogModuleManager: Shutting down and abandoning module TcpMessaging (244)
[2017.10.25-05.00.54:917][ 89]LogModuleManager: Shutting down and abandoning module GameplayTagsEditor (242)
[2017.10.25-05.00.54:917][ 89]LogModuleManager: Shutting down and abandoning module FacialAnimationEditor (240)
[2017.10.25-05.00.54:917][ 89]LogModuleManager: Shutting down and abandoning module FacialAnimation (238)
[2017.10.25-05.00.54:917][ 89]LogModuleManager: Shutting down and abandoning module AssetManagerEditor (236)
[2017.10.25-05.00.54:917][ 89]LogModuleManager: Shutting down and abandoning module GraphEditor (235)
[2017.10.25-05.00.54:917][ 89]LogModuleManager: Shutting down and abandoning module ContentBrowser (233)
[2017.10.25-05.00.54:918][ 89]LogModuleManager: Shutting down and abandoning module LightPropagationVolumeRuntime (230)
[2017.10.25-05.00.54:918][ 89]LogModuleManager: Shutting down and abandoning module Paper2D (228)
[2017.10.25-05.00.54:918][ 89]LogModuleManager: Shutting down and abandoning module WindowsMoviePlayer (226)
[2017.10.25-05.00.54:918][ 89]LogModuleManager: Shutting down and abandoning module WmfMedia (224)
[2017.10.25-05.00.54:918][ 89]LogModuleManager: Shutting down and abandoning module PacketHandler (222)
[2017.10.25-05.00.54:918][ 89]LogModuleManager: Shutting down and abandoning module ClothingSystemEditor (220)
[2017.10.25-05.00.54:918][ 89]LogModuleManager: Shutting down and abandoning module ClothingSystemRuntime (218)
[2017.10.25-05.00.54:918][ 89]LogModuleManager: Shutting down and abandoning module Overlay (216)
[2017.10.25-05.00.54:918][ 89]LogModuleManager: Shutting down and abandoning module OverlayEditor (215)
[2017.10.25-05.00.54:918][ 89]LogModuleManager: Shutting down and abandoning module MediaAssets (212)
[2017.10.25-05.00.54:918][ 89]LogModuleManager: Shutting down and abandoning module VREditor (210)
[2017.10.25-05.00.54:918][ 89]LogModuleManager: Shutting down and abandoning module StringTableEditor (208)
[2017.10.25-05.00.54:918][ 89]LogModuleManager: Shutting down and abandoning module GameplayTasksEditor (206)
[2017.10.25-05.00.54:918][ 89]LogModuleManager: Shutting down and abandoning module BehaviorTreeEditor (204)
[2017.10.25-05.00.54:918][ 89]LogModuleManager: Shutting down and abandoning module FunctionalTesting (202)
[2017.10.25-05.00.54:918][ 89]LogModuleManager: Shutting down and abandoning module CollisionAnalyzer (200)
[2017.10.25-05.00.54:918][ 89]LogModuleManager: Shutting down and abandoning module WorkspaceMenuStructure (199)
[2017.10.25-05.00.54:918][ 89]LogModuleManager: Shutting down and abandoning module UMG (196)
[2017.10.25-05.00.54:918][ 89]LogModuleManager: Shutting down and abandoning module UMGEditor (195)
[2017.10.25-05.00.54:918][ 89]LogModuleManager: Shutting down and abandoning module Sequencer (194)
[2017.10.25-05.00.54:918][ 89]LogModuleManager: Shutting down and abandoning module MessageLog (191)
[2017.10.25-05.00.54:918][ 89]LogModuleManager: Shutting down and abandoning module SlateReflector (186)
[2017.10.25-05.00.54:918][ 89]LogModuleManager: Shutting down and abandoning module Slate (184)
[2017.10.25-05.00.54:918][ 89]LogModuleManager: Shutting down and abandoning module EditorStyle (182)
[2017.10.25-05.00.54:920][ 89]LogModuleManager: Shutting down and abandoning module MRMesh (180)
[2017.10.25-05.00.54:920][ 89]LogModuleManager: Shutting down and abandoning module SourceCodeAccess (178)
[2017.10.25-05.00.54:920][ 89]LogModuleManager: Shutting down and abandoning module HeadMountedDisplay (176)
[2017.10.25-05.00.54:920][ 89]LogModuleManager: Shutting down and abandoning module XAudio2 (174)
[2017.10.25-05.00.54:920][ 89]LogModuleManager: Shutting down and abandoning module Networking (172)
[2017.10.25-05.00.54:920][ 89]LogModuleManager: Shutting down and abandoning module Core (168)
[2017.10.25-05.00.54:920][ 89]LogModuleManager: Shutting down and abandoning module KismetCompiler (164)
[2017.10.25-05.00.54:920][ 89]LogModuleManager: Shutting down and abandoning module LevelSequence (162)
[2017.10.25-05.00.54:920][ 89]LogModuleManager: Shutting down and abandoning module MeshUtilities (160)
[2017.10.25-05.00.54:920][ 89]LogModuleManager: Shutting down and abandoning module MeshMergeUtilities (159)
[2017.10.25-05.00.54:920][ 89]LogModuleManager: Shutting down and abandoning module MeshReductionInterface (158)
[2017.10.25-05.00.54:920][ 89]LogModuleManager: Shutting down and abandoning module SimplygonSwarm (157)
[2017.10.25-05.00.54:920][ 89]LogModuleManager: Shutting down and abandoning module SimplygonMeshReduction (155)
[2017.10.25-05.00.54:920][ 89]LogModuleManager: Shutting down and abandoning module QuadricMeshReduction (153)
[2017.10.25-05.00.54:920][ 89]LogModuleManager: Shutting down and abandoning module MaterialBaking (149)
[2017.10.25-05.00.54:920][ 89]LogModuleManager: Shutting down and abandoning module DirectoryWatcher (146)
[2017.10.25-05.00.54:921][ 89]LogModuleManager: Shutting down and abandoning module DerivedDataCache (144)
[2017.10.25-05.00.54:987][ 89]LogDerivedDataCache: Shutdown
[2017.10.25-05.00.54:987][ 89]LogModuleManager: Shutting down and abandoning module TargetPlatform (142)
[2017.10.25-05.00.54:987][ 89]LogModuleManager: Shutting down and abandoning module VulkanShaderFormat (141)
[2017.10.25-05.00.54:987][ 89]LogModuleManager: Shutting down and abandoning module ShaderFormatVectorVM (139)
[2017.10.25-05.00.54:987][ 89]LogModuleManager: Shutting down and abandoning module ShaderFormatOpenGL (137)
[2017.10.25-05.00.54:987][ 89]LogModuleManager: Shutting down and abandoning module ShaderFormatD3D (135)
[2017.10.25-05.00.54:987][ 89]LogModuleManager: Shutting down and abandoning module MetalShaderFormat (133)
[2017.10.25-05.00.54:987][ 89]LogModuleManager: Shutting down and abandoning module TextureFormatUncompressed (131)
[2017.10.25-05.00.54:987][ 89]LogModuleManager: Shutting down and abandoning module TextureFormatPVR (129)
[2017.10.25-05.00.54:987][ 89]LogModuleManager: Shutting down and abandoning module TextureFormatDXT (127)
[2017.10.25-05.00.54:987][ 89]LogModuleManager: Shutting down and abandoning module TextureFormatIntelISPCTexComp (125)
[2017.10.25-05.00.54:987][ 89]LogModuleManager: Shutting down and abandoning module TextureFormatASTC (123)
[2017.10.25-05.00.54:987][ 89]LogModuleManager: Shutting down and abandoning module ImageWrapper (122)
[2017.10.25-05.00.54:987][ 89]LogModuleManager: Shutting down and abandoning module TextureFormatAndroid (119)
[2017.10.25-05.00.54:987][ 89]LogModuleManager: Shutting down and abandoning module AudioFormatOpus (117)
[2017.10.25-05.00.54:987][ 89]LogModuleManager: Shutting down and abandoning module AudioFormatOgg (115)
[2017.10.25-05.00.54:987][ 89]LogModuleManager: Shutting down and abandoning module AudioFormatADPCM (113)
[2017.10.25-05.00.54:987][ 89]LogModuleManager: Shutting down and abandoning module LinuxTargetPlatform (111)
[2017.10.25-05.00.54:987][ 89]LogModuleManager: Shutting down and abandoning module LinuxServerTargetPlatform (109)
[2017.10.25-05.00.54:987][ 89]LogModuleManager: Shutting down and abandoning module LinuxNoEditorTargetPlatform (107)
[2017.10.25-05.00.54:987][ 89]LogModuleManager: Shutting down and abandoning module LinuxClientTargetPlatform (105)
[2017.10.25-05.00.54:987][ 89]LogModuleManager: Shutting down and abandoning module TVOSTargetPlatform (103)
[2017.10.25-05.00.54:987][ 89]LogModuleManager: Shutting down and abandoning module Messaging (101)
[2017.10.25-05.00.54:987][ 89]LogModuleManager: Shutting down and abandoning module IOSTargetPlatform (99)
[2017.10.25-05.00.54:987][ 89]LogModuleManager: Shutting down and abandoning module HTML5TargetPlatform (97)
[2017.10.25-05.00.54:987][ 89]LogModuleManager: Shutting down and abandoning module Android_PVRTCTargetPlatform (95)
[2017.10.25-05.00.54:987][ 89]LogModuleManager: Shutting down and abandoning module Android_MultiTargetPlatform (93)
[2017.10.25-05.00.54:987][ 89]LogModuleManager: Shutting down and abandoning module Android_ETC2TargetPlatform (91)
[2017.10.25-05.00.54:988][ 89]LogModuleManager: Shutting down and abandoning module Android_ETC1TargetPlatform (89)
[2017.10.25-05.00.54:988][ 89]LogModuleManager: Shutting down and abandoning module Android_DXTTargetPlatform (87)
[2017.10.25-05.00.54:988][ 89]LogModuleManager: Shutting down and abandoning module Android_ATCTargetPlatform (85)
[2017.10.25-05.00.54:988][ 89]LogModuleManager: Shutting down and abandoning module Android_ASTCTargetPlatform (83)
[2017.10.25-05.00.54:988][ 89]LogModuleManager: Shutting down and abandoning module AndroidTargetPlatform (81)
[2017.10.25-05.00.54:988][ 89]LogModuleManager: Shutting down and abandoning module WindowsTargetPlatform (79)
[2017.10.25-05.00.54:988][ 89]LogModuleManager: Shutting down and abandoning module WindowsServerTargetPlatform (77)
[2017.10.25-05.00.54:988][ 89]LogModuleManager: Shutting down and abandoning module WindowsNoEditorTargetPlatform (75)
[2017.10.25-05.00.54:988][ 89]LogModuleManager: Shutting down and abandoning module WindowsClientTargetPlatform (73)
[2017.10.25-05.00.54:988][ 89]LogModuleManager: Shutting down and abandoning module MacTargetPlatform (71)
[2017.10.25-05.00.54:988][ 89]LogModuleManager: Shutting down and abandoning module MacServerTargetPlatform (69)
[2017.10.25-05.00.54:988][ 89]LogModuleManager: Shutting down and abandoning module MacNoEditorTargetPlatform (67)
[2017.10.25-05.00.54:988][ 89]LogModuleManager: Shutting down and abandoning module MacClientTargetPlatform (65)
[2017.10.25-05.00.54:988][ 89]LogModuleManager: Shutting down and abandoning module AllDesktopTargetPlatform (63)
[2017.10.25-05.00.54:988][ 89]LogModuleManager: Shutting down and abandoning module InputCore (60)
[2017.10.25-05.00.54:988][ 89]LogModuleManager: Shutting down and abandoning module Settings (58)
[2017.10.25-05.00.54:988][ 89]LogModuleManager: Shutting down and abandoning module PhysXCooking (56)
[2017.10.25-05.00.54:988][ 89]LogModuleManager: Shutting down and abandoning module SteamVR (54)
[2017.10.25-05.00.54:988][ 89]LogModuleManager: Shutting down and abandoning module OculusHMD (52)
[2017.10.25-05.00.54:988][ 89]LogModuleManager: Shutting down and abandoning module ExampleDeviceProfileSelector (50)
[2017.10.25-05.00.54:988][ 89]LogModuleManager: Shutting down and abandoning module OnlineBlueprintSupport (48)
[2017.10.25-05.00.54:988][ 89]LogModuleManager: Shutting down and abandoning module OnlineSubsystem (44)
[2017.10.25-05.00.54:988][ 89]LogOnline: Display: Unloading online subsystem: NULL
[2017.10.25-05.00.54:988][ 89]LogModuleManager: Shutting down and abandoning module XMPP (43)
[2017.10.25-05.00.54:988][ 89]LogModuleManager: Shutting down and abandoning module HTTP (41)
[2017.10.25-05.00.54:988][ 89]LogHttp: Display: Http module shutting down, but needs to wait on 1 outstanding Http requests:
[2017.10.25-05.00.54:988][ 89]LogHttp: Display: 	verb=[POST] url=[https://datarouter.ol.epicgames.com/datarouter/api/v1/public/data?SessionID=%7BAFC6229E-42E3-894E-D718-BAA1A6150AEE%7D&AppID=UEEditor.Rocket.Release&AppVersion=4.17.2-3658906%2B%2B%2BUE4%2BRelease-4.17&UserID=8313fcad4c11188f8f1f81bf7b3972f6%7C4387ce2eaf75474484f1b9769ba013e5%7C79be0157-1c2f-4fe1-bf81-41c8171b4bc3&AppEnvironment=datacollector-binary&UploadType=eteventstream] status=Processing
[2017.10.25-05.00.54:990][ 89]LogModuleManager: Shutting down and abandoning module SSL (40)
[2017.10.25-05.00.54:991][ 89]LogModuleManager: Shutting down and abandoning module AnimationModifiers (36)
[2017.10.25-05.00.54:991][ 89]LogModuleManager: Shutting down and abandoning module PropertyEditor (35)
[2017.10.25-05.00.54:991][ 89]LogModuleManager: Shutting down and abandoning module AudioEditor (32)
[2017.10.25-05.00.54:991][ 89]LogModuleManager: Shutting down and abandoning module TextureCompressor (30)
[2017.10.25-05.00.54:991][ 89]LogModuleManager: Shutting down and abandoning module ShaderCore (28)
[2017.10.25-05.00.54:991][ 89]LogModuleManager: Shutting down and abandoning module Landscape (26)
[2017.10.25-05.00.54:991][ 89]LogModuleManager: Shutting down and abandoning module SlateRHIRenderer (24)
[2017.10.25-05.00.54:992][ 89]LogModuleManager: Shutting down and abandoning module OpenGLDrv (22)
[2017.10.25-05.00.54:992][ 89]LogModuleManager: Shutting down and abandoning module D3D11RHI (20)
[2017.10.25-05.00.54:992][ 89]LogModuleManager: Shutting down and abandoning module AnimGraphRuntime (18)
[2017.10.25-05.00.54:992][ 89]LogModuleManager: Shutting down and abandoning module Renderer (16)
[2017.10.25-05.00.54:992][ 89]LogModuleManager: Shutting down and abandoning module Engine (14)
[2017.10.25-05.00.54:992][ 89]LogModuleManager: Shutting down and abandoning module CoreUObject (12)
[2017.10.25-05.00.54:992][ 89]LogModuleManager: Shutting down and abandoning module NetworkFile (10)
[2017.10.25-05.00.54:992][ 89]LogModuleManager: Shutting down and abandoning module CookedIterativeFile (8)
[2017.10.25-05.00.54:992][ 89]LogModuleManager: Shutting down and abandoning module StreamingFile (6)
[2017.10.25-05.00.54:992][ 89]LogModuleManager: Shutting down and abandoning module SandboxFile (4)
[2017.10.25-05.00.54:992][ 89]LogModuleManager: Shutting down and abandoning module PakFile (2)
[2017.10.25-05.00.54:995][ 89]LogExit: Exiting.
[2017.10.25-05.00.55:004][ 89]Log file closed, 10/25/17 16:00:55
